<?xml version="1.0" encoding="UTF-8"?>
<robot generator="Rebot 6.1.1 (Python 3.12.1 on win32)" generated="20240211 18:04:58.996" rpa="false" schemaversion="4">
<suite id="s1" name="File2 All GUI Case" source="D:\Personal_Project_Space\Robot_Framework\GUI_Testing\TestCases\File2_All_GUI_Case.robot">
<test id="s1-t1" name="TC_03_part" line="10">
<kw name="Open Browser" library="SeleniumLibrary">
<arg>https://demo.nopcommerce.com/</arg>
<doc>Opens a new browser instance to the optional ``url``.</doc>
<msg timestamp="20240211 17:51:39.937" level="INFO">Opening browser 'firefox' to base url 'https://demo.nopcommerce.com/'.</msg>
<status status="PASS" starttime="20240211 17:51:39.937" endtime="20240211 17:51:47.500"/>
</kw>
<kw name="Get Title" library="SeleniumLibrary">
<var>${Title_page}</var>
<doc>Returns the title of the current page.</doc>
<msg timestamp="20240211 17:51:47.505" level="INFO">${Title_page} = nopCommerce demo store</msg>
<status status="PASS" starttime="20240211 17:51:47.501" endtime="20240211 17:51:47.505"/>
</kw>
<kw name="Log" library="BuiltIn">
<arg>${Title_page}</arg>
<doc>Logs the given message with the given level.</doc>
<msg timestamp="20240211 17:51:47.507" level="INFO">nopCommerce demo store</msg>
<status status="PASS" starttime="20240211 17:51:47.506" endtime="20240211 17:51:47.507"/>
</kw>
<kw name="Title Should Be" library="SeleniumLibrary">
<arg>nopCommerce demo store</arg>
<doc>Verifies that the current page title equals ``title``.</doc>
<msg timestamp="20240211 17:51:47.515" level="INFO">Page title is 'nopCommerce demo store'.</msg>
<status status="PASS" starttime="20240211 17:51:47.507" endtime="20240211 17:51:47.516"/>
</kw>
<kw name="Click Link" library="SeleniumLibrary">
<arg>//*[text()="Log in"]</arg>
<doc>Clicks a link identified by ``locator``.</doc>
<msg timestamp="20240211 17:51:47.517" level="INFO">Clicking link '//*[text()="Log in"]'.</msg>
<status status="PASS" starttime="20240211 17:51:47.516" endtime="20240211 17:51:48.044"/>
</kw>
<kw name="Set Variable" library="BuiltIn">
<var>${email_id}</var>
<arg>//*[@id="Email"]</arg>
<doc>Returns the given values which can then be assigned to a variables.</doc>
<msg timestamp="20240211 17:51:48.045" level="INFO">${email_id} = //*[@id="Email"]</msg>
<status status="PASS" starttime="20240211 17:51:48.044" endtime="20240211 17:51:48.045"/>
</kw>
<kw name="Set Variable" library="BuiltIn">
<var>${email_pass}</var>
<arg>//*[@id="Password"]</arg>
<doc>Returns the given values which can then be assigned to a variables.</doc>
<msg timestamp="20240211 17:51:48.045" level="INFO">${email_pass} = //*[@id="Password"]</msg>
<status status="PASS" starttime="20240211 17:51:48.045" endtime="20240211 17:51:48.045"/>
</kw>
<kw name="Set Variable" library="BuiltIn">
<var>${email_pass_invalid}</var>
<arg>//*[@id="Password"][0]</arg>
<doc>Returns the given values which can then be assigned to a variables.</doc>
<msg timestamp="20240211 17:51:48.046" level="INFO">${email_pass_invalid} = //*[@id="Password"][0]</msg>
<status status="PASS" starttime="20240211 17:51:48.046" endtime="20240211 17:51:48.046"/>
</kw>
<kw name="Element Should Be Enabled" library="SeleniumLibrary">
<arg>${email_id}</arg>
<doc>Verifies that element identified by ``locator`` is enabled.</doc>
<status status="PASS" starttime="20240211 17:51:48.046" endtime="20240211 17:51:48.136"/>
</kw>
<kw name="Element Should Be Visible" library="SeleniumLibrary">
<arg>${email_id}</arg>
<doc>Verifies that the element identified by ``locator`` is visible.</doc>
<msg timestamp="20240211 17:51:48.150" level="INFO">Element '//*[@id="Email"]' is displayed.</msg>
<status status="PASS" starttime="20240211 17:51:48.136" endtime="20240211 17:51:48.150"/>
</kw>
<kw name="Element Should Be Focused" library="SeleniumLibrary">
<arg>${email_id}</arg>
<doc>Verifies that element identified by ``locator`` is focused.</doc>
<status status="PASS" starttime="20240211 17:51:48.150" endtime="20240211 17:51:48.155"/>
</kw>
<kw name="Element Should Be Visible" library="SeleniumLibrary">
<arg>${email_pass}</arg>
<doc>Verifies that the element identified by ``locator`` is visible.</doc>
<msg timestamp="20240211 17:51:48.169" level="INFO">Element '//*[@id="Password"]' is displayed.</msg>
<status status="PASS" starttime="20240211 17:51:48.155" endtime="20240211 17:51:48.169"/>
</kw>
<kw name="Element Should Be Enabled" library="SeleniumLibrary">
<arg>${email_pass}</arg>
<doc>Verifies that element identified by ``locator`` is enabled.</doc>
<status status="PASS" starttime="20240211 17:51:48.169" endtime="20240211 17:51:48.186"/>
</kw>
<kw name="Element Should Not Be Visible" library="SeleniumLibrary">
<arg>${email_pass_invalid}</arg>
<doc>Verifies that the element identified by ``locator`` is NOT visible.</doc>
<msg timestamp="20240211 17:51:48.189" level="INFO">Element '//*[@id="Password"][0]' did not exist.</msg>
<status status="PASS" starttime="20240211 17:51:48.186" endtime="20240211 17:51:48.189"/>
</kw>
<kw name="Input Text" library="SeleniumLibrary">
<arg>${email_id}</arg>
<arg>ajayraut032</arg>
<doc>Types the given ``text`` into the text field identified by ``locator``.</doc>
<msg timestamp="20240211 17:51:48.190" level="INFO">Typing text 'ajayraut032' into text field '//*[@id="Email"]'.</msg>
<status status="PASS" starttime="20240211 17:51:48.189" endtime="20240211 17:51:48.214"/>
</kw>
<kw name="Sleep" library="BuiltIn">
<arg>5s</arg>
<doc>Pauses the test executed for the given time.</doc>
<msg timestamp="20240211 17:51:53.215" level="INFO">Slept 5 seconds</msg>
<status status="PASS" starttime="20240211 17:51:48.214" endtime="20240211 17:51:53.215"/>
</kw>
<kw name="Clear Element Text" library="SeleniumLibrary">
<arg>${email_id}</arg>
<doc>Clears the value of the text-input-element identified by ``locator``.</doc>
<status status="PASS" starttime="20240211 17:51:53.215" endtime="20240211 17:51:53.240"/>
</kw>
<kw name="Sleep" library="BuiltIn">
<arg>5s</arg>
<doc>Pauses the test executed for the given time.</doc>
<msg timestamp="20240211 17:51:58.241" level="INFO">Slept 5 seconds</msg>
<status status="PASS" starttime="20240211 17:51:53.241" endtime="20240211 17:51:58.241"/>
</kw>
<kw name="Close Browser" library="SeleniumLibrary">
<doc>Closes the current browser.</doc>
<status status="PASS" starttime="20240211 17:51:58.241" endtime="20240211 17:52:01.174"/>
</kw>
<status status="PASS" starttime="20240211 17:51:39.935" endtime="20240211 17:52:01.175"/>
</test>
<test id="s1-t2" name="TC_04_Working with radio button and radio boxes" line="38">
<kw name="Open Browser" library="SeleniumLibrary">
<arg>D:\\Personal_Project_Space\\Robot_Framework\\GUI_Testing\\TestCases\\Selenium_Practice_Form.html</arg>
<doc>Opens a new browser instance to the optional ``url``.</doc>
<msg timestamp="20240211 17:52:01.175" level="INFO">Opening browser 'firefox' to base url 'D:\Personal_Project_Space\Robot_Framework\GUI_Testing\TestCases\Selenium_Practice_Form.html'.</msg>
<status status="PASS" starttime="20240211 17:52:01.175" endtime="20240211 17:52:07.187"/>
</kw>
<kw name="Sleep" library="BuiltIn">
<arg>1s</arg>
<doc>Pauses the test executed for the given time.</doc>
<msg timestamp="20240211 17:52:08.190" level="INFO">Slept 1 second</msg>
<status status="PASS" starttime="20240211 17:52:07.187" endtime="20240211 17:52:08.190"/>
</kw>
<kw name="Wait Until Element Is Visible" library="SeleniumLibrary">
<arg>//*[@id="admin"]</arg>
<doc>Waits until the element ``locator`` is visible.</doc>
<status status="PASS" starttime="20240211 17:52:08.190" endtime="20240211 17:52:08.225"/>
</kw>
<kw name="Select Radio Button" library="SeleniumLibrary">
<arg>usertype</arg>
<arg>admin</arg>
<doc>Sets the radio button group ``group_name`` to ``value``.</doc>
<msg timestamp="20240211 17:52:08.226" level="INFO">Selecting 'admin' from radio button 'usertype'.</msg>
<status status="PASS" starttime="20240211 17:52:08.225" endtime="20240211 17:52:08.465"/>
</kw>
<kw name="Sleep" library="BuiltIn">
<arg>1s</arg>
<doc>Pauses the test executed for the given time.</doc>
<msg timestamp="20240211 17:52:09.465" level="INFO">Slept 1 second</msg>
<status status="PASS" starttime="20240211 17:52:08.465" endtime="20240211 17:52:09.465"/>
</kw>
<kw name="Select Radio Button" library="SeleniumLibrary">
<arg>usertype</arg>
<arg>user</arg>
<doc>Sets the radio button group ``group_name`` to ``value``.</doc>
<msg timestamp="20240211 17:52:09.465" level="INFO">Selecting 'user' from radio button 'usertype'.</msg>
<status status="PASS" starttime="20240211 17:52:09.465" endtime="20240211 17:52:09.691"/>
</kw>
<kw name="Sleep" library="BuiltIn">
<arg>1s</arg>
<doc>Pauses the test executed for the given time.</doc>
<msg timestamp="20240211 17:52:10.692" level="INFO">Slept 1 second</msg>
<status status="PASS" starttime="20240211 17:52:09.692" endtime="20240211 17:52:10.692"/>
</kw>
<kw name="Select Checkbox" library="SeleniumLibrary">
<arg>Bike</arg>
<doc>Selects the checkbox identified by ``locator``.</doc>
<msg timestamp="20240211 17:52:10.692" level="INFO">Selecting checkbox 'Bike'.</msg>
<status status="PASS" starttime="20240211 17:52:10.692" endtime="20240211 17:52:10.925"/>
</kw>
<kw name="Select Checkbox" library="SeleniumLibrary">
<arg>//*[@name="vehicle3"]</arg>
<doc>Selects the checkbox identified by ``locator``.</doc>
<msg timestamp="20240211 17:52:10.926" level="INFO">Selecting checkbox '//*[@name="vehicle3"]'.</msg>
<status status="PASS" starttime="20240211 17:52:10.925" endtime="20240211 17:52:11.155"/>
</kw>
<kw name="Sleep" library="BuiltIn">
<arg>2s</arg>
<doc>Pauses the test executed for the given time.</doc>
<msg timestamp="20240211 17:52:13.155" level="INFO">Slept 2 seconds</msg>
<status status="PASS" starttime="20240211 17:52:11.155" endtime="20240211 17:52:13.155"/>
</kw>
<status status="PASS" starttime="20240211 17:52:01.175" endtime="20240211 17:52:13.155"/>
</test>
<test id="s1-t3" name="TC_05 Drop down list select and unselect" line="50">
<kw name="Open Browser" library="SeleniumLibrary">
<arg>D:\\Personal_Project_Space\\Robot_Framework\\GUI_Testing\\TestCases\\Selenium_Practice_Form.html</arg>
<doc>Opens a new browser instance to the optional ``url``.</doc>
<msg timestamp="20240211 17:52:13.155" level="INFO">Opening browser 'firefox' to base url 'D:\Personal_Project_Space\Robot_Framework\GUI_Testing\TestCases\Selenium_Practice_Form.html'.</msg>
<status status="PASS" starttime="20240211 17:52:13.155" endtime="20240211 17:52:18.848"/>
</kw>
<kw name="Sleep" library="BuiltIn">
<arg>2s</arg>
<doc>Pauses the test executed for the given time.</doc>
<msg timestamp="20240211 17:52:20.850" level="INFO">Slept 2 seconds</msg>
<status status="PASS" starttime="20240211 17:52:18.849" endtime="20240211 17:52:20.850"/>
</kw>
<kw name="Select From List By Value" library="SeleniumLibrary">
<arg>//*[@name="country"]</arg>
<arg>Canada</arg>
<doc>Selects options from selection list ``locator`` by ``values``.</doc>
<msg timestamp="20240211 17:52:20.851" level="INFO">Selecting options from selection list '//*[@name="country"]' by value Canada.</msg>
<status status="PASS" starttime="20240211 17:52:20.850" endtime="20240211 17:52:21.156"/>
</kw>
<kw name="Sleep" library="BuiltIn">
<arg>2s</arg>
<doc>Pauses the test executed for the given time.</doc>
<msg timestamp="20240211 17:52:23.158" level="INFO">Slept 2 seconds</msg>
<status status="PASS" starttime="20240211 17:52:21.156" endtime="20240211 17:52:23.158"/>
</kw>
<kw name="Select From List By Label" library="SeleniumLibrary">
<arg>//*[@name="country"]</arg>
<arg>Australia</arg>
<doc>Selects options from selection list ``locator`` by ``labels``.</doc>
<msg timestamp="20240211 17:52:23.160" level="INFO">Selecting options from selection list '//*[@name="country"]' by label Australia.</msg>
<status status="PASS" starttime="20240211 17:52:23.159" endtime="20240211 17:52:23.408"/>
</kw>
<kw name="Sleep" library="BuiltIn">
<arg>2s</arg>
<doc>Pauses the test executed for the given time.</doc>
<msg timestamp="20240211 17:52:25.409" level="INFO">Slept 2 seconds</msg>
<status status="PASS" starttime="20240211 17:52:23.408" endtime="20240211 17:52:25.409"/>
</kw>
<kw name="Select From List By Index" library="SeleniumLibrary">
<arg>//*[@name="country"]</arg>
<arg>0</arg>
<doc>Selects options from selection list ``locator`` by ``indexes``.</doc>
<msg timestamp="20240211 17:52:25.410" level="INFO">Selecting options from selection list '//*[@name="country"]' by index 0.</msg>
<status status="PASS" starttime="20240211 17:52:25.409" endtime="20240211 17:52:25.659"/>
</kw>
<kw name="Sleep" library="BuiltIn">
<arg>2s</arg>
<doc>Pauses the test executed for the given time.</doc>
<msg timestamp="20240211 17:52:27.659" level="INFO">Slept 2 seconds</msg>
<status status="PASS" starttime="20240211 17:52:25.659" endtime="20240211 17:52:27.659"/>
</kw>
<kw name="Select From List By Label" library="SeleniumLibrary">
<arg>//*[@name="Cars"]</arg>
<arg>Ford</arg>
<doc>Selects options from selection list ``locator`` by ``labels``.</doc>
<msg timestamp="20240211 17:52:27.659" level="INFO">Selecting options from selection list '//*[@name="Cars"]' by label Ford.</msg>
<status status="PASS" starttime="20240211 17:52:27.659" endtime="20240211 17:52:27.892"/>
</kw>
<kw name="Sleep" library="BuiltIn">
<arg>2s</arg>
<doc>Pauses the test executed for the given time.</doc>
<msg timestamp="20240211 17:52:29.893" level="INFO">Slept 2 seconds</msg>
<status status="PASS" starttime="20240211 17:52:27.892" endtime="20240211 17:52:29.893"/>
</kw>
<kw name="Unselect From List By Label" library="SeleniumLibrary">
<arg>//*[@name="Cars"]</arg>
<arg>Ford</arg>
<doc>Unselects options from selection list ``locator`` by ``labels``.</doc>
<msg timestamp="20240211 17:52:29.893" level="INFO">Un-selecting options from selection list '//*[@name="Cars"]' by label Ford.</msg>
<status status="PASS" starttime="20240211 17:52:29.893" endtime="20240211 17:52:30.121"/>
</kw>
<kw name="Sleep" library="BuiltIn">
<arg>2s</arg>
<doc>Pauses the test executed for the given time.</doc>
<msg timestamp="20240211 17:52:32.123" level="INFO">Slept 2 seconds</msg>
<status status="PASS" starttime="20240211 17:52:30.121" endtime="20240211 17:52:32.123"/>
</kw>
<kw name="Select From List By Value" library="SeleniumLibrary">
<arg>//*[@name="Cars"]</arg>
<arg>BMW</arg>
<doc>Selects options from selection list ``locator`` by ``values``.</doc>
<msg timestamp="20240211 17:52:32.123" level="INFO">Selecting options from selection list '//*[@name="Cars"]' by value BMW.</msg>
<status status="PASS" starttime="20240211 17:52:32.123" endtime="20240211 17:52:32.360"/>
</kw>
<kw name="Select From List By Value" library="SeleniumLibrary">
<arg>//*[@name="Cars"]</arg>
<arg>Jaguar</arg>
<doc>Selects options from selection list ``locator`` by ``values``.</doc>
<msg timestamp="20240211 17:52:32.361" level="INFO">Selecting options from selection list '//*[@name="Cars"]' by value Jaguar.</msg>
<status status="PASS" starttime="20240211 17:52:32.360" endtime="20240211 17:52:32.618"/>
</kw>
<kw name="Select From List By Value" library="SeleniumLibrary">
<arg>//*[@name="Cars"]</arg>
<arg>Ferrari</arg>
<doc>Selects options from selection list ``locator`` by ``values``.</doc>
<msg timestamp="20240211 17:52:32.619" level="INFO">Selecting options from selection list '//*[@name="Cars"]' by value Ferrari.</msg>
<status status="PASS" starttime="20240211 17:52:32.618" endtime="20240211 17:52:32.858"/>
</kw>
<kw name="Sleep" library="BuiltIn">
<arg>2s</arg>
<doc>Pauses the test executed for the given time.</doc>
<msg timestamp="20240211 17:52:34.858" level="INFO">Slept 2 seconds</msg>
<status status="PASS" starttime="20240211 17:52:32.858" endtime="20240211 17:52:34.858"/>
</kw>
<kw name="Unselect From List By Value" library="SeleniumLibrary">
<arg>//*[@name="Cars"]</arg>
<arg>Ferrari</arg>
<doc>Unselects options from selection list ``locator`` by ``values``.</doc>
<msg timestamp="20240211 17:52:34.859" level="INFO">Un-selecting options from selection list '//*[@name="Cars"]' by value Ferrari.</msg>
<status status="PASS" starttime="20240211 17:52:34.858" endtime="20240211 17:52:35.103"/>
</kw>
<kw name="Unselect From List By Value" library="SeleniumLibrary">
<arg>//*[@name="Cars"]</arg>
<arg>Jaguar</arg>
<doc>Unselects options from selection list ``locator`` by ``values``.</doc>
<msg timestamp="20240211 17:52:35.103" level="INFO">Un-selecting options from selection list '//*[@name="Cars"]' by value Jaguar.</msg>
<status status="PASS" starttime="20240211 17:52:35.103" endtime="20240211 17:52:35.329"/>
</kw>
<kw name="Sleep" library="BuiltIn">
<arg>2s</arg>
<doc>Pauses the test executed for the given time.</doc>
<msg timestamp="20240211 17:52:37.330" level="INFO">Slept 2 seconds</msg>
<status status="PASS" starttime="20240211 17:52:35.329" endtime="20240211 17:52:37.330"/>
</kw>
<status status="PASS" starttime="20240211 17:52:13.155" endtime="20240211 17:52:37.330"/>
</test>
<test id="s1-t4" name="TC_06 waits_Selenium Timeout" line="75">
<kw name="Open Browser" library="SeleniumLibrary">
<arg>https://demowebshop.tricentis.com/</arg>
<doc>Opens a new browser instance to the optional ``url``.</doc>
<msg timestamp="20240211 17:52:37.332" level="INFO">Opening browser 'firefox' to base url 'https://demowebshop.tricentis.com/'.</msg>
<status status="PASS" starttime="20240211 17:52:37.331" endtime="20240211 17:52:52.852"/>
</kw>
<kw name="Maximize Browser Window" library="SeleniumLibrary">
<doc>Maximizes current browser window.</doc>
<status status="PASS" starttime="20240211 17:52:52.852" endtime="20240211 17:52:52.856"/>
</kw>
<kw name="Wait Until Element Is Visible" library="SeleniumLibrary">
<arg>//*[text()='Register']</arg>
<doc>Waits until the element ``locator`` is visible.</doc>
<status status="PASS" starttime="20240211 17:52:52.856" endtime="20240211 17:52:52.889"/>
</kw>
<kw name="Click Element" library="SeleniumLibrary">
<arg>//*[text()='Register']</arg>
<doc>Click the element identified by ``locator``.</doc>
<msg timestamp="20240211 17:52:52.890" level="INFO">Clicking element '//*[text()='Register']'.</msg>
<status status="PASS" starttime="20240211 17:52:52.889" endtime="20240211 17:52:53.908"/>
</kw>
<kw name="Set Selenium Timeout" library="SeleniumLibrary">
<arg>15s</arg>
<doc>Sets the timeout that is used by various keywords.</doc>
<status status="PASS" starttime="20240211 17:52:53.908" endtime="20240211 17:52:53.916"/>
</kw>
<kw name="Get Selenium Timeout" library="SeleniumLibrary">
<var>${default_timeout}</var>
<doc>Gets the timeout that is used by various keywords.</doc>
<msg timestamp="20240211 17:52:53.917" level="INFO">${default_timeout} = 15 seconds</msg>
<status status="PASS" starttime="20240211 17:52:53.916" endtime="20240211 17:52:53.917"/>
</kw>
<kw name="Log" library="BuiltIn">
<arg>${default_timeout}</arg>
<doc>Logs the given message with the given level.</doc>
<msg timestamp="20240211 17:52:53.917" level="INFO">15 seconds</msg>
<status status="PASS" starttime="20240211 17:52:53.917" endtime="20240211 17:52:53.917"/>
</kw>
<kw name="Wait Until Page Contains" library="SeleniumLibrary">
<arg>Registers</arg>
<doc>Waits until ``text`` appears on the current page.</doc>
<msg timestamp="20240211 17:53:09.107" level="INFO" html="true">&lt;/td&gt;&lt;/tr&gt;&lt;tr&gt;&lt;td colspan="3"&gt;&lt;a href="0-selenium-screenshot-1.png"&gt;&lt;img src="0-selenium-screenshot-1.png" width="800px"&gt;&lt;/a&gt;</msg>
<msg timestamp="20240211 17:53:09.107" level="FAIL">Text 'Registers' did not appear in 15 seconds.</msg>
<status status="FAIL" starttime="20240211 17:52:53.917" endtime="20240211 17:53:09.109"/>
</kw>
<kw name="Input Text" library="SeleniumLibrary">
<arg>id=FirstName</arg>
<arg>Ajay</arg>
<doc>Types the given ``text`` into the text field identified by ``locator``.</doc>
<status status="NOT RUN" starttime="20240211 17:53:09.109" endtime="20240211 17:53:09.109"/>
</kw>
<kw name="Input Password" library="SeleniumLibrary">
<arg>//*[@id="LastName"]</arg>
<arg>Raut</arg>
<doc>Types the given password into the text field identified by ``locator``.</doc>
<status status="NOT RUN" starttime="20240211 17:53:09.109" endtime="20240211 17:53:09.109"/>
</kw>
<kw name="Input Text" library="SeleniumLibrary">
<arg>//*[@id="Email"]</arg>
<arg>ajay@gmail.com</arg>
<doc>Types the given ``text`` into the text field identified by ``locator``.</doc>
<status status="NOT RUN" starttime="20240211 17:53:09.110" endtime="20240211 17:53:09.110"/>
</kw>
<kw name="Input Text" library="SeleniumLibrary">
<arg>//*[@name="Password"]</arg>
<arg>Ajay111222@</arg>
<doc>Types the given ``text`` into the text field identified by ``locator``.</doc>
<status status="NOT RUN" starttime="20240211 17:53:09.110" endtime="20240211 17:53:09.110"/>
</kw>
<kw name="Input Text" library="SeleniumLibrary">
<arg>//*[@name="ConfirmPassword"]</arg>
<arg>Ajay111222@</arg>
<doc>Types the given ``text`` into the text field identified by ``locator``.</doc>
<status status="NOT RUN" starttime="20240211 17:53:09.110" endtime="20240211 17:53:09.110"/>
</kw>
<kw name="Close Browser" library="SeleniumLibrary">
<doc>Closes the current browser.</doc>
<status status="NOT RUN" starttime="20240211 17:53:09.110" endtime="20240211 17:53:09.110"/>
</kw>
<status status="FAIL" starttime="20240211 17:52:37.331" endtime="20240211 17:53:09.110">Text 'Registers' did not appear in 15 seconds.</status>
</test>
<test id="s1-t5" name="TC_06 waits_Implicite Wait" line="96">
<kw name="Open Browser" library="SeleniumLibrary">
<arg>https://demowebshop.tricentis.com/</arg>
<doc>Opens a new browser instance to the optional ``url``.</doc>
<msg timestamp="20240211 17:53:09.111" level="INFO">Opening browser 'firefox' to base url 'https://demowebshop.tricentis.com/'.</msg>
<status status="PASS" starttime="20240211 17:53:09.111" endtime="20240211 17:53:18.178"/>
</kw>
<kw name="Maximize Browser Window" library="SeleniumLibrary">
<doc>Maximizes current browser window.</doc>
<status status="PASS" starttime="20240211 17:53:18.178" endtime="20240211 17:53:18.180"/>
</kw>
<kw name="Set Selenium Implicit Wait" library="SeleniumLibrary">
<arg>10s</arg>
<doc>Sets the implicit wait value used by Selenium.</doc>
<status status="PASS" starttime="20240211 17:53:18.181" endtime="20240211 17:53:18.189"/>
</kw>
<kw name="Get Selenium Implicit Wait" library="SeleniumLibrary">
<var>${implicite_wait}</var>
<doc>Gets the implicit wait value used by Selenium.</doc>
<msg timestamp="20240211 17:53:18.189" level="INFO">${implicite_wait} = 10 seconds</msg>
<status status="PASS" starttime="20240211 17:53:18.189" endtime="20240211 17:53:18.189"/>
</kw>
<kw name="Log" library="BuiltIn">
<arg>${implicite_wait}</arg>
<doc>Logs the given message with the given level.</doc>
<msg timestamp="20240211 17:53:18.189" level="INFO">10 seconds</msg>
<status status="PASS" starttime="20240211 17:53:18.189" endtime="20240211 17:53:18.190"/>
</kw>
<kw name="Wait Until Element Is Visible" library="SeleniumLibrary">
<arg>//*[text()='Register']</arg>
<doc>Waits until the element ``locator`` is visible.</doc>
<status status="PASS" starttime="20240211 17:53:18.190" endtime="20240211 17:53:18.227"/>
</kw>
<kw name="Click Element" library="SeleniumLibrary">
<arg>//*[text()='Register']</arg>
<doc>Click the element identified by ``locator``.</doc>
<msg timestamp="20240211 17:53:18.228" level="INFO">Clicking element '//*[text()='Register']'.</msg>
<status status="PASS" starttime="20240211 17:53:18.228" endtime="20240211 17:53:18.648"/>
</kw>
<kw name="Wait Until Element Is Visible" library="SeleniumLibrary">
<arg>//*[@id="Email"]</arg>
<doc>Waits until the element ``locator`` is visible.</doc>
<status status="PASS" starttime="20240211 17:53:18.648" endtime="20240211 17:53:18.666"/>
</kw>
<kw name="Input Text" library="SeleniumLibrary">
<arg>id=FirstName</arg>
<arg>Ajay</arg>
<doc>Types the given ``text`` into the text field identified by ``locator``.</doc>
<msg timestamp="20240211 17:53:18.667" level="INFO">Typing text 'Ajay' into text field 'id=FirstName'.</msg>
<status status="PASS" starttime="20240211 17:53:18.666" endtime="20240211 17:53:18.732"/>
</kw>
<kw name="Input Password" library="SeleniumLibrary">
<arg>//*[@id="LastName"]</arg>
<arg>Raut</arg>
<doc>Types the given password into the text field identified by ``locator``.</doc>
<msg timestamp="20240211 17:53:18.732" level="INFO">Typing password into text field '//*[@id="LastName"]'.</msg>
<msg timestamp="20240211 17:53:18.739" level="INFO">Temporally setting log level to: NONE</msg>
<msg timestamp="20240211 17:53:18.754" level="INFO">Log level changed from NONE to INFO.</msg>
<status status="PASS" starttime="20240211 17:53:18.732" endtime="20240211 17:53:18.754"/>
</kw>
<kw name="Input Text" library="SeleniumLibrary">
<arg>//*[@id="Email"]</arg>
<arg>ajay@gmail.com</arg>
<doc>Types the given ``text`` into the text field identified by ``locator``.</doc>
<msg timestamp="20240211 17:53:18.755" level="INFO">Typing text 'ajay@gmail.com' into text field '//*[@id="Email"]'.</msg>
<status status="PASS" starttime="20240211 17:53:18.755" endtime="20240211 17:53:18.775"/>
</kw>
<kw name="Input Text" library="SeleniumLibrary">
<arg>//*[@name="Password"]</arg>
<arg>Ajay111222@</arg>
<doc>Types the given ``text`` into the text field identified by ``locator``.</doc>
<msg timestamp="20240211 17:53:18.776" level="INFO">Typing text 'Ajay111222@' into text field '//*[@name="Password"]'.</msg>
<status status="PASS" starttime="20240211 17:53:18.775" endtime="20240211 17:53:18.799"/>
</kw>
<kw name="Input Text" library="SeleniumLibrary">
<arg>//*[@name="ConfirmPasswords"]</arg>
<arg>Ajay111222@</arg>
<doc>Types the given ``text`` into the text field identified by ``locator``.</doc>
<msg timestamp="20240211 17:53:18.800" level="INFO">Typing text 'Ajay111222@' into text field '//*[@name="ConfirmPasswords"]'.</msg>
<msg timestamp="20240211 17:53:28.923" level="INFO" html="true">&lt;/td&gt;&lt;/tr&gt;&lt;tr&gt;&lt;td colspan="3"&gt;&lt;a href="0-selenium-screenshot-2.png"&gt;&lt;img src="0-selenium-screenshot-2.png" width="800px"&gt;&lt;/a&gt;</msg>
<msg timestamp="20240211 17:53:28.923" level="FAIL">Element with locator '//*[@name="ConfirmPasswords"]' not found.</msg>
<status status="FAIL" starttime="20240211 17:53:18.799" endtime="20240211 17:53:28.925"/>
</kw>
<kw name="Close Browser" library="SeleniumLibrary">
<doc>Closes the current browser.</doc>
<status status="NOT RUN" starttime="20240211 17:53:28.925" endtime="20240211 17:53:28.926"/>
</kw>
<status status="FAIL" starttime="20240211 17:53:09.111" endtime="20240211 17:53:28.926">Element with locator '//*[@name="ConfirmPasswords"]' not found.</status>
</test>
<test id="s1-t6" name="TC_06 waits_selemnium_Speed" line="116">
<kw name="Open Browser" library="SeleniumLibrary">
<arg>https://demowebshop.tricentis.com/</arg>
<doc>Opens a new browser instance to the optional ``url``.</doc>
<msg timestamp="20240211 17:53:28.927" level="INFO">Opening browser 'firefox' to base url 'https://demowebshop.tricentis.com/'.</msg>
<status status="PASS" starttime="20240211 17:53:28.926" endtime="20240211 17:53:37.320"/>
</kw>
<kw name="Maximize Browser Window" library="SeleniumLibrary">
<doc>Maximizes current browser window.</doc>
<status status="PASS" starttime="20240211 17:53:37.320" endtime="20240211 17:53:37.323"/>
</kw>
<kw name="Set Selenium Speed" library="SeleniumLibrary">
<arg>2 seconds</arg>
<doc>Sets the delay that is waited after each Selenium command.</doc>
<status status="PASS" starttime="20240211 17:53:37.323" endtime="20240211 17:53:37.324"/>
</kw>
<kw name="Wait Until Element Is Visible" library="SeleniumLibrary">
<arg>//*[text()='Register']</arg>
<doc>Waits until the element ``locator`` is visible.</doc>
<status status="PASS" starttime="20240211 17:53:37.324" endtime="20240211 17:53:41.384"/>
</kw>
<kw name="Click Element" library="SeleniumLibrary">
<arg>//*[text()='Register']</arg>
<doc>Click the element identified by ``locator``.</doc>
<msg timestamp="20240211 17:53:41.385" level="INFO">Clicking element '//*[text()='Register']'.</msg>
<status status="PASS" starttime="20240211 17:53:41.384" endtime="20240211 17:53:45.837"/>
</kw>
<kw name="Get Selenium Speed" library="SeleniumLibrary">
<var>${speed}</var>
<doc>Gets the delay that is waited after each Selenium command.</doc>
<msg timestamp="20240211 17:53:45.838" level="INFO">${speed} = 2 seconds</msg>
<status status="PASS" starttime="20240211 17:53:45.838" endtime="20240211 17:53:45.839"/>
</kw>
<kw name="Log" library="BuiltIn">
<arg>${speed}</arg>
<doc>Logs the given message with the given level.</doc>
<msg timestamp="20240211 17:53:45.840" level="INFO">2 seconds</msg>
<status status="PASS" starttime="20240211 17:53:45.839" endtime="20240211 17:53:45.840"/>
</kw>
<kw name="Wait Until Page Contains" library="SeleniumLibrary">
<arg>Register</arg>
<arg>timeout=10s</arg>
<doc>Waits until ``text`` appears on the current page.</doc>
<status status="PASS" starttime="20240211 17:53:45.840" endtime="20240211 17:53:47.858"/>
</kw>
<kw name="Input Text" library="SeleniumLibrary">
<arg>id=FirstName</arg>
<arg>Ajay</arg>
<doc>Types the given ``text`` into the text field identified by ``locator``.</doc>
<msg timestamp="20240211 17:53:47.859" level="INFO">Typing text 'Ajay' into text field 'id=FirstName'.</msg>
<status status="PASS" starttime="20240211 17:53:47.858" endtime="20240211 17:53:53.919"/>
</kw>
<kw name="Input Password" library="SeleniumLibrary">
<arg>//*[@id="LastName"]</arg>
<arg>Raut</arg>
<doc>Types the given password into the text field identified by ``locator``.</doc>
<msg timestamp="20240211 17:53:53.919" level="INFO">Typing password into text field '//*[@id="LastName"]'.</msg>
<msg timestamp="20240211 17:53:57.928" level="INFO">Temporally setting log level to: NONE</msg>
<msg timestamp="20240211 17:53:59.939" level="INFO">Log level changed from NONE to INFO.</msg>
<status status="PASS" starttime="20240211 17:53:53.919" endtime="20240211 17:53:59.939"/>
</kw>
<kw name="Input Text" library="SeleniumLibrary">
<arg>//*[@id="Email"]</arg>
<arg>ajay@gmail.com</arg>
<doc>Types the given ``text`` into the text field identified by ``locator``.</doc>
<msg timestamp="20240211 17:53:59.940" level="INFO">Typing text 'ajay@gmail.com' into text field '//*[@id="Email"]'.</msg>
<status status="PASS" starttime="20240211 17:53:59.939" endtime="20240211 17:54:05.967"/>
</kw>
<kw name="Input Text" library="SeleniumLibrary">
<arg>//*[@name="Password"]</arg>
<arg>Ajay111222@</arg>
<doc>Types the given ``text`` into the text field identified by ``locator``.</doc>
<msg timestamp="20240211 17:54:05.967" level="INFO">Typing text 'Ajay111222@' into text field '//*[@name="Password"]'.</msg>
<status status="PASS" starttime="20240211 17:54:05.967" endtime="20240211 17:54:11.989"/>
</kw>
<kw name="Input Text" library="SeleniumLibrary">
<arg>//*[@name="ConfirmPassword"]</arg>
<arg>Ajay111222@</arg>
<doc>Types the given ``text`` into the text field identified by ``locator``.</doc>
<msg timestamp="20240211 17:54:11.990" level="INFO">Typing text 'Ajay111222@' into text field '//*[@name="ConfirmPassword"]'.</msg>
<status status="PASS" starttime="20240211 17:54:11.989" endtime="20240211 17:54:18.018"/>
</kw>
<kw name="Close Browser" library="SeleniumLibrary">
<doc>Closes the current browser.</doc>
<status status="PASS" starttime="20240211 17:54:18.018" endtime="20240211 17:54:22.968"/>
</kw>
<status status="PASS" starttime="20240211 17:53:28.926" endtime="20240211 17:54:22.968"/>
</test>
<test id="s1-t7" name="TC_07 Close single and multiple browser" line="138">
<kw name="Open Browser" library="SeleniumLibrary">
<arg>https://demowebshop.tricentis.com/</arg>
<doc>Opens a new browser instance to the optional ``url``.</doc>
<msg timestamp="20240211 17:54:22.975" level="INFO">Opening browser 'firefox' to base url 'https://demowebshop.tricentis.com/'.</msg>
<status status="PASS" starttime="20240211 17:54:22.968" endtime="20240211 17:54:33.921"/>
</kw>
<kw name="Open Browser" library="SeleniumLibrary">
<arg>https://demowebshop.tricentis.com/</arg>
<doc>Opens a new browser instance to the optional ``url``.</doc>
<msg timestamp="20240211 17:54:33.922" level="INFO">Opening browser 'firefox' to base url 'https://demowebshop.tricentis.com/'.</msg>
<status status="PASS" starttime="20240211 17:54:33.921" endtime="20240211 17:54:44.968"/>
</kw>
<kw name="Open Browser" library="SeleniumLibrary">
<arg>https://demowebshop.tricentis.com/</arg>
<doc>Opens a new browser instance to the optional ``url``.</doc>
<msg timestamp="20240211 17:54:44.969" level="INFO">Opening browser 'firefox' to base url 'https://demowebshop.tricentis.com/'.</msg>
<status status="PASS" starttime="20240211 17:54:44.968" endtime="20240211 17:54:56.369"/>
</kw>
<kw name="Open Browser" library="SeleniumLibrary">
<arg>https://demowebshop.tricentis.com/</arg>
<doc>Opens a new browser instance to the optional ``url``.</doc>
<msg timestamp="20240211 17:54:56.370" level="INFO">Opening browser 'firefox' to base url 'https://demowebshop.tricentis.com/'.</msg>
<status status="PASS" starttime="20240211 17:54:56.369" endtime="20240211 17:55:08.451"/>
</kw>
<kw name="Open Browser" library="SeleniumLibrary">
<arg>https://demowebshop.tricentis.com/</arg>
<doc>Opens a new browser instance to the optional ``url``.</doc>
<msg timestamp="20240211 17:55:08.453" level="INFO">Opening browser 'firefox' to base url 'https://demowebshop.tricentis.com/'.</msg>
<status status="PASS" starttime="20240211 17:55:08.452" endtime="20240211 17:55:21.169"/>
</kw>
<kw name="Log" library="BuiltIn">
<arg>Close single Browser</arg>
<doc>Logs the given message with the given level.</doc>
<msg timestamp="20240211 17:55:21.169" level="INFO">Close single Browser</msg>
<status status="PASS" starttime="20240211 17:55:21.169" endtime="20240211 17:55:21.169"/>
</kw>
<kw name="Close Browser" library="SeleniumLibrary">
<doc>Closes the current browser.</doc>
<status status="PASS" starttime="20240211 17:55:21.169" endtime="20240211 17:55:27.308"/>
</kw>
<kw name="Log" library="BuiltIn">
<arg>close all broser</arg>
<doc>Logs the given message with the given level.</doc>
<msg timestamp="20240211 17:55:27.308" level="INFO">close all broser</msg>
<status status="PASS" starttime="20240211 17:55:27.308" endtime="20240211 17:55:27.308"/>
</kw>
<kw name="Close All Browsers" library="SeleniumLibrary">
<doc>Closes all open browsers and resets the browser cache.</doc>
<status status="PASS" starttime="20240211 17:55:27.308" endtime="20240211 17:56:05.758"/>
</kw>
<status status="PASS" starttime="20240211 17:54:22.968" endtime="20240211 17:56:05.758"/>
</test>
<test id="s1-t8" name="TC_08_Alert Handling in Selenium" line="150">
<kw name="Open Browser" library="SeleniumLibrary">
<arg>https://testautomationpractice.blogspot.com/</arg>
<doc>Opens a new browser instance to the optional ``url``.</doc>
<msg timestamp="20240211 17:56:05.765" level="INFO">Opening browser 'firefox' to base url 'https://testautomationpractice.blogspot.com/'.</msg>
<status status="PASS" starttime="20240211 17:56:05.758" endtime="20240211 17:56:19.454"/>
</kw>
<kw name="Set Selenium Speed" library="SeleniumLibrary">
<arg>1s</arg>
<doc>Sets the delay that is waited after each Selenium command.</doc>
<status status="PASS" starttime="20240211 17:56:19.454" endtime="20240211 17:56:19.454"/>
</kw>
<kw name="Click Button" library="SeleniumLibrary">
<arg>//*[text()="Alert"]</arg>
<doc>Clicks the button identified by ``locator``.</doc>
<msg timestamp="20240211 17:56:19.455" level="INFO">Clicking button '//*[text()="Alert"]'.</msg>
<status status="PASS" starttime="20240211 17:56:19.454" endtime="20240211 17:56:24.623"/>
</kw>
<kw name="Handle Alert" library="SeleniumLibrary">
<arg>Accept</arg>
<doc>Handles the current alert and returns its message.</doc>
<msg timestamp="20240211 17:56:24.623" level="INFO">HANDLE::&lt;class 'NoneType'&gt;::None</msg>
<status status="PASS" starttime="20240211 17:56:24.623" endtime="20240211 17:56:27.659"/>
</kw>
<kw name="Click Button" library="SeleniumLibrary">
<arg>//*[text()="Confirm Box"]</arg>
<doc>Clicks the button identified by ``locator``.</doc>
<msg timestamp="20240211 17:56:27.659" level="INFO">Clicking button '//*[text()="Confirm Box"]'.</msg>
<status status="PASS" starttime="20240211 17:56:27.659" endtime="20240211 17:56:32.734"/>
</kw>
<kw name="Handle Alert" library="SeleniumLibrary">
<arg>Accept</arg>
<doc>Handles the current alert and returns its message.</doc>
<msg timestamp="20240211 17:56:32.734" level="INFO">HANDLE::&lt;class 'NoneType'&gt;::None</msg>
<status status="PASS" starttime="20240211 17:56:32.734" endtime="20240211 17:56:35.764"/>
</kw>
<kw name="Click Button" library="SeleniumLibrary">
<arg>//*[text()="Confirm Box"]</arg>
<doc>Clicks the button identified by ``locator``.</doc>
<msg timestamp="20240211 17:56:35.764" level="INFO">Clicking button '//*[text()="Confirm Box"]'.</msg>
<status status="PASS" starttime="20240211 17:56:35.764" endtime="20240211 17:56:40.822"/>
</kw>
<kw name="Handle Alert" library="SeleniumLibrary">
<arg>Dismiss</arg>
<doc>Handles the current alert and returns its message.</doc>
<msg timestamp="20240211 17:56:40.822" level="INFO">HANDLE::&lt;class 'NoneType'&gt;::None</msg>
<status status="PASS" starttime="20240211 17:56:40.822" endtime="20240211 17:56:43.879"/>
</kw>
<kw name="Click Button" library="SeleniumLibrary">
<arg>//*[text()="Confirm Box"]</arg>
<doc>Clicks the button identified by ``locator``.</doc>
<msg timestamp="20240211 17:56:43.879" level="INFO">Clicking button '//*[text()="Confirm Box"]'.</msg>
<status status="PASS" starttime="20240211 17:56:43.879" endtime="20240211 17:56:48.938"/>
</kw>
<kw name="Handle Alert" library="SeleniumLibrary">
<arg>Leave</arg>
<doc>Handles the current alert and returns its message.</doc>
<msg timestamp="20240211 17:56:48.938" level="INFO">HANDLE::&lt;class 'NoneType'&gt;::None</msg>
<status status="PASS" starttime="20240211 17:56:48.938" endtime="20240211 17:56:50.946"/>
</kw>
<kw name="Alert Should Be Present" library="SeleniumLibrary">
<arg>Press a button!</arg>
<doc>Verifies that an alert is present and by default, accepts it.</doc>
<msg timestamp="20240211 17:56:50.946" level="INFO">HANDLE::&lt;class 'NoneType'&gt;::None</msg>
<status status="PASS" starttime="20240211 17:56:50.946" endtime="20240211 17:56:53.962"/>
</kw>
<kw name="Alert Should Not Be Present" library="SeleniumLibrary">
<arg>Press a button!sdf</arg>
<doc>Verifies that no alert is present.</doc>
<status status="PASS" starttime="20240211 17:56:53.962" endtime="20240211 17:57:09.119"/>
</kw>
<kw name="Click Button" library="SeleniumLibrary">
<arg>//*[text()='Prompt']</arg>
<doc>Clicks the button identified by ``locator``.</doc>
<msg timestamp="20240211 17:57:09.119" level="INFO">Clicking button '//*[text()='Prompt']'.</msg>
<status status="PASS" starttime="20240211 17:57:09.119" endtime="20240211 17:57:14.206"/>
</kw>
<kw name="Input Text Into Alert" library="SeleniumLibrary">
<arg>Ajay Loves Chaitu</arg>
<doc>Types the given ``text`` into an input field in an alert.</doc>
<status status="PASS" starttime="20240211 17:57:14.206" endtime="20240211 17:57:18.242"/>
</kw>
<kw name="Close Browser" library="SeleniumLibrary">
<doc>Closes the current browser.</doc>
<status status="PASS" starttime="20240211 17:57:18.242" endtime="20240211 17:57:22.019"/>
</kw>
<status status="PASS" starttime="20240211 17:56:05.758" endtime="20240211 17:57:22.019"/>
</test>
<test id="s1-t9" name="TC_09_Handle_iFranms" line="176">
<kw name="Open Browser" library="SeleniumLibrary">
<arg>D:\\Personal_Project_Space\\Robot_Framework\\GUI_Testing\\TestCases\\ifram.html</arg>
<doc>Opens a new browser instance to the optional ``url``.</doc>
<msg timestamp="20240211 17:57:22.019" level="INFO">Opening browser 'firefox' to base url 'D:\Personal_Project_Space\Robot_Framework\GUI_Testing\TestCases\ifram.html'.</msg>
<status status="PASS" starttime="20240211 17:57:22.019" endtime="20240211 17:57:29.065"/>
</kw>
<kw name="Select Frame" library="SeleniumLibrary">
<arg>//*[@title="Example Website 1"]</arg>
<doc>Sets frame identified by ``locator`` as the current frame.</doc>
<msg timestamp="20240211 17:57:29.066" level="INFO">Selecting frame '//*[@title="Example Website 1"]'.</msg>
<status status="PASS" starttime="20240211 17:57:29.066" endtime="20240211 17:57:31.105"/>
</kw>
<kw name="Input Text" library="SeleniumLibrary">
<arg>//*[@id="username"]</arg>
<arg>Ajay</arg>
<doc>Types the given ``text`` into the text field identified by ``locator``.</doc>
<msg timestamp="20240211 17:57:31.106" level="INFO">Typing text 'Ajay' into text field '//*[@id="username"]'.</msg>
<status status="PASS" starttime="20240211 17:57:31.105" endtime="20240211 17:57:34.190"/>
</kw>
<kw name="Unselect Frame" library="SeleniumLibrary">
<doc>Sets the main frame as the current frame.</doc>
<status status="PASS" starttime="20240211 17:57:34.190" endtime="20240211 17:57:35.194"/>
</kw>
<kw name="Sleep" library="BuiltIn">
<arg>3s</arg>
<doc>Pauses the test executed for the given time.</doc>
<msg timestamp="20240211 17:57:38.196" level="INFO">Slept 3 seconds</msg>
<status status="PASS" starttime="20240211 17:57:35.195" endtime="20240211 17:57:38.196"/>
</kw>
<kw name="Select Frame" library="SeleniumLibrary">
<arg>//*[@title="Example Website 3"]</arg>
<doc>Sets frame identified by ``locator`` as the current frame.</doc>
<msg timestamp="20240211 17:57:50.456" level="INFO">Selecting frame '//*[@title="Example Website 3"]'.</msg>
<status status="PASS" starttime="20240211 17:57:38.196" endtime="20240211 17:57:52.472"/>
</kw>
<kw name="Input Text" library="SeleniumLibrary">
<arg>//*[@id="username"]</arg>
<arg>Ajay</arg>
<doc>Types the given ``text`` into the text field identified by ``locator``.</doc>
<msg timestamp="20240211 17:57:52.472" level="INFO">Typing text 'Ajay' into text field '//*[@id="username"]'.</msg>
<status status="PASS" starttime="20240211 17:57:52.472" endtime="20240211 17:57:55.532"/>
</kw>
<kw name="Unselect Frame" library="SeleniumLibrary">
<doc>Sets the main frame as the current frame.</doc>
<status status="PASS" starttime="20240211 17:57:55.532" endtime="20240211 17:57:56.539"/>
</kw>
<kw name="Sleep" library="BuiltIn">
<arg>3s</arg>
<doc>Pauses the test executed for the given time.</doc>
<msg timestamp="20240211 17:57:59.540" level="INFO">Slept 3 seconds</msg>
<status status="PASS" starttime="20240211 17:57:56.539" endtime="20240211 17:57:59.540"/>
</kw>
<kw name="Select Frame" library="SeleniumLibrary">
<arg>//*[@title="Example Website 2"]</arg>
<doc>Sets frame identified by ``locator`` as the current frame.</doc>
<msg timestamp="20240211 17:57:59.540" level="INFO">Selecting frame '//*[@title="Example Website 2"]'.</msg>
<status status="PASS" starttime="20240211 17:57:59.540" endtime="20240211 17:58:01.553"/>
</kw>
<kw name="Input Text" library="SeleniumLibrary">
<arg>//*[@id="username"]</arg>
<arg>Chaitu</arg>
<doc>Types the given ``text`` into the text field identified by ``locator``.</doc>
<msg timestamp="20240211 17:58:01.554" level="INFO">Typing text 'Chaitu' into text field '//*[@id="username"]'.</msg>
<status status="PASS" starttime="20240211 17:58:01.553" endtime="20240211 17:58:04.614"/>
</kw>
<kw name="Unselect Frame" library="SeleniumLibrary">
<doc>Sets the main frame as the current frame.</doc>
<status status="PASS" starttime="20240211 17:58:04.614" endtime="20240211 17:58:05.617"/>
</kw>
<kw name="Sleep" library="BuiltIn">
<arg>3s</arg>
<doc>Pauses the test executed for the given time.</doc>
<msg timestamp="20240211 17:58:08.619" level="INFO">Slept 3 seconds</msg>
<status status="PASS" starttime="20240211 17:58:05.619" endtime="20240211 17:58:08.619"/>
</kw>
<kw name="Close Browser" library="SeleniumLibrary">
<doc>Closes the current browser.</doc>
<status status="PASS" starttime="20240211 17:58:08.619" endtime="20240211 17:58:12.359"/>
</kw>
<status status="PASS" starttime="20240211 17:57:22.019" endtime="20240211 17:58:12.359"/>
</test>
<test id="s1-t10" name="TC_10 Tabbed windows" line="197">
<kw name="Open Browser" library="SeleniumLibrary">
<arg>D:\\Personal_Project_Space\\Robot_Framework\\GUI_Testing\\TestCases\\Selenium_Practice_Form.html</arg>
<doc>Opens a new browser instance to the optional ``url``.</doc>
<msg timestamp="20240211 17:58:12.360" level="INFO">Opening browser 'firefox' to base url 'D:\Personal_Project_Space\Robot_Framework\GUI_Testing\TestCases\Selenium_Practice_Form.html'.</msg>
<status status="PASS" starttime="20240211 17:58:12.359" endtime="20240211 17:58:19.427"/>
</kw>
<kw name="Set Browser Implicit Wait" library="SeleniumLibrary">
<arg>10s</arg>
<doc>Sets the implicit wait value used by Selenium.</doc>
<status status="PASS" starttime="20240211 17:58:19.427" endtime="20240211 17:58:20.431"/>
</kw>
<kw name="Click Link" library="SeleniumLibrary">
<arg>//*[@value="w3school"]</arg>
<doc>Clicks a link identified by ``locator``.</doc>
<msg timestamp="20240211 17:58:20.431" level="INFO">Clicking link '//*[@value="w3school"]'.</msg>
<status status="PASS" starttime="20240211 17:58:20.431" endtime="20240211 17:58:23.544"/>
</kw>
<kw name="Sleep" library="BuiltIn">
<arg>5s</arg>
<doc>Pauses the test executed for the given time.</doc>
<msg timestamp="20240211 17:58:28.544" level="INFO">Slept 5 seconds</msg>
<status status="PASS" starttime="20240211 17:58:23.544" endtime="20240211 17:58:28.544"/>
</kw>
<kw name="Switch Window" library="SeleniumLibrary">
<arg>W3Schools Online Web Tutorials</arg>
<doc>Switches to browser window matching ``locator``.</doc>
<status status="PASS" starttime="20240211 17:58:28.544" endtime="20240211 17:58:41.643"/>
</kw>
<kw name="Get Title" library="SeleniumLibrary">
<var>${get_title}</var>
<doc>Returns the title of the current page.</doc>
<msg timestamp="20240211 17:58:42.645" level="INFO">${get_title} = W3Schools Online Web Tutorials</msg>
<status status="PASS" starttime="20240211 17:58:41.643" endtime="20240211 17:58:42.646"/>
</kw>
<kw name="Log" library="BuiltIn">
<arg>${get_title}</arg>
<doc>Logs the given message with the given level.</doc>
<msg timestamp="20240211 17:58:42.647" level="INFO">W3Schools Online Web Tutorials</msg>
<status status="PASS" starttime="20240211 17:58:42.646" endtime="20240211 17:58:42.647"/>
</kw>
<kw name="Sleep" library="BuiltIn">
<arg>5s</arg>
<doc>Pauses the test executed for the given time.</doc>
<msg timestamp="20240211 17:58:47.648" level="INFO">Slept 5 seconds</msg>
<status status="PASS" starttime="20240211 17:58:42.647" endtime="20240211 17:58:47.648"/>
</kw>
<kw name="Click Link" library="SeleniumLibrary">
<arg>//*[@id="subtopnav"]/a[5]</arg>
<doc>Clicks a link identified by ``locator``.</doc>
<msg timestamp="20240211 17:58:47.648" level="INFO">Clicking link '//*[@id="subtopnav"]/a[5]'.</msg>
<status status="PASS" starttime="20240211 17:58:47.648" endtime="20240211 17:58:51.154"/>
</kw>
<kw name="Sleep" library="BuiltIn">
<arg>5s</arg>
<doc>Pauses the test executed for the given time.</doc>
<msg timestamp="20240211 17:58:56.154" level="INFO">Slept 5 seconds</msg>
<status status="PASS" starttime="20240211 17:58:51.154" endtime="20240211 17:58:56.154"/>
</kw>
<kw name="Close Window" library="SeleniumLibrary">
<doc>Closes currently opened and selected browser window/tab.</doc>
<status status="PASS" starttime="20240211 17:58:56.154" endtime="20240211 17:58:57.309"/>
</kw>
<status status="PASS" starttime="20240211 17:58:12.359" endtime="20240211 17:58:57.309"/>
</test>
<test id="s1-t11" name="TC_10 switching to multiple brousers" line="214">
<kw name="Open Browser" library="SeleniumLibrary">
<arg>https://www.google.co.in/</arg>
<doc>Opens a new browser instance to the optional ``url``.</doc>
<msg timestamp="20240211 17:58:57.314" level="INFO">Opening browser 'firefox' to base url 'https://www.google.co.in/'.</msg>
<status status="PASS" starttime="20240211 17:58:57.311" endtime="20240211 17:59:08.010"/>
</kw>
<kw name="Maximize Browser Window" library="SeleniumLibrary">
<doc>Maximizes current browser window.</doc>
<status status="PASS" starttime="20240211 17:59:08.010" endtime="20240211 17:59:09.014"/>
</kw>
<kw name="Sleep" library="BuiltIn">
<arg>3s</arg>
<doc>Pauses the test executed for the given time.</doc>
<msg timestamp="20240211 17:59:12.015" level="INFO">Slept 3 seconds</msg>
<status status="PASS" starttime="20240211 17:59:09.014" endtime="20240211 17:59:12.015"/>
</kw>
<kw name="Open Browser" library="SeleniumLibrary">
<arg>https://www.facebook.com/</arg>
<doc>Opens a new browser instance to the optional ``url``.</doc>
<msg timestamp="20240211 17:59:12.015" level="INFO">Opening browser 'firefox' to base url 'https://www.facebook.com/'.</msg>
<status status="PASS" starttime="20240211 17:59:12.015" endtime="20240211 17:59:21.902"/>
</kw>
<kw name="Maximize Browser Window" library="SeleniumLibrary">
<doc>Maximizes current browser window.</doc>
<status status="PASS" starttime="20240211 17:59:21.902" endtime="20240211 17:59:22.906"/>
</kw>
<kw name="Sleep" library="BuiltIn">
<arg>3s</arg>
<doc>Pauses the test executed for the given time.</doc>
<msg timestamp="20240211 17:59:25.908" level="INFO">Slept 3 seconds</msg>
<status status="PASS" starttime="20240211 17:59:22.906" endtime="20240211 17:59:25.908"/>
</kw>
<kw name="Switch Browser" library="SeleniumLibrary">
<arg>1</arg>
<doc>Switches between active browsers using ``index_or_alias``.</doc>
<status status="PASS" starttime="20240211 17:59:25.909" endtime="20240211 17:59:25.909"/>
</kw>
<kw name="Get Title" library="SeleniumLibrary">
<var>${title}</var>
<doc>Returns the title of the current page.</doc>
<msg timestamp="20240211 17:59:30.019" level="WARN">Retrying (Retry(total=2, connect=None, read=None, redirect=None, status=None)) after connection broken by 'NewConnectionError('&lt;urllib3.connection.HTTPConnection object at 0x00000202F3B5D4C0&gt;: Failed to establish a new connection: [WinError 10061] No connection could be made because the target machine actively refused it')': /session/cebe4930-7123-4d0e-9557-0ee2b698e1c3/title</msg>
<msg timestamp="20240211 17:59:34.122" level="WARN">Retrying (Retry(total=1, connect=None, read=None, redirect=None, status=None)) after connection broken by 'NewConnectionError('&lt;urllib3.connection.HTTPConnection object at 0x00000202F12ABDA0&gt;: Failed to establish a new connection: [WinError 10061] No connection could be made because the target machine actively refused it')': /session/cebe4930-7123-4d0e-9557-0ee2b698e1c3/title</msg>
<msg timestamp="20240211 17:59:38.186" level="WARN">Retrying (Retry(total=0, connect=None, read=None, redirect=None, status=None)) after connection broken by 'NewConnectionError('&lt;urllib3.connection.HTTPConnection object at 0x00000202F4BC4AA0&gt;: Failed to establish a new connection: [WinError 10061] No connection could be made because the target machine actively refused it')': /session/cebe4930-7123-4d0e-9557-0ee2b698e1c3/title</msg>
<msg timestamp="20240211 17:59:46.334" level="WARN">Retrying (Retry(total=2, connect=None, read=None, redirect=None, status=None)) after connection broken by 'NewConnectionError('&lt;urllib3.connection.HTTPConnection object at 0x00000202F4A19E20&gt;: Failed to establish a new connection: [WinError 10061] No connection could be made because the target machine actively refused it')': /session/cebe4930-7123-4d0e-9557-0ee2b698e1c3/screenshot</msg>
<msg timestamp="20240211 17:59:50.408" level="WARN">Retrying (Retry(total=1, connect=None, read=None, redirect=None, status=None)) after connection broken by 'NewConnectionError('&lt;urllib3.connection.HTTPConnection object at 0x00000202F4BD8470&gt;: Failed to establish a new connection: [WinError 10061] No connection could be made because the target machine actively refused it')': /session/cebe4930-7123-4d0e-9557-0ee2b698e1c3/screenshot</msg>
<msg timestamp="20240211 17:59:54.484" level="WARN">Retrying (Retry(total=0, connect=None, read=None, redirect=None, status=None)) after connection broken by 'NewConnectionError('&lt;urllib3.connection.HTTPConnection object at 0x00000202F4BD9760&gt;: Failed to establish a new connection: [WinError 10061] No connection could be made because the target machine actively refused it')': /session/cebe4930-7123-4d0e-9557-0ee2b698e1c3/screenshot</msg>
<msg timestamp="20240211 17:59:58.583" level="WARN">Keyword 'Capture Page Screenshot' could not be run on failure: HTTPConnectionPool(host='localhost', port=49323): Max retries exceeded with url: /session/cebe4930-7123-4d0e-9557-0ee2b698e1c3/screenshot (Caused by NewConnectionError('&lt;urllib3.connection.HTTPConnection object at 0x00000202F4BDB050&gt;: Failed to establish a new connection: [WinError 10061] No connection could be made because the target machine actively refused it'))</msg>
<msg timestamp="20240211 17:59:58.584" level="FAIL">MaxRetryError: HTTPConnectionPool(host='localhost', port=49323): Max retries exceeded with url: /session/cebe4930-7123-4d0e-9557-0ee2b698e1c3/title (Caused by NewConnectionError('&lt;urllib3.connection.HTTPConnection object at 0x00000202F4BC7EC0&gt;: Failed to establish a new connection: [WinError 10061] No connection could be made because the target machine actively refused it'))</msg>
<status status="FAIL" starttime="20240211 17:59:25.909" endtime="20240211 17:59:58.695"/>
</kw>
<kw name="Log To Console" library="BuiltIn">
<arg>${title}</arg>
<doc>Logs the given message to the console.</doc>
<status status="NOT RUN" starttime="20240211 17:59:58.695" endtime="20240211 17:59:58.695"/>
</kw>
<kw name="Sleep" library="BuiltIn">
<arg>3s</arg>
<doc>Pauses the test executed for the given time.</doc>
<status status="NOT RUN" starttime="20240211 17:59:58.696" endtime="20240211 17:59:58.696"/>
</kw>
<kw name="Switch Browser" library="SeleniumLibrary">
<arg>2</arg>
<doc>Switches between active browsers using ``index_or_alias``.</doc>
<status status="NOT RUN" starttime="20240211 17:59:58.696" endtime="20240211 17:59:58.696"/>
</kw>
<kw name="Get Title" library="SeleniumLibrary">
<var>${title2}</var>
<doc>Returns the title of the current page.</doc>
<status status="NOT RUN" starttime="20240211 17:59:58.696" endtime="20240211 17:59:58.696"/>
</kw>
<kw name="Log To Console" library="BuiltIn">
<arg>${title2}</arg>
<doc>Logs the given message to the console.</doc>
<status status="NOT RUN" starttime="20240211 17:59:58.696" endtime="20240211 17:59:58.696"/>
</kw>
<kw name="Sleep" library="BuiltIn">
<arg>2s</arg>
<doc>Pauses the test executed for the given time.</doc>
<status status="NOT RUN" starttime="20240211 17:59:58.696" endtime="20240211 17:59:58.696"/>
</kw>
<status status="FAIL" starttime="20240211 17:58:57.310" endtime="20240211 17:59:58.697">MaxRetryError: HTTPConnectionPool(host='localhost', port=49323): Max retries exceeded with url: /session/cebe4930-7123-4d0e-9557-0ee2b698e1c3/title (Caused by NewConnectionError('&lt;urllib3.connection.HTTPConnection object at 0x00000202F4BC7EC0&gt;: Failed to establish a new connection: [WinError 10061] No connection could be made because the target machine actively refused it'))</status>
</test>
<test id="s1-t12" name="TC_11 Browser Navigation keywords" line="238">
<kw name="Set Selenium Speed" library="SeleniumLibrary">
<arg>1s</arg>
<doc>Sets the delay that is waited after each Selenium command.</doc>
<status status="PASS" starttime="20240211 17:59:58.698" endtime="20240211 17:59:58.699"/>
</kw>
<kw name="Open Browser" library="SeleniumLibrary">
<arg>https://www.google.co.in/</arg>
<doc>Opens a new browser instance to the optional ``url``.</doc>
<msg timestamp="20240211 17:59:58.700" level="INFO">Opening browser 'firefox' to base url 'https://www.google.co.in/'.</msg>
<status status="PASS" starttime="20240211 17:59:58.699" endtime="20240211 18:00:07.738"/>
</kw>
<kw name="Maximize Browser Window" library="SeleniumLibrary">
<doc>Maximizes current browser window.</doc>
<status status="PASS" starttime="20240211 18:00:07.738" endtime="20240211 18:00:08.741"/>
</kw>
<kw name="Get Location" library="SeleniumLibrary">
<var>${location}</var>
<doc>Returns the current browser window URL.</doc>
<msg timestamp="20240211 18:00:09.746" level="INFO">${location} = https://www.google.co.in/</msg>
<status status="PASS" starttime="20240211 18:00:08.741" endtime="20240211 18:00:09.746"/>
</kw>
<kw name="Log" library="BuiltIn">
<arg>${location}</arg>
<doc>Logs the given message with the given level.</doc>
<msg timestamp="20240211 18:00:09.746" level="INFO">https://www.google.co.in/</msg>
<status status="PASS" starttime="20240211 18:00:09.746" endtime="20240211 18:00:09.746"/>
</kw>
<kw name="Go To" library="SeleniumLibrary">
<arg>https://www.facebook.com/</arg>
<doc>Navigates the current browser window to the provided ``url``.</doc>
<msg timestamp="20240211 18:00:09.746" level="INFO">Opening url 'https://www.facebook.com/'</msg>
<status status="PASS" starttime="20240211 18:00:09.746" endtime="20240211 18:00:11.676"/>
</kw>
<kw name="Maximize Browser Window" library="SeleniumLibrary">
<doc>Maximizes current browser window.</doc>
<status status="PASS" starttime="20240211 18:00:11.676" endtime="20240211 18:00:12.678"/>
</kw>
<kw name="Get Location" library="SeleniumLibrary">
<var>${location}</var>
<doc>Returns the current browser window URL.</doc>
<msg timestamp="20240211 18:00:13.683" level="INFO">${location} = https://www.facebook.com/</msg>
<status status="PASS" starttime="20240211 18:00:12.678" endtime="20240211 18:00:13.683"/>
</kw>
<kw name="Log" library="BuiltIn">
<arg>${location}</arg>
<doc>Logs the given message with the given level.</doc>
<msg timestamp="20240211 18:00:13.683" level="INFO">https://www.facebook.com/</msg>
<status status="PASS" starttime="20240211 18:00:13.683" endtime="20240211 18:00:13.683"/>
</kw>
<kw name="Go Back" library="SeleniumLibrary">
<doc>Simulates the user clicking the back button on their browser.</doc>
<status status="PASS" starttime="20240211 18:00:13.684" endtime="20240211 18:00:14.718"/>
</kw>
<kw name="Get Location" library="SeleniumLibrary">
<var>${location}</var>
<doc>Returns the current browser window URL.</doc>
<msg timestamp="20240211 18:00:15.724" level="INFO">${location} = https://www.google.co.in/</msg>
<status status="PASS" starttime="20240211 18:00:14.718" endtime="20240211 18:00:15.724"/>
</kw>
<kw name="Log" library="BuiltIn">
<arg>${location}</arg>
<doc>Logs the given message with the given level.</doc>
<msg timestamp="20240211 18:00:15.725" level="INFO">https://www.google.co.in/</msg>
<status status="PASS" starttime="20240211 18:00:15.725" endtime="20240211 18:00:15.725"/>
</kw>
<status status="PASS" starttime="20240211 17:59:58.697" endtime="20240211 18:00:15.725"/>
</test>
<test id="s1-t13" name="TC_12 Screen shots" line="260">
<kw name="Open Browser" library="SeleniumLibrary">
<arg>https://opensource-demo.orangehrmlive.com/web/index.php/auth/login</arg>
<doc>Opens a new browser instance to the optional ``url``.</doc>
<msg timestamp="20240211 18:00:15.727" level="INFO">Opening browser 'firefox' to base url 'https://opensource-demo.orangehrmlive.com/web/index.php/auth/login'.</msg>
<status status="PASS" starttime="20240211 18:00:15.727" endtime="20240211 18:00:27.424"/>
</kw>
<kw name="Set Selenium Speed" library="SeleniumLibrary">
<arg>1s</arg>
<doc>Sets the delay that is waited after each Selenium command.</doc>
<status status="PASS" starttime="20240211 18:00:27.424" endtime="20240211 18:00:27.424"/>
</kw>
<kw name="Set Selenium Implicit Wait" library="SeleniumLibrary">
<arg>10s</arg>
<doc>Sets the implicit wait value used by Selenium.</doc>
<status status="PASS" starttime="20240211 18:00:27.424" endtime="20240211 18:00:32.461"/>
</kw>
<kw name="Input Text" library="SeleniumLibrary">
<arg>//*[@placeholder="Username"]</arg>
<arg>Admin</arg>
<doc>Types the given ``text`` into the text field identified by ``locator``.</doc>
<msg timestamp="20240211 18:00:32.461" level="INFO">Typing text 'Admin' into text field '//*[@placeholder="Username"]'.</msg>
<status status="PASS" starttime="20240211 18:00:32.461" endtime="20240211 18:00:35.555"/>
</kw>
<kw name="Input Password" library="SeleniumLibrary">
<arg>//*[@placeholder="Password"]</arg>
<arg>admin123</arg>
<doc>Types the given password into the text field identified by ``locator``.</doc>
<msg timestamp="20240211 18:00:35.555" level="INFO">Typing password into text field '//*[@placeholder="Password"]'.</msg>
<msg timestamp="20240211 18:00:37.568" level="INFO">Temporally setting log level to: NONE</msg>
<msg timestamp="20240211 18:00:38.602" level="INFO">Log level changed from NONE to INFO.</msg>
<status status="PASS" starttime="20240211 18:00:35.555" endtime="20240211 18:00:38.602"/>
</kw>
<kw name="Click Button" library="SeleniumLibrary">
<arg>//*[@type="submit"]</arg>
<doc>Clicks the button identified by ``locator``.</doc>
<msg timestamp="20240211 18:00:38.605" level="INFO">Clicking button '//*[@type="submit"]'.</msg>
<status status="PASS" starttime="20240211 18:00:38.603" endtime="20240211 18:00:44.852"/>
</kw>
<kw name="Wait Until Element Is Visible" library="SeleniumLibrary">
<arg>//*[@id="app"]/div[1]/div[1]/header/div[1]/div[1]/span/h6</arg>
<doc>Waits until the element ``locator`` is visible.</doc>
<status status="PASS" starttime="20240211 18:00:44.852" endtime="20240211 18:00:46.896"/>
</kw>
<kw name="Capture Element Screenshot" library="SeleniumLibrary">
<arg>//*[@id="app"]/div[1]/div[1]/header/div[1]/div[1]/span/h6</arg>
<arg>D:\\Personal_Project_Space\\Robot_Framework\\GUI_Testing\\TestCases\\welele.png</arg>
<doc>Captures a screenshot from the element identified by ``locator`` and embeds it into log file.</doc>
<msg timestamp="20240211 18:00:48.921" level="INFO" html="true">&lt;/td&gt;&lt;/tr&gt;&lt;tr&gt;&lt;td colspan="3"&gt;&lt;a href="GUI_Testing/TestCases/welele.png"&gt;&lt;img src="GUI_Testing/TestCases/welele.png" width="400px"&gt;&lt;/a&gt;</msg>
<status status="PASS" starttime="20240211 18:00:46.896" endtime="20240211 18:00:48.921"/>
</kw>
<kw name="Capture Page Screenshot" library="SeleniumLibrary">
<arg>D:\\Personal_Project_Space\\Robot_Framework\\GUI_Testing\\TestCases\\fullimg.png</arg>
<doc>Takes a screenshot of the current page and embeds it into a log file.</doc>
<msg timestamp="20240211 18:00:50.002" level="INFO" html="true">&lt;/td&gt;&lt;/tr&gt;&lt;tr&gt;&lt;td colspan="3"&gt;&lt;a href="GUI_Testing/TestCases/fullimg.png"&gt;&lt;img src="GUI_Testing/TestCases/fullimg.png" width="800px"&gt;&lt;/a&gt;</msg>
<status status="PASS" starttime="20240211 18:00:48.921" endtime="20240211 18:00:50.002"/>
</kw>
<kw name="Sleep" library="BuiltIn">
<arg>5s</arg>
<doc>Pauses the test executed for the given time.</doc>
<msg timestamp="20240211 18:00:55.002" level="INFO">Slept 5 seconds</msg>
<status status="PASS" starttime="20240211 18:00:50.002" endtime="20240211 18:00:55.002"/>
</kw>
<kw name="Close Browser" library="SeleniumLibrary">
<doc>Closes the current browser.</doc>
<status status="PASS" starttime="20240211 18:00:55.002" endtime="20240211 18:00:58.840"/>
</kw>
<status status="PASS" starttime="20240211 18:00:15.726" endtime="20240211 18:00:58.841"/>
</test>
<test id="s1-t14" name="TC_13 Mouse Navigation Actions" line="278">
<kw name="Open Browser" library="SeleniumLibrary">
<arg>https://testautomationpractice.blogspot.com/</arg>
<doc>Opens a new browser instance to the optional ``url``.</doc>
<msg timestamp="20240211 18:00:58.843" level="INFO">Opening browser 'firefox' to base url 'https://testautomationpractice.blogspot.com/'.</msg>
<status status="PASS" starttime="20240211 18:00:58.842" endtime="20240211 18:01:11.043"/>
</kw>
<kw name="Set Window Size" library="SeleniumLibrary">
<arg>1000</arg>
<arg>1600</arg>
<doc>Sets current windows size to given ``width`` and ``height``.</doc>
<status status="PASS" starttime="20240211 18:01:11.043" endtime="20240211 18:01:12.319"/>
</kw>
<kw name="Open Context Menu" library="SeleniumLibrary">
<arg>//*[text()="Copy Text"]</arg>
<doc>Opens the context menu on the element identified by ``locator``.</doc>
<status status="PASS" starttime="20240211 18:01:12.319" endtime="20240211 18:01:14.779"/>
</kw>
<kw name="Sleep" library="BuiltIn">
<arg>5s</arg>
<doc>Pauses the test executed for the given time.</doc>
<msg timestamp="20240211 18:01:19.780" level="INFO">Slept 5 seconds</msg>
<status status="PASS" starttime="20240211 18:01:14.779" endtime="20240211 18:01:19.780"/>
</kw>
<kw name="Go To" library="SeleniumLibrary">
<arg>https://testautomationpractice.blogspot.com/</arg>
<doc>Navigates the current browser window to the provided ``url``.</doc>
<msg timestamp="20240211 18:01:19.780" level="INFO">Opening url 'https://testautomationpractice.blogspot.com/'</msg>
<status status="PASS" starttime="20240211 18:01:19.780" endtime="20240211 18:01:24.344"/>
</kw>
<kw name="Take Screenshot" library="Screenshot">
<doc>Takes a screenshot in JPEG format and embeds it into the log file.</doc>
<msg timestamp="20240211 18:01:24.345" level="WARN">Taking screenshot failed: Taking screenshots is not supported on this platform by default. See library documentation for details.
Make sure tests are run with a physical or virtual display.</msg>
<msg timestamp="20240211 18:01:24.346" level="INFO" html="true">&lt;a href="screenshot_1.jpg"&gt;&lt;img src="screenshot_1.jpg" width="800px"&gt;&lt;/a&gt;</msg>
<status status="PASS" starttime="20240211 18:01:24.344" endtime="20240211 18:01:24.346"/>
</kw>
<kw name="Double Click Element" library="SeleniumLibrary">
<arg>//*[text()="Copy Text"]</arg>
<doc>Double clicks the element identified by ``locator``.</doc>
<msg timestamp="20240211 18:01:24.346" level="INFO">Double clicking element '//*[text()="Copy Text"]'.</msg>
<status status="PASS" starttime="20240211 18:01:24.346" endtime="20240211 18:01:26.633"/>
</kw>
<kw name="Take Screenshot" library="Screenshot">
<doc>Takes a screenshot in JPEG format and embeds it into the log file.</doc>
<msg timestamp="20240211 18:01:26.633" level="WARN">Taking screenshot failed: Taking screenshots is not supported on this platform by default. See library documentation for details.
Make sure tests are run with a physical or virtual display.</msg>
<msg timestamp="20240211 18:01:26.634" level="INFO" html="true">&lt;a href="screenshot_1.jpg"&gt;&lt;img src="screenshot_1.jpg" width="800px"&gt;&lt;/a&gt;</msg>
<status status="PASS" starttime="20240211 18:01:26.633" endtime="20240211 18:01:26.634"/>
</kw>
<kw name="Sleep" library="BuiltIn">
<arg>5s</arg>
<doc>Pauses the test executed for the given time.</doc>
<msg timestamp="20240211 18:01:31.634" level="INFO">Slept 5 seconds</msg>
<status status="PASS" starttime="20240211 18:01:26.634" endtime="20240211 18:01:31.634"/>
</kw>
<kw name="Go To" library="SeleniumLibrary">
<arg>https://testautomationpractice.blogspot.com/</arg>
<doc>Navigates the current browser window to the provided ``url``.</doc>
<msg timestamp="20240211 18:01:31.634" level="INFO">Opening url 'https://testautomationpractice.blogspot.com/'</msg>
<status status="PASS" starttime="20240211 18:01:31.634" endtime="20240211 18:01:36.055"/>
</kw>
<kw name="Take Screenshot" library="Screenshot">
<doc>Takes a screenshot in JPEG format and embeds it into the log file.</doc>
<msg timestamp="20240211 18:01:36.055" level="WARN">Taking screenshot failed: Taking screenshots is not supported on this platform by default. See library documentation for details.
Make sure tests are run with a physical or virtual display.</msg>
<msg timestamp="20240211 18:01:36.056" level="INFO" html="true">&lt;a href="screenshot_1.jpg"&gt;&lt;img src="screenshot_1.jpg" width="800px"&gt;&lt;/a&gt;</msg>
<status status="PASS" starttime="20240211 18:01:36.055" endtime="20240211 18:01:36.056"/>
</kw>
<kw name="Drag And Drop" library="SeleniumLibrary">
<arg>//*[text()="Drag me to my target"]</arg>
<arg>//*[text()="Drop here"]</arg>
<doc>Drags the element identified by ``locator`` into the ``target`` element.</doc>
<status status="PASS" starttime="20240211 18:01:36.056" endtime="20240211 18:01:39.640"/>
</kw>
<kw name="Take Screenshot" library="Screenshot">
<doc>Takes a screenshot in JPEG format and embeds it into the log file.</doc>
<msg timestamp="20240211 18:01:39.641" level="WARN">Taking screenshot failed: Taking screenshots is not supported on this platform by default. See library documentation for details.
Make sure tests are run with a physical or virtual display.</msg>
<msg timestamp="20240211 18:01:39.641" level="INFO" html="true">&lt;a href="screenshot_1.jpg"&gt;&lt;img src="screenshot_1.jpg" width="800px"&gt;&lt;/a&gt;</msg>
<status status="PASS" starttime="20240211 18:01:39.640" endtime="20240211 18:01:39.641"/>
</kw>
<kw name="Sleep" library="BuiltIn">
<arg>5s</arg>
<doc>Pauses the test executed for the given time.</doc>
<msg timestamp="20240211 18:01:44.642" level="INFO">Slept 5 seconds</msg>
<status status="PASS" starttime="20240211 18:01:39.641" endtime="20240211 18:01:44.642"/>
</kw>
<status status="PASS" starttime="20240211 18:00:58.841" endtime="20240211 18:01:44.643"/>
</test>
<test id="s1-t15" name="TC_14 Scrolling with JavascriptExecutor" line="308">
<kw name="Open Browser" library="SeleniumLibrary">
<arg>https://testautomationpractice.blogspot.com/</arg>
<doc>Opens a new browser instance to the optional ``url``.</doc>
<msg timestamp="20240211 18:01:44.645" level="INFO">Opening browser 'firefox' to base url 'https://testautomationpractice.blogspot.com/'.</msg>
<status status="PASS" starttime="20240211 18:01:44.645" endtime="20240211 18:01:56.590"/>
</kw>
<kw name="Set Selenium Implicit Wait" library="SeleniumLibrary">
<arg>10s</arg>
<doc>Sets the implicit wait value used by Selenium.</doc>
<status status="PASS" starttime="20240211 18:01:56.590" endtime="20240211 18:02:02.610"/>
</kw>
<kw name="Sleep" library="BuiltIn">
<arg>3s</arg>
<doc>Pauses the test executed for the given time.</doc>
<msg timestamp="20240211 18:02:05.611" level="INFO">Slept 3 seconds</msg>
<status status="PASS" starttime="20240211 18:02:02.610" endtime="20240211 18:02:05.611"/>
</kw>
<kw name="Execute Javascript" library="SeleniumLibrary">
<arg>window.scrollTo(0,500)</arg>
<doc>Executes the given JavaScript code with possible arguments.</doc>
<msg timestamp="20240211 18:02:05.613" level="INFO">Executing JavaScript:
window.scrollTo(0,500)
Without any arguments.</msg>
<status status="PASS" starttime="20240211 18:02:05.611" endtime="20240211 18:02:06.636"/>
</kw>
<kw name="Capture Page Screenshot" library="SeleniumLibrary">
<doc>Takes a screenshot of the current page and embeds it into a log file.</doc>
<msg timestamp="20240211 18:02:07.705" level="INFO" html="true">&lt;/td&gt;&lt;/tr&gt;&lt;tr&gt;&lt;td colspan="3"&gt;&lt;a href="0-selenium-screenshot-3.png"&gt;&lt;img src="0-selenium-screenshot-3.png" width="800px"&gt;&lt;/a&gt;</msg>
<status status="PASS" starttime="20240211 18:02:06.636" endtime="20240211 18:02:07.705"/>
</kw>
<kw name="Go To" library="SeleniumLibrary">
<arg>https://robotframework.org/SeleniumLibrary/SeleniumLibrary.html</arg>
<doc>Navigates the current browser window to the provided ``url``.</doc>
<msg timestamp="20240211 18:02:07.705" level="INFO">Opening url 'https://robotframework.org/SeleniumLibrary/SeleniumLibrary.html'</msg>
<status status="PASS" starttime="20240211 18:02:07.705" endtime="20240211 18:02:09.738"/>
</kw>
<kw name="Sleep" library="BuiltIn">
<arg>5s</arg>
<doc>Pauses the test executed for the given time.</doc>
<msg timestamp="20240211 18:02:14.738" level="INFO">Slept 5 seconds</msg>
<status status="PASS" starttime="20240211 18:02:09.738" endtime="20240211 18:02:14.738"/>
</kw>
<kw name="Execute Javascript" library="SeleniumLibrary">
<arg>window.scrollTo(0,document.body.scrollHeight)</arg>
<doc>Executes the given JavaScript code with possible arguments.</doc>
<msg timestamp="20240211 18:02:14.740" level="INFO">Executing JavaScript:
window.scrollTo(0,document.body.scrollHeight)
Without any arguments.</msg>
<status status="PASS" starttime="20240211 18:02:14.738" endtime="20240211 18:02:15.762"/>
</kw>
<kw name="Sleep" library="BuiltIn">
<arg>5s</arg>
<doc>Pauses the test executed for the given time.</doc>
<msg timestamp="20240211 18:02:20.764" level="INFO">Slept 5 seconds</msg>
<status status="PASS" starttime="20240211 18:02:15.762" endtime="20240211 18:02:20.764"/>
</kw>
<kw name="Execute Javascript" library="SeleniumLibrary">
<arg>window.scrollTo(0,-document.body.scrollHeight)</arg>
<doc>Executes the given JavaScript code with possible arguments.</doc>
<msg timestamp="20240211 18:02:20.764" level="INFO">Executing JavaScript:
window.scrollTo(0,-document.body.scrollHeight)
Without any arguments.</msg>
<status status="PASS" starttime="20240211 18:02:20.764" endtime="20240211 18:02:21.771"/>
</kw>
<kw name="Sleep" library="BuiltIn">
<arg>5s</arg>
<doc>Pauses the test executed for the given time.</doc>
<msg timestamp="20240211 18:02:26.772" level="INFO">Slept 5 seconds</msg>
<status status="PASS" starttime="20240211 18:02:21.771" endtime="20240211 18:02:26.772"/>
</kw>
<kw name="Go To" library="SeleniumLibrary">
<arg>https://robotframework.org/SeleniumLibrary/SeleniumLibrary.html</arg>
<doc>Navigates the current browser window to the provided ``url``.</doc>
<msg timestamp="20240211 18:02:26.773" level="INFO">Opening url 'https://robotframework.org/SeleniumLibrary/SeleniumLibrary.html'</msg>
<status status="PASS" starttime="20240211 18:02:26.772" endtime="20240211 18:02:27.874"/>
</kw>
<kw name="Sleep" library="BuiltIn">
<arg>5s</arg>
<doc>Pauses the test executed for the given time.</doc>
<msg timestamp="20240211 18:02:32.874" level="INFO">Slept 5 seconds</msg>
<status status="PASS" starttime="20240211 18:02:27.874" endtime="20240211 18:02:32.874"/>
</kw>
<kw name="Close Browser" library="SeleniumLibrary">
<doc>Closes the current browser.</doc>
<status status="PASS" starttime="20240211 18:02:32.874" endtime="20240211 18:02:36.687"/>
</kw>
<status status="PASS" starttime="20240211 18:01:44.644" endtime="20240211 18:02:36.688"/>
</test>
<test id="s1-t16" name="TC_15 For Loop in Robot Framework" line="345">
<kw name="Log To Console" library="BuiltIn">
<arg>1nd For loop</arg>
<doc>Logs the given message to the console.</doc>
<status status="PASS" starttime="20240211 18:02:36.691" endtime="20240211 18:02:36.692"/>
</kw>
<for flavor="IN RANGE">
<var>${i}</var>
<value>1</value>
<value>10</value>
<iter>
<var name="${i}">1</var>
<kw name="Log" library="BuiltIn">
<arg>${i}</arg>
<doc>Logs the given message with the given level.</doc>
<msg timestamp="20240211 18:02:57.038" level="INFO">1</msg>
<status status="PASS" starttime="20240211 18:02:36.695" endtime="20240211 18:02:57.038"/>
</kw>
<kw name="Log To Console" library="BuiltIn">
<arg>${i}</arg>
<doc>Logs the given message to the console.</doc>
<status status="PASS" starttime="20240211 18:02:57.039" endtime="20240211 18:02:57.040"/>
</kw>
<status status="PASS" starttime="20240211 18:02:36.694" endtime="20240211 18:02:57.040"/>
</iter>
<iter>
<var name="${i}">2</var>
<kw name="Log" library="BuiltIn">
<arg>${i}</arg>
<doc>Logs the given message with the given level.</doc>
<msg timestamp="20240211 18:02:57.042" level="INFO">2</msg>
<status status="PASS" starttime="20240211 18:02:57.041" endtime="20240211 18:02:57.042"/>
</kw>
<kw name="Log To Console" library="BuiltIn">
<arg>${i}</arg>
<doc>Logs the given message to the console.</doc>
<status status="PASS" starttime="20240211 18:02:57.042" endtime="20240211 18:02:57.042"/>
</kw>
<status status="PASS" starttime="20240211 18:02:57.041" endtime="20240211 18:02:57.042"/>
</iter>
<iter>
<var name="${i}">3</var>
<kw name="Log" library="BuiltIn">
<arg>${i}</arg>
<doc>Logs the given message with the given level.</doc>
<msg timestamp="20240211 18:02:57.043" level="INFO">3</msg>
<status status="PASS" starttime="20240211 18:02:57.043" endtime="20240211 18:02:57.044"/>
</kw>
<kw name="Log To Console" library="BuiltIn">
<arg>${i}</arg>
<doc>Logs the given message to the console.</doc>
<status status="PASS" starttime="20240211 18:02:57.044" endtime="20240211 18:02:57.044"/>
</kw>
<status status="PASS" starttime="20240211 18:02:57.043" endtime="20240211 18:02:57.044"/>
</iter>
<iter>
<var name="${i}">4</var>
<kw name="Log" library="BuiltIn">
<arg>${i}</arg>
<doc>Logs the given message with the given level.</doc>
<msg timestamp="20240211 18:02:57.046" level="INFO">4</msg>
<status status="PASS" starttime="20240211 18:02:57.046" endtime="20240211 18:02:57.046"/>
</kw>
<kw name="Log To Console" library="BuiltIn">
<arg>${i}</arg>
<doc>Logs the given message to the console.</doc>
<status status="PASS" starttime="20240211 18:02:57.046" endtime="20240211 18:02:57.047"/>
</kw>
<status status="PASS" starttime="20240211 18:02:57.044" endtime="20240211 18:02:57.047"/>
</iter>
<iter>
<var name="${i}">5</var>
<kw name="Log" library="BuiltIn">
<arg>${i}</arg>
<doc>Logs the given message with the given level.</doc>
<msg timestamp="20240211 18:02:57.048" level="INFO">5</msg>
<status status="PASS" starttime="20240211 18:02:57.048" endtime="20240211 18:02:57.049"/>
</kw>
<kw name="Log To Console" library="BuiltIn">
<arg>${i}</arg>
<doc>Logs the given message to the console.</doc>
<status status="PASS" starttime="20240211 18:02:57.049" endtime="20240211 18:02:57.050"/>
</kw>
<status status="PASS" starttime="20240211 18:02:57.048" endtime="20240211 18:02:57.050"/>
</iter>
<iter>
<var name="${i}">6</var>
<kw name="Log" library="BuiltIn">
<arg>${i}</arg>
<doc>Logs the given message with the given level.</doc>
<msg timestamp="20240211 18:02:57.052" level="INFO">6</msg>
<status status="PASS" starttime="20240211 18:02:57.051" endtime="20240211 18:02:57.052"/>
</kw>
<kw name="Log To Console" library="BuiltIn">
<arg>${i}</arg>
<doc>Logs the given message to the console.</doc>
<status status="PASS" starttime="20240211 18:02:57.052" endtime="20240211 18:02:57.052"/>
</kw>
<status status="PASS" starttime="20240211 18:02:57.050" endtime="20240211 18:02:57.052"/>
</iter>
<iter>
<var name="${i}">7</var>
<kw name="Log" library="BuiltIn">
<arg>${i}</arg>
<doc>Logs the given message with the given level.</doc>
<msg timestamp="20240211 18:02:57.054" level="INFO">7</msg>
<status status="PASS" starttime="20240211 18:02:57.054" endtime="20240211 18:02:57.054"/>
</kw>
<kw name="Log To Console" library="BuiltIn">
<arg>${i}</arg>
<doc>Logs the given message to the console.</doc>
<status status="PASS" starttime="20240211 18:02:57.054" endtime="20240211 18:02:57.055"/>
</kw>
<status status="PASS" starttime="20240211 18:02:57.053" endtime="20240211 18:02:57.055"/>
</iter>
<iter>
<var name="${i}">8</var>
<kw name="Log" library="BuiltIn">
<arg>${i}</arg>
<doc>Logs the given message with the given level.</doc>
<msg timestamp="20240211 18:02:57.056" level="INFO">8</msg>
<status status="PASS" starttime="20240211 18:02:57.056" endtime="20240211 18:02:57.056"/>
</kw>
<kw name="Log To Console" library="BuiltIn">
<arg>${i}</arg>
<doc>Logs the given message to the console.</doc>
<status status="PASS" starttime="20240211 18:02:57.057" endtime="20240211 18:02:57.057"/>
</kw>
<status status="PASS" starttime="20240211 18:02:57.055" endtime="20240211 18:02:57.057"/>
</iter>
<iter>
<var name="${i}">9</var>
<kw name="Log" library="BuiltIn">
<arg>${i}</arg>
<doc>Logs the given message with the given level.</doc>
<msg timestamp="20240211 18:02:57.058" level="INFO">9</msg>
<status status="PASS" starttime="20240211 18:02:57.058" endtime="20240211 18:02:57.058"/>
</kw>
<kw name="Log To Console" library="BuiltIn">
<arg>${i}</arg>
<doc>Logs the given message to the console.</doc>
<status status="PASS" starttime="20240211 18:02:57.058" endtime="20240211 18:02:57.059"/>
</kw>
<status status="PASS" starttime="20240211 18:02:57.058" endtime="20240211 18:02:57.059"/>
</iter>
<status status="PASS" starttime="20240211 18:02:36.692" endtime="20240211 18:02:57.059"/>
</for>
<kw name="Log To Console" library="BuiltIn">
<arg>2nd For loop\n</arg>
<doc>Logs the given message to the console.</doc>
[...]
</kw>
<kw name="Exit For Loop If" library="BuiltIn">
<arg>${item}==4</arg>
<doc>Stops executing the enclosing FOR loop if the ``condition`` is true.</doc>
<status status="PASS" starttime="20240211 18:02:57.107" endtime="20240211 18:02:57.108"/>
</kw>
<status status="PASS" starttime="20240211 18:02:57.107" endtime="20240211 18:02:57.108"/>
</iter>
<iter>
<var name="${item}">7</var>
<kw name="Log" library="BuiltIn">
<arg>${item}</arg>
<doc>Logs the given message with the given level.</doc>
<msg timestamp="20240211 18:02:57.108" level="INFO">7</msg>
<status status="PASS" starttime="20240211 18:02:57.108" endtime="20240211 18:02:57.108"/>
</kw>
<kw name="Log To Console" library="BuiltIn">
<arg>${item}</arg>
<doc>Logs the given message to the console.</doc>
<status status="PASS" starttime="20240211 18:02:57.108" endtime="20240211 18:02:57.108"/>
</kw>
<kw name="Exit For Loop If" library="BuiltIn">
<arg>${item}==4</arg>
<doc>Stops executing the enclosing FOR loop if the ``condition`` is true.</doc>
<status status="PASS" starttime="20240211 18:02:57.109" endtime="20240211 18:02:57.109"/>
</kw>
<status status="PASS" starttime="20240211 18:02:57.108" endtime="20240211 18:02:57.109"/>
</iter>
<iter>
<var name="${item}">6</var>
<kw name="Log" library="BuiltIn">
<arg>${item}</arg>
<doc>Logs the given message with the given level.</doc>
<msg timestamp="20240211 18:02:57.109" level="INFO">6</msg>
<status status="PASS" starttime="20240211 18:02:57.109" endtime="20240211 18:02:57.109"/>
</kw>
<kw name="Log To Console" library="BuiltIn">
<arg>${item}</arg>
<doc>Logs the given message to the console.</doc>
<status status="PASS" starttime="20240211 18:02:57.109" endtime="20240211 18:02:57.109"/>
</kw>
<kw name="Exit For Loop If" library="BuiltIn">
<arg>${item}==4</arg>
<doc>Stops executing the enclosing FOR loop if the ``condition`` is true.</doc>
<status status="PASS" starttime="20240211 18:02:57.109" endtime="20240211 18:02:57.111"/>
</kw>
<status status="PASS" starttime="20240211 18:02:57.109" endtime="20240211 18:02:57.111"/>
</iter>
<iter>
<var name="${item}">4</var>
<kw name="Log" library="BuiltIn">
<arg>${item}</arg>
<doc>Logs the given message with the given level.</doc>
<msg timestamp="20240211 18:02:57.111" level="INFO">4</msg>
<status status="PASS" starttime="20240211 18:02:57.111" endtime="20240211 18:02:57.111"/>
</kw>
<kw name="Log To Console" library="BuiltIn">
<arg>${item}</arg>
<doc>Logs the given message to the console.</doc>
<status status="PASS" starttime="20240211 18:02:57.111" endtime="20240211 18:02:57.111"/>
</kw>
<kw name="Exit For Loop If" library="BuiltIn">
<arg>${item}==4</arg>
<doc>Stops executing the enclosing FOR loop if the ``condition`` is true.</doc>
<msg timestamp="20240211 18:02:57.112" level="INFO">Exiting for loop altogether.</msg>
<status status="PASS" starttime="20240211 18:02:57.111" endtime="20240211 18:02:57.112"/>
</kw>
<status status="PASS" starttime="20240211 18:02:57.111" endtime="20240211 18:02:57.112"/>
</iter>
<status status="PASS" starttime="20240211 18:02:57.105" endtime="20240211 18:02:57.112"/>
</for>
<status status="PASS" starttime="20240211 18:02:36.689" endtime="20240211 18:02:57.112"/>
</test>
<test id="s1-t17" name="TC_16 count no of links and extract links" line="388">
<kw name="Open Browser" library="SeleniumLibrary">
<arg>https://testautomationpractice.blogspot.com/</arg>
<doc>Opens a new browser instance to the optional ``url``.</doc>
<msg timestamp="20240211 18:02:57.113" level="INFO">Opening browser 'firefox' to base url 'https://testautomationpractice.blogspot.com/'.</msg>
<status status="PASS" starttime="20240211 18:02:57.113" endtime="20240211 18:03:08.331"/>
</kw>
<kw name="Maximize Browser Window" library="SeleniumLibrary">
<doc>Maximizes current browser window.</doc>
<status status="PASS" starttime="20240211 18:03:08.331" endtime="20240211 18:03:09.334"/>
</kw>
<kw name="Get Element Count" library="SeleniumLibrary">
<var>${all_links_count}</var>
<arg>//*[@id="post-body-1307673142697428135"]/div</arg>
<doc>Returns the number of elements matching ``locator``.</doc>
<msg timestamp="20240211 18:03:10.359" level="INFO">${all_links_count} = 7</msg>
<status status="PASS" starttime="20240211 18:03:09.334" endtime="20240211 18:03:10.359"/>
</kw>
<kw name="Log To Console" library="BuiltIn">
<arg>${all_links_count}</arg>
<doc>Logs the given message to the console.</doc>
<status status="PASS" starttime="20240211 18:03:10.359" endtime="20240211 18:03:10.359"/>
</kw>
<kw name="Create List" library="BuiltIn">
<var>@{all_links}</var>
<doc>Returns a list containing given items.</doc>
<msg timestamp="20240211 18:03:10.361" level="INFO">@{all_links} = [ ]</msg>
<status status="PASS" starttime="20240211 18:03:10.359" endtime="20240211 18:03:10.361"/>
</kw>
<for flavor="IN RANGE">
<var>${item}</var>
<value>1</value>
<value>${all_links_count}</value>
<iter>
<var name="${item}">1</var>
<kw name="Log" library="BuiltIn">
<arg>${item}</arg>
<doc>Logs the given message with the given level.</doc>
<msg timestamp="20240211 18:03:10.361" level="INFO">1</msg>
<status status="PASS" starttime="20240211 18:03:10.361" endtime="20240211 18:03:10.361"/>
</kw>
<kw name="Get Text" library="SeleniumLibrary">
<var>${linktext}</var>
<arg>//*[@id="post-body-1307673142697428135"]/div[${item}]</arg>
<doc>Returns the text value of the element identified by ``locator``.</doc>
<msg timestamp="20240211 18:03:12.402" level="INFO">${linktext} = Name:
Email:
Phone:</msg>
<status status="PASS" starttime="20240211 18:03:10.363" endtime="20240211 18:03:12.402"/>
</kw>
<kw name="Log To Console" library="BuiltIn">
<arg>${linktext}</arg>
<doc>Logs the given message to the console.</doc>
<status status="PASS" starttime="20240211 18:03:12.402" endtime="20240211 18:03:12.404"/>
</kw>
<status status="PASS" starttime="20240211 18:03:10.361" endtime="20240211 18:03:12.404"/>
</iter>
<iter>
<var name="${item}">2</var>
<kw name="Log" library="BuiltIn">
<arg>${item}</arg>
<doc>Logs the given message with the given level.</doc>
<msg timestamp="20240211 18:03:12.404" level="INFO">2</msg>
<status status="PASS" starttime="20240211 18:03:12.404" endtime="20240211 18:03:12.404"/>
</kw>
<kw name="Get Text" library="SeleniumLibrary">
<var>${linktext}</var>
<arg>//*[@id="post-body-1307673142697428135"]/div[${item}]</arg>
<doc>Returns the text value of the element identified by ``locator``.</doc>
<msg timestamp="20240211 18:03:14.452" level="INFO">${linktext} = Address:</msg>
<status status="PASS" starttime="20240211 18:03:12.404" endtime="20240211 18:03:14.452"/>
</kw>
<kw name="Log To Console" library="BuiltIn">
<arg>${linktext}</arg>
<doc>Logs the given message to the console.</doc>
<status status="PASS" starttime="20240211 18:03:14.452" endtime="20240211 18:03:14.453"/>
</kw>
<status status="PASS" starttime="20240211 18:03:12.404" endtime="20240211 18:03:14.453"/>
</iter>
<iter>
<var name="${item}">3</var>
<kw name="Log" library="BuiltIn">
<arg>${item}</arg>
<doc>Logs the given message with the given level.</doc>
<msg timestamp="20240211 18:03:14.454" level="INFO">3</msg>
<status status="PASS" starttime="20240211 18:03:14.454" endtime="20240211 18:03:14.454"/>
</kw>
<kw name="Get Text" library="SeleniumLibrary">
<var>${linktext}</var>
<arg>//*[@id="post-body-1307673142697428135"]/div[${item}]</arg>
<doc>Returns the text value of the element identified by ``locator``.</doc>
<msg timestamp="20240211 18:03:16.479" level="INFO">${linktext} = Gender:
Male
Female</msg>
<status status="PASS" starttime="20240211 18:03:14.454" endtime="20240211 18:03:16.479"/>
</kw>
<kw name="Log To Console" library="BuiltIn">
<arg>${linktext}</arg>
<doc>Logs the given message to the console.</doc>
<status status="PASS" starttime="20240211 18:03:16.479" endtime="20240211 18:03:16.481"/>
</kw>
<status status="PASS" starttime="20240211 18:03:14.454" endtime="20240211 18:03:16.481"/>
</iter>
<iter>
<var name="${item}">4</var>
<kw name="Log" library="BuiltIn">
<arg>${item}</arg>
<doc>Logs the given message with the given level.</doc>
<msg timestamp="20240211 18:03:16.482" level="INFO">4</msg>
<status status="PASS" starttime="20240211 18:03:16.482" endtime="20240211 18:03:16.482"/>
</kw>
<kw name="Get Text" library="SeleniumLibrary">
<var>${linktext}</var>
<arg>//*[@id="post-body-1307673142697428135"]/div[${item}]</arg>
<doc>Returns the text value of the element identified by ``locator``.</doc>
<msg timestamp="20240211 18:03:18.530" level="INFO">${linktext} = Days:
Sunday
Monday
Tuesday
Wednesday
Thursday
Friday
Saturday</msg>
<status status="PASS" starttime="20240211 18:03:16.482" endtime="20240211 18:03:18.530"/>
</kw>
<kw name="Log To Console" library="BuiltIn">
<arg>${linktext}</arg>
<doc>Logs the given message to the console.</doc>
<status status="PASS" starttime="20240211 18:03:18.531" endtime="20240211 18:03:18.531"/>
</kw>
<status status="PASS" starttime="20240211 18:03:16.482" endtime="20240211 18:03:18.532"/>
</iter>
<iter>
<var name="${item}">5</var>
<kw name="Log" library="BuiltIn">
<arg>${item}</arg>
<doc>Logs the given message with the given level.</doc>
<msg timestamp="20240211 18:03:18.532" level="INFO">5</msg>
<status status="PASS" starttime="20240211 18:03:18.532" endtime="20240211 18:03:18.533"/>
</kw>
<kw name="Get Text" library="SeleniumLibrary">
<var>${linktext}</var>
<arg>//*[@id="post-body-1307673142697428135"]/div[${item}]</arg>
<doc>Returns the text value of the element identified by ``locator``.</doc>
<msg timestamp="20240211 18:03:20.582" level="INFO">${linktext} = Country:
United States
Canada
United Kingdom
Germany
France
Australia
Japan
China
Brazil
India</msg>
<status status="PASS" starttime="20240211 18:03:18.533" endtime="20240211 18:03:20.582"/>
</kw>
<kw name="Log To Console" library="BuiltIn">
<arg>${linktext}</arg>
<doc>Logs the given message to the console.</doc>
<status status="PASS" starttime="20240211 18:03:20.582" endtime="20240211 18:03:20.583"/>
</kw>
<status status="PASS" starttime="20240211 18:03:18.532" endtime="20240211 18:03:20.583"/>
</iter>
<iter>
<var name="${item}">6</var>
<kw name="Log" library="BuiltIn">
<arg>${item}</arg>
<doc>Logs the given message with the given level.</doc>
<msg timestamp="20240211 18:03:20.583" level="INFO">6</msg>
<status status="PASS" starttime="20240211 18:03:20.583" endtime="20240211 18:03:20.583"/>
</kw>
<kw name="Get Text" library="SeleniumLibrary">
<var>${linktext}</var>
<arg>//*[@id="post-body-1307673142697428135"]/div[${item}]</arg>
<doc>Returns the text value of the element identified by ``locator``.</doc>
<msg timestamp="20240211 18:03:22.613" level="INFO">${linktext} = Colors:
Red
Blue
Green
Yellow
White</msg>
<status status="PASS" starttime="20240211 18:03:20.583" endtime="20240211 18:03:22.613"/>
</kw>
<kw name="Log To Console" library="BuiltIn">
<arg>${linktext}</arg>
<doc>Logs the given message to the console.</doc>
<status status="PASS" starttime="20240211 18:03:22.613" endtime="20240211 18:03:22.613"/>
</kw>
<status status="PASS" starttime="20240211 18:03:20.583" endtime="20240211 18:03:22.613"/>
</iter>
<status status="PASS" starttime="20240211 18:03:10.361" endtime="20240211 18:03:22.613"/>
</for>
<status status="PASS" starttime="20240211 18:02:57.112" endtime="20240211 18:03:22.613"/>
</test>
<test id="s1-t18" name="TC_17 Works on HTML table" line="407">
<kw name="Open Browser" library="SeleniumLibrary">
<arg>https://testautomationpractice.blogspot.com/</arg>
<doc>Opens a new browser instance to the optional ``url``.</doc>
<msg timestamp="20240211 18:03:22.619" level="INFO">Opening browser 'firefox' to base url 'https://testautomationpractice.blogspot.com/'.</msg>
<status status="PASS" starttime="20240211 18:03:22.618" endtime="20240211 18:03:34.840"/>
</kw>
<kw name="Sleep" library="BuiltIn">
<arg>2s</arg>
<doc>Pauses the test executed for the given time.</doc>
<msg timestamp="20240211 18:03:36.841" level="INFO">Slept 2 seconds</msg>
<status status="PASS" starttime="20240211 18:03:34.840" endtime="20240211 18:03:36.841"/>
</kw>
<kw name="Get Element Count" library="SeleniumLibrary">
<var>${table_row}</var>
<arg>//*[@name="BookTable"]/tbody/tr</arg>
<doc>Returns the number of elements matching ``locator``.</doc>
<msg timestamp="20240211 18:03:37.855" level="INFO">${table_row} = 7</msg>
<status status="PASS" starttime="20240211 18:03:36.841" endtime="20240211 18:03:37.855"/>
</kw>
<kw name="Log To Console" library="BuiltIn">
<arg>Total rows of table: ${table_row}</arg>
<doc>Logs the given message to the console.</doc>
<status status="PASS" starttime="20240211 18:03:37.855" endtime="20240211 18:03:37.855"/>
</kw>
<kw name="Sleep" library="BuiltIn">
<arg>3s</arg>
<doc>Pauses the test executed for the given time.</doc>
<msg timestamp="20240211 18:03:40.855" level="INFO">Slept 3 seconds</msg>
<status status="PASS" starttime="20240211 18:03:37.855" endtime="20240211 18:03:40.855"/>
</kw>
<kw name="Get Element Count" library="SeleniumLibrary">
<var>${table_colum}</var>
<arg>//*[@name="BookTable"]/tbody/tr[1]/th</arg>
<doc>Returns the number of elements matching ``locator``.</doc>
<msg timestamp="20240211 18:03:41.863" level="INFO">${table_colum} = 4</msg>
<status status="PASS" starttime="20240211 18:03:40.855" endtime="20240211 18:03:41.863"/>
</kw>
<kw name="Log To Console" library="BuiltIn">
<arg>Total no of colums ${table_colum}</arg>
<doc>Logs the given message to the console.</doc>
<status status="PASS" starttime="20240211 18:03:41.863" endtime="20240211 18:03:41.865"/>
</kw>
<kw name="Table Column Should Contain" library="SeleniumLibrary">
<arg>//*[@name="BookTable"]</arg>
<arg>3</arg>
<arg>Subject</arg>
<doc>Verifies table column contains text ``expected``.</doc>
<status status="PASS" starttime="20240211 18:03:41.865" endtime="20240211 18:03:45.902"/>
</kw>
<kw name="Table Row Should Contain" library="SeleniumLibrary">
<arg>//*[@name="BookTable"]</arg>
<arg>3</arg>
<arg>Learn Java</arg>
<doc>Verifies that table row contains text ``expected``.</doc>
<status status="PASS" starttime="20240211 18:03:45.902" endtime="20240211 18:03:49.937"/>
</kw>
<kw name="Table Cell Should Contain" library="SeleniumLibrary">
<arg>//*[@name="BookTable"]</arg>
<arg>3</arg>
<arg>3</arg>
<arg>Java</arg>
<doc>Verifies table cell contains text ``expected``.</doc>
<msg timestamp="20240211 18:04:05.976" level="INFO">Table cell contains 'Java'.</msg>
<status status="PASS" starttime="20240211 18:03:49.937" endtime="20240211 18:04:05.976"/>
</kw>
<kw name="Table Should Contain" library="SeleniumLibrary">
<arg>//*[@name="BookTable"]</arg>
<arg>Java</arg>
<doc>Verifies table contains text ``expected``.</doc>
<status status="PASS" starttime="20240211 18:04:05.976" endtime="20240211 18:04:10.054"/>
</kw>
<kw name="Close Browser" library="SeleniumLibrary">
<doc>Closes the current browser.</doc>
<status status="PASS" starttime="20240211 18:04:10.054" endtime="20240211 18:04:13.875"/>
</kw>
<status status="PASS" starttime="20240211 18:03:22.613" endtime="20240211 18:04:13.875"/>
</test>
<test id="s1-t19" name="TC_18 POM in Selenium" line="425">
<status status="FAIL" starttime="20240211 18:04:13.876" endtime="20240211 18:04:13.876">Test cannot be empty.</status>
</test>
<kw name="Close Browser" library="SeleniumLibrary" type="TEARDOWN">
<doc>Closes the current browser.</doc>
<status status="PASS" starttime="20240211 18:04:13.878" endtime="20240211 18:04:13.879"/>
</kw>
<doc>[https://pabot.org/?ref=log|Pabot] result from 1 executions.</doc>
<status status="FAIL" starttime="20240211 17:51:39.676" endtime="20240211 18:04:13.879"/>
</suite>
<statistics>
<total>
<stat pass="15" fail="4" skip="0">All Tests</stat>
</total>
<tag>
</tag>
<suite>
<stat pass="15" fail="4" skip="0" id="s1" name="File2 All GUI Case">File2 All GUI Case</stat>
</suite>
</statistics>
<errors>
<msg timestamp="20240211 17:59:30.019" level="WARN">Retrying (Retry(total=2, connect=None, read=None, redirect=None, status=None)) after connection broken by 'NewConnectionError('&lt;urllib3.connection.HTTPConnection object at 0x00000202F3B5D4C0&gt;: Failed to establish a new connection: [WinError 10061] No connection could be made because the target machine actively refused it')': /session/cebe4930-7123-4d0e-9557-0ee2b698e1c3/title</msg>
<msg timestamp="20240211 17:59:34.122" level="WARN">Retrying (Retry(total=1, connect=None, read=None, redirect=None, status=None)) after connection broken by 'NewConnectionError('&lt;urllib3.connection.HTTPConnection object at 0x00000202F12ABDA0&gt;: Failed to establish a new connection: [WinError 10061] No connection could be made because the target machine actively refused it')': /session/cebe4930-7123-4d0e-9557-0ee2b698e1c3/title</msg>
<msg timestamp="20240211 17:59:38.186" level="WARN">Retrying (Retry(total=0, connect=None, read=None, redirect=None, status=None)) after connection broken by 'NewConnectionError('&lt;urllib3.connection.HTTPConnection object at 0x00000202F4BC4AA0&gt;: Failed to establish a new connection: [WinError 10061] No connection could be made because the target machine actively refused it')': /session/cebe4930-7123-4d0e-9557-0ee2b698e1c3/title</msg>
<msg timestamp="20240211 17:59:46.334" level="WARN">Retrying (Retry(total=2, connect=None, read=None, redirect=None, status=None)) after connection broken by 'NewConnectionError('&lt;urllib3.connection.HTTPConnection object at 0x00000202F4A19E20&gt;: Failed to establish a new connection: [WinError 10061] No connection could be made because the target machine actively refused it')': /session/cebe4930-7123-4d0e-9557-0ee2b698e1c3/screenshot</msg>
<msg timestamp="20240211 17:59:50.408" level="WARN">Retrying (Retry(total=1, connect=None, read=None, redirect=None, status=None)) after connection broken by 'NewConnectionError('&lt;urllib3.connection.HTTPConnection object at 0x00000202F4BD8470&gt;: Failed to establish a new connection: [WinError 10061] No connection could be made because the target machine actively refused it')': /session/cebe4930-7123-4d0e-9557-0ee2b698e1c3/screenshot</msg>
<msg timestamp="20240211 17:59:54.484" level="WARN">Retrying (Retry(total=0, connect=None, read=None, redirect=None, status=None)) after connection broken by 'NewConnectionError('&lt;urllib3.connection.HTTPConnection object at 0x00000202F4BD9760&gt;: Failed to establish a new connection: [WinError 10061] No connection could be made because the target machine actively refused it')': /session/cebe4930-7123-4d0e-9557-0ee2b698e1c3/screenshot</msg>
<msg timestamp="20240211 17:59:58.583" level="WARN">Keyword 'Capture Page Screenshot' could not be run on failure: HTTPConnectionPool(host='localhost', port=49323): Max retries exceeded with url: /session/cebe4930-7123-4d0e-9557-0ee2b698e1c3/screenshot (Caused by NewConnectionError('&lt;urllib3.connection.HTTPConnection object at 0x00000202F4BDB050&gt;: Failed to establish a new connection: [WinError 10061] No connection could be made because the target machine actively refused it'))</msg>
<msg timestamp="20240211 18:01:24.345" level="WARN">Taking screenshot failed: Taking screenshots is not supported on this platform by default. See library documentation for details.
Make sure tests are run with a physical or virtual display.</msg>
<msg timestamp="20240211 18:01:26.633" level="WARN">Taking screenshot failed: Taking screenshots is not supported on this platform by default. See library documentation for details.
Make sure tests are run with a physical or virtual display.</msg>
<msg timestamp="20240211 18:01:36.055" level="WARN">Taking screenshot failed: Taking screenshots is not supported on this platform by default. See library documentation for details.
Make sure tests are run with a physical or virtual display.</msg>
<msg timestamp="20240211 18:01:39.641" level="WARN">Taking screenshot failed: Taking screenshots is not supported on this platform by default. See library documentation for details.
Make sure tests are run with a physical or virtual display.</msg>
</errors>
</robot>
