<?xml version="1.0" encoding="UTF-8"?>
<robot generator="Robot 6.1.1 (Python 3.12.1 on win32)" generated="20240211 18:33:21.289" rpa="false" schemaversion="4">
<suite id="s1" name="File2 All GUI Case" source="D:\Personal_Project_Space\Robot_Framework\GUI_Testing\TestCases\File2_All_GUI_Case.robot">
<test id="s1-t1" name="TC_14 Scrolling with JavascriptExecutor" line="308">
<kw name="Open Browser" library="SeleniumLibrary">
<arg>https://testautomationpractice.blogspot.com/</arg>
<doc>Opens a new browser instance to the optional ``url``.</doc>
<msg timestamp="20240211 18:33:21.548" level="INFO">Opening browser 'firefox' to base url 'https://testautomationpractice.blogspot.com/'.</msg>
<status status="PASS" starttime="20240211 18:33:21.548" endtime="20240211 18:33:34.458"/>
</kw>
<kw name="Set Selenium Implicit Wait" library="SeleniumLibrary">
<arg>10s</arg>
<doc>Sets the implicit wait value used by Selenium.</doc>
<status status="PASS" starttime="20240211 18:33:34.462" endtime="20240211 18:33:34.463"/>
</kw>
<kw name="Sleep" library="BuiltIn">
<arg>3s</arg>
<doc>Pauses the test executed for the given time.</doc>
<msg timestamp="20240211 18:33:37.468" level="INFO">Slept 3 seconds</msg>
<status status="PASS" starttime="20240211 18:33:34.467" endtime="20240211 18:33:37.468"/>
</kw>
<kw name="Execute Javascript" library="SeleniumLibrary">
<arg>window.scrollTo(0,500)</arg>
<doc>Executes the given JavaScript code with possible arguments.</doc>
<msg timestamp="20240211 18:33:37.480" level="INFO">Executing JavaScript:
window.scrollTo(0,500)
Without any arguments.</msg>
<status status="PASS" starttime="20240211 18:33:37.480" endtime="20240211 18:33:37.506"/>
</kw>
<kw name="Capture Page Screenshot" library="SeleniumLibrary">
<doc>Takes a screenshot of the current page and embeds it into a log file.</doc>
<msg timestamp="20240211 18:33:37.609" level="INFO" html="true">&lt;/td&gt;&lt;/tr&gt;&lt;tr&gt;&lt;td colspan="3"&gt;&lt;a href="selenium-screenshot-1.png"&gt;&lt;img src="selenium-screenshot-1.png" width="800px"&gt;&lt;/a&gt;</msg>
<status status="PASS" starttime="20240211 18:33:37.506" endtime="20240211 18:33:37.609"/>
</kw>
<kw name="Go To" library="SeleniumLibrary">
<arg>https://robotframework.org/SeleniumLibrary/SeleniumLibrary.html</arg>
<doc>Navigates the current browser window to the provided ``url``.</doc>
<msg timestamp="20240211 18:33:37.609" level="INFO">Opening url 'https://robotframework.org/SeleniumLibrary/SeleniumLibrary.html'</msg>
<status status="PASS" starttime="20240211 18:33:37.609" endtime="20240211 18:33:38.302"/>
</kw>
<kw name="Sleep" library="BuiltIn">
<arg>5s</arg>
<doc>Pauses the test executed for the given time.</doc>
<msg timestamp="20240211 18:33:43.303" level="INFO">Slept 5 seconds</msg>
<status status="PASS" starttime="20240211 18:33:38.303" endtime="20240211 18:33:43.303"/>
</kw>
<kw name="Execute Javascript" library="SeleniumLibrary">
<arg>window.scrollTo(0,document.body.scrollHeight)</arg>
<doc>Executes the given JavaScript code with possible arguments.</doc>
<msg timestamp="20240211 18:33:43.303" level="INFO">Executing JavaScript:
window.scrollTo(0,document.body.scrollHeight)
Without any arguments.</msg>
<status status="PASS" starttime="20240211 18:33:43.303" endtime="20240211 18:33:43.310"/>
</kw>
<kw name="Sleep" library="BuiltIn">
<arg>5s</arg>
<doc>Pauses the test executed for the given time.</doc>
<msg timestamp="20240211 18:33:48.310" level="INFO">Slept 5 seconds</msg>
<status status="PASS" starttime="20240211 18:33:43.310" endtime="20240211 18:33:48.310"/>
</kw>
<kw name="Execute Javascript" library="SeleniumLibrary">
<arg>window.scrollTo(0,-document.body.scrollHeight)</arg>
<doc>Executes the given JavaScript code with possible arguments.</doc>
<msg timestamp="20240211 18:33:48.310" level="INFO">Executing JavaScript:
window.scrollTo(0,-document.body.scrollHeight)
Without any arguments.</msg>
<status status="PASS" starttime="20240211 18:33:48.310" endtime="20240211 18:33:48.315"/>
</kw>
<kw name="Sleep" library="BuiltIn">
<arg>5s</arg>
<doc>Pauses the test executed for the given time.</doc>
<msg timestamp="20240211 18:33:53.315" level="INFO">Slept 5 seconds</msg>
<status status="PASS" starttime="20240211 18:33:48.315" endtime="20240211 18:33:53.315"/>
</kw>
<kw name="Go To" library="SeleniumLibrary">
<arg>https://robotframework.org/SeleniumLibrary/SeleniumLibrary.html</arg>
<doc>Navigates the current browser window to the provided ``url``.</doc>
<msg timestamp="20240211 18:33:53.315" level="INFO">Opening url 'https://robotframework.org/SeleniumLibrary/SeleniumLibrary.html'</msg>
<status status="PASS" starttime="20240211 18:33:53.315" endtime="20240211 18:33:53.578"/>
</kw>
<kw name="Sleep" library="BuiltIn">
<arg>5s</arg>
<doc>Pauses the test executed for the given time.</doc>
<msg timestamp="20240211 18:33:58.578" level="INFO">Slept 5 seconds</msg>
<status status="PASS" starttime="20240211 18:33:53.578" endtime="20240211 18:33:58.578"/>
</kw>
<kw name="Close Browser" library="SeleniumLibrary">
<doc>Closes the current browser.</doc>
<status status="PASS" starttime="20240211 18:33:58.579" endtime="20240211 18:34:01.626"/>
</kw>
<status status="PASS" starttime="20240211 18:33:21.548" endtime="20240211 18:34:01.627"/>
</test>
<kw name="Close Browser" library="SeleniumLibrary" type="TEARDOWN">
<doc>Closes the current browser.</doc>
<status status="PASS" starttime="20240211 18:34:01.629" endtime="20240211 18:34:01.629"/>
</kw>
<status status="PASS" starttime="20240211 18:33:21.293" endtime="20240211 18:34:01.629"/>
</suite>
<statistics>
<total>
<stat pass="1" fail="0" skip="0">All Tests</stat>
</total>
<tag>
</tag>
<suite>
<stat pass="1" fail="0" skip="0" id="s1" name="File2 All GUI Case">File2 All GUI Case</stat>
</suite>
</statistics>
<errors>
</errors>
</robot>
