<?xml version="1.0" encoding="UTF-8"?>
<robot generator="Robot 6.1.1 (Python 3.12.1 on win32)" generated="20240211 19:13:28.597" rpa="false" schemaversion="4">
<suite id="s1" name="TC 01 SuiteFile" source="D:\Personal_Project_Space\Robot_Framework\API_Testing_Project\TestFile\TC_01_SuiteFile.robot">
<kw name="Suite_Setup" library="TC_01_Keywords" type="SETUP">
<kw name="Log" library="BuiltIn">
<arg>Suite_Setup123</arg>
<doc>Logs the given message with the given level.</doc>
<msg timestamp="20240211 19:13:28.868" level="INFO">Suite_Setup123</msg>
<status status="PASS" starttime="20240211 19:13:28.868" endtime="20240211 19:13:28.868"/>
</kw>
<kw name="Log To Console" library="BuiltIn">
<arg>Suite_Setup123</arg>
<doc>Logs the given message to the console.</doc>
<status status="PASS" starttime="20240211 19:13:28.868" endtime="20240211 19:13:28.869"/>
</kw>
<status status="PASS" starttime="20240211 19:13:28.868" endtime="20240211 19:13:28.869"/>
</kw>
<test id="s1-t1" name="TC_001 Get Student Details [GET]" line="15">
<kw name="To Json" library="RequestsLibrary">
<var>${json1}</var>
<arg>{"USER-ID": "Teri_User_ID", "URL": "http://thetestingworldapi.com"}</arg>
<doc>*DEPRECATED* Please use ${resp.json()} instead. Have a look at the improved HTML output as pretty printing replacement.</doc>
<msg timestamp="20240211 19:13:28.870" level="WARN">Keyword 'RequestsLibrary.To Json' is deprecated. Please use ${resp.json()} instead. Have a look at the improved HTML output as pretty printing replacement.</msg>
<msg timestamp="20240211 19:13:28.871" level="INFO">To JSON using : content={"USER-ID": "Teri_User_ID", "URL": "http://thetestingworldapi.com"} </msg>
<msg timestamp="20240211 19:13:28.871" level="INFO">To JSON using : pretty_print=False </msg>
<msg timestamp="20240211 19:13:28.871" level="INFO">${json1} = {'USER-ID': 'Teri_User_ID', 'URL': 'http://thetestingworldapi.com'}</msg>
<status status="PASS" starttime="20240211 19:13:28.870" endtime="20240211 19:13:28.871"/>
</kw>
<kw name="Log To Console" library="BuiltIn">
<arg>${json1}</arg>
<doc>Logs the given message to the console.</doc>
<status status="PASS" starttime="20240211 19:13:28.871" endtime="20240211 19:13:28.871"/>
</kw>
<kw name="TC_001_SAMPLE" library="TC_01_Keywords">
<arg>${json1['URL']}</arg>
<kw name="Create Session" library="RequestsLibrary">
<arg>TC_001</arg>
<arg>${tc1_url}</arg>
<doc>Create Session: create a HTTP session to a server</doc>
<msg timestamp="20240211 19:13:28.872" level="INFO">Creating Session using : alias=TC_001, url=http://thetestingworldapi.com, headers={},                     cookies={}, auth=None, timeout=None, proxies=None, verify=False,                     debug=0 </msg>
<status status="PASS" starttime="20240211 19:13:28.872" endtime="20240211 19:13:28.872"/>
</kw>
<kw name="GET On Session" library="RequestsLibrary">
<var>${res}</var>
<arg>TC_001</arg>
<arg>/api/studentsDetails/</arg>
<doc>Sends a GET request on a previously created HTTP Session.</doc>
<msg timestamp="20240211 19:13:29.101" level="INFO">GET Request : url=http://thetestingworldapi.com/api/studentsDetails/ (redirected) 
 path_url=/api/studentsDetails/ 
 headers={'User-Agent': 'python-requests/2.31.0', 'Accept-Encoding': 'gzip, deflate', 'Accept': '*/*', 'Connection': 'keep-alive'} 
 body=None 
 </msg>
<msg timestamp="20240211 19:13:29.101" level="INFO">GET Response : url=https://thetestingworldapi.com/api/studentsDetails/ 
 status=200, reason=OK 
 headers={'Cache-Control': 'no-cache', 'Pragma': 'no-cache', 'Content-Type': 'application/json; charset=utf-8', 'Expires': '-1', 'Server': 'Microsoft-IIS/10.0', 'X-AspNet-Version': '4.0.30319', 'X-Powered-By': 'ASP.NET', 'X-Powered-By-Plesk': 'PleskWin', 'Date': 'Sun, 11 Feb 2024 13:43:28 GMT', 'Content-Length': '11170'} 
 body=[{"id":10076747,"first_name":"Abhimanyu","middle_name":"Kumar","last_name":"Pandey","date_of_birth":"16/02/1996"},{"id":10076746,"first_name":"Abhimanyu","middle_name":"Kumar","last_name":"Pandey","date_of_birth":"16/02/1996"},{"id":10076745,"first_name":"Abhimanyu","middle_name":"Kumar","last_name":"Pandey","date_of_birth":"16/02/1996"},{"id":10076744,"first_name":" shakir1122","middle_name":" mairaj3222","last_name":" mufti4333","date_of_birth":" 1992"},{"id":10076743,"first_name":"Abhimanyu","middle_name":"Kumar","last_name":"Pandey","date_of_birth":"16/02/1996"},{"id":10076742,"first_name":"Abhimanyu","middle_name":"Kumar","last_name":"Pandey","date_of_birth":"16/02/1996"},{"id":10076627,"first_name":null,"middle_name":null,"last_name":null,"date_of_birth":null},{"id":10076626,"first_name":null,"middle_name":null,"last_name":null,"date_of_birth":null},{"id":10076625,"first_name":null,"middle_name":null,"last_name":null,"date_of_birth":null},{"id":10076624,"first_name":null,"middle_name":null,"last_name":null,"date_of_birth":null},{"id":10076619,"first_name":null,"middle_name":null,"last_name":null,"date_of_birth":null},{"id":10076618,"first_name":null,"middle_name":null,"last_name":null,"date_of_birth":null},{"id":10076617,"first_name":null,"middle_name":null,"last_name":null,"date_of_birth":null},{"id":10076616,"first_name":null,"middle_name":null,"last_name":null,"date_of_birth":null},{"id":10076615,"first_name":"Nusrat","middle_name":"Zahan","last_name":"Elma ","date_of_birth":"sample string 5"},{"id":10076614,"first_name":"Nusrat","middle_name":"Zahan","last_name":"Elma ","date_of_birth":"sample string 5"},{"id":10076613,"first_name":"Nusrat","middle_name":"Zahan","last_name":"Elma ","date_of_birth":"sample string 5"},{"id":10076612,"first_name":"Nusrat","middle_name":"Zahan","last_name":"Elma ","date_of_birth":"sample string 5"},{"id":10076611,"first_name":"Nusrat","middle_name":"Zahan","last_name":"Elma ","date_of_birth":"sample string 5"},{"id":10076610,"first_name":"Nusrat","middle_name":"Zahan","last_name":"Elma ","date_of_birth":"sample string 5"},{"id":10076609,"first_name":"Nusrat","middle_name":"Zahan","last_name":"Elma ","date_of_birth":"sample string 5"},{"id":10076608,"first_name":"Nusrat","middle_name":"Zahan","last_name":"Elma ","date_of_birth":"sample string 5"},{"id":10076607,"first_name":"Nusrat","middle_name":"Zahan","last_name":"Elma ","date_of_birth":"sample string 5"},{"id":10076606,"first_name":"Nusrat","middle_name":"Zahan","last_name":"Elma ","date_of_birth":"sample string 5"},{"id":10076605,"first_name":"Nusrat","middle_name":"Zahan","last_name":"Elma ","date_of_birth":"sample string 5"},{"id":10076604,"first_name":"Nusrat","middle_name":"Zahan","last_name":"Elma ","date_of_birth":"sample string 5"},{"id":10076603,"first_name":"Nusrat","middle_name":"Zahan","last_name":"Elma ","date_of_birth":"sample string 5"},{"id":10076602,"first_name":"Nusrat","middle_name":"Zahan","last_name":"Elma ","date_of_birth":"sample string 5"},{"id":10076601,"first_name":"Nusrat","middle_name":"Zahan","last_name":"Elma ","date_of_birth":"sample string 5"},{"id":10076600,"first_name":"Nusrat","middle_name":"Zahan","last_name":"Elma ","date_of_birth":"sample string 5"},{"id":10076599,"first_name":"Nusrat","middle_name":"Zahan","last_name":"Elma ","date_of_birth":"sample string 5"},{"id":10076598,"first_name":"Nusrat","middle_name":"Zahan","last_name":"Elma ","date_of_birth":"sample string 5"},{"id":10076597,"first_name":"Nusrat","middle_name":"Zahan","last_name":"Elma ","date_of_birth":"sample string 5"},{"id":10076596,"first_name":"Nusrat","middle_name":"Zahan","last_name":"Elma ","date_of_birth":"sample string 5"},{"id":10076595,"first_name":"Nusrat","middle_name":"Zahan","last_name":"Elma ","date_of_birth":"sample string 5"},{"id":10076594,"first_name":"Nusrat","middle_name":"Zahan","last_name":"Elma ","date_of_birth":"sample string 5"},{"id":10076593,"first_name":"Nusrat","middle_name":"Zahan","last_name":"Elma ","date_of_birth":"sample string 5"},{"id":10076592,"first_name":"Nusrat","middle_name":"Zahan","last_name":"Elma ","date_of_birth":"sample string 5"},{"id":10076591,"first_name":"Nusrat","middle_name":"Zahan","last_name":"Elma ","date_of_birth":"sample string 5"},{"id":10076590,"first_name":"Nusrat","middle_name":"Zahan","last_name":"Elma ","date_of_birth":"sample string 5"},{"id":10076589,"first_name":"Nusrat","middle_name":"Zahan","last_name":"Elma ","date_of_birth":"sample string 5"},{"id":10076588,"first_name":"Nusrat","middle_name":"Zahan","last_name":"Elma ","date_of_birth":"sample string 5"},{"id":10076587,"first_name":"Nusrat","middle_name":"Zahan","last_name":"Elma ","date_of_birth":"sample string 5"},{"id":10076586,"first_name":"Nusrat","middle_name":"Zahan","last_name":"Elma ","date_of_birth":"sample string 5"},{"id":10076585,"first_name":"Nusrat","middle_name":"Zahan","last_name":"Elma ","date_of_birth":"sample string 5"},{"id":10076584,"first_name":"Nusrat","middle_name":"Zahan","last_name":"Elma ","date_of_birth":"sample string 5"},{"id":10076583,"first_name":"Nusrat","middle_name":"Zahan","last_name":"Elma ","date_of_birth":"sample string 5"},{"id":10076582,"first_name":"Nusrat","middle_name":"Zahan","last_name":"Elma ","date_of_birth":"sample string 5"},{"id":10076581,"first_name":"Nusrat","middle_name":"Zahan","last_name":"Elma ","date_of_birth":"sample string 5"},{"id":10076580,"first_name":"Nusrat","middle_name":"Zahan","last_name":"Elma ","date_of_birth":"sample string 5"},{"id":10076579,"first_name":"Nusrat","middle_name":"Zahan","last_name":"Elma ","date_of_birth":"sample string 5"},{"id":10076578,"first_name":"Nusrat","middle_name":"Zahan","last_name":"Elma ","date_of_birth":"sample string 5"},{"id":10076577,"first_name":"Nusrat","middle_name":"Zahan","last_name":"Elma ","date_of_birth":"sample string 5"},{"id":10076576,"first_name":"Nusrat","middle_name":"Zahan","last_name":"Elma ","date_of_birth":"sample string 5"},{"id":10076575,"first_name":"Nusrat","middle_name":"Zahan","last_name":"Elma ","date_of_birth":"sample string 5"},{"id":10076574,"first_name":"Nusrat","middle_name":"Zahan","last_name":"Elma ","date_of_birth":"sample string 5"},{"id":10076573,"first_name":"Nusrat","middle_name":"Zahan","last_name":"Elma ","date_of_birth":"sample string 5"},{"id":10076572,"first_name":"Nusrat","middle_name":"Zahan","last_name":"Elma ","date_of_birth":"sample string 5"},{"id":10076571,"first_name":"Nusrat","middle_name":"Zahan","last_name":"Elma ","date_of_birth":"sample string 5"},{"id":10076570,"first_name":"Nusrat","middle_name":"Zahan","last_name":"Elma ","date_of_birth":"sample string 5"},{"id":10076569,"first_name":"Nusrat","middle_name":"Zahan","last_name":"Elma ","date_of_birth":"sample string 5"},{"id":10076568,"first_name":"Nusrat","middle_name":"Zahan","last_name":"Elma ","date_of_birth":"sample string 5"},{"id":10076567,"first_name":"Nusrat","middle_name":"Zahan","last_name":"Elma ","date_of_birth":"sample string 5"},{"id":10076566,"first_name":"Nusrat","middle_name":"Zahan","last_name":"Elma ","date_of_birth":"sample string 5"},{"id":10076565,"first_name":"Nusrat","middle_name":"Zahan","last_name":"Elma ","date_of_birth":"sample string 5"},{"id":10076564,"first_name":"Nusrat","middle_name":"Zahan","last_name":"Elma ","date_of_birth":"sample string 5"},{"id":10076563,"first_name":"Nusrat","middle_name":"Zahan","last_name":"Elma ","date_of_birth":"sample string 5"},{"id":10076562,"first_name":"Nusrat","middle_name":"Zahan","last_name":"Elma ","date_of_birth":"sample string 5"},{"id":10076561,"first_name":"Nusrat","middle_name":"Zahan","last_name":"Elma ","date_of_birth":"sample string 5"},{"id":10076560,"first_name":"Nusrat","middle_name":"Zahan","last_name":"Elma ","date_of_birth":"sample string 5"},{"id":10076559,"first_name":"Nusrat","middle_name":"Zahan","last_name":"Elma ","date_of_birth":"sample string 5"},{"id":10076558,"first_name":"Nusrat","middle_name":"Zahan","last_name":"Elma ","date_of_birth":"sample string 5"},{"id":10076557,"first_name":"Nusrat","middle_name":"Zahan","last_name":"Elma ","date_of_birth":"sample string 5"},{"id":10076556,"first_name":"Nusrat","middle_name":"Zahan","last_name":"Elma ","date_of_birth":"sample string 5"},{"id":10076555,"first_name":"Ramesh","middle_name":"Dinanath","last_name":"Chauhan","date_of_birth":"17/11/1994"},{"id":10076554,"first_name":"Rajesh","middle_name":"Manohar","last_name":"Patil","date_of_birth":"15/11/1998"},{"id":10076552,"first_name":"Furkan","middle_name":"A","last_name":"Simsek","date_of_birth":"07/02/1996"},{"id":10076551,"first_name":"sample string 2","middle_name":"sample string 3","last_name":"sample string 4","date_of_birth":"sample string 5"},{"id":10076550,"first_name":"Janko","middle_name":"W","last_name":"Alski","date_of_birth":"11/11/1980"},{"id":10076549,"first_name":"Janko","middle_name":"W","last_name":"Alski","date_of_birth":"11/11/1980"},{"id":10076548,"first_name":"Test03","middle_name":"Mid3","last_name":"Last03","date_of_birth":"2005-05-05 00:00:00"},{"id":10076547,"first_name":"Test02","middle_name":"Mid2","last_name":"Last02","date_of_birth":"1998-10-05 00:00:00"},{"id":10076546,"first_name":"Test01","middle_name":"Mid1","last_name":"Last01","date_of_birth":"2001-10-12 00:00:00"},{"id":10076545,"first_name":"Janko","middle_name":"W","last_name":"Alski","date_of_birth":"11/11/1980"},{"id":10076544,"first_name":"Janko","middle_name":"W","last_name":"Alski","date_of_birth":"11/11/1980"},{"id":10076543,"first_name":"Janko","middle_name":"W","last_name":"Alski","date_of_birth":"11/11/1980"},{"id":10076542,"first_name":"Test03","middle_name":"Mid3","last_name":"Last03","date_of_birth":"2005-05-05 00:00:00"},{"id":10076541,"first_name":"Test02","middle_name":"Mid2","last_name":"Last02","date_of_birth":"1998-10-05 00:00:00"},{"id":10076540,"first_name":"Test01","middle_name":"Mid1","last_name":"Last01","date_of_birth":"2001-10-12 00:00:00"},{"id":10076539,"first_name":"Janko","middle_... (set the log level to DEBUG or TRACE to see the full content) 
 </msg>
<msg timestamp="20240211 19:13:29.102" level="INFO">C:\Users\ajayr\AppData\Local\Programs\Python\Python312\Lib\site-packages\urllib3\connectionpool.py:1099: InsecureRequestWarning: Unverified HTTPS request is being made to host 'thetestingworldapi.com'. Adding certificate verification is strongly advised. See: https://urllib3.readthedocs.io/en/latest/advanced-usage.html#tls-warnings
  warnings.warn(</msg>
<msg timestamp="20240211 19:13:29.104" level="INFO">${res} = &lt;Response [200]&gt;</msg>
<status status="PASS" starttime="20240211 19:13:28.872" endtime="20240211 19:13:29.104"/>
</kw>
<kw name="Log To Console" library="BuiltIn">
<arg>${res}</arg>
<doc>Logs the given message to the console.</doc>
<status status="PASS" starttime="20240211 19:13:29.105" endtime="20240211 19:13:29.105"/>
</kw>
<kw name="Log" library="BuiltIn">
<arg>${res.status_code}</arg>
<doc>Logs the given message with the given level.</doc>
<msg timestamp="20240211 19:13:29.106" level="INFO">200</msg>
<status status="PASS" starttime="20240211 19:13:29.106" endtime="20240211 19:13:29.106"/>
</kw>
<kw name="Log" library="BuiltIn">
<arg>${res.headers}</arg>
<doc>Logs the given message with the given level.</doc>
<msg timestamp="20240211 19:13:29.108" level="INFO">{'Cache-Control': 'no-cache', 'Pragma': 'no-cache', 'Content-Type': 'application/json; charset=utf-8', 'Expires': '-1', 'Server': 'Microsoft-IIS/10.0', 'X-AspNet-Version': '4.0.30319', 'X-Powered-By': 'ASP.NET', 'X-Powered-By-Plesk': 'PleskWin', 'Date': 'Sun, 11 Feb 2024 13:43:28 GMT', 'Content-Length': '11170'}</msg>
<status status="PASS" starttime="20240211 19:13:29.108" endtime="20240211 19:13:29.108"/>
</kw>
<kw name="Log" library="BuiltIn">
<arg>${res.content}</arg>
<doc>Logs the given message with the given level.</doc>
<msg timestamp="20240211 19:13:29.110" level="INFO">[{"id":10076747,"first_name":"Abhimanyu","middle_name":"Kumar","last_name":"Pandey","date_of_birth":"16/02/1996"},{"id":10076746,"first_name":"Abhimanyu","middle_name":"Kumar","last_name":"Pandey","date_of_birth":"16/02/1996"},{"id":10076745,"first_name":"Abhimanyu","middle_name":"Kumar","last_name":"Pandey","date_of_birth":"16/02/1996"},{"id":10076744,"first_name":" shakir1122","middle_name":" mairaj3222","last_name":" mufti4333","date_of_birth":" 1992"},{"id":10076743,"first_name":"Abhimanyu","middle_name":"Kumar","last_name":"Pandey","date_of_birth":"16/02/1996"},{"id":10076742,"first_name":"Abhimanyu","middle_name":"Kumar","last_name":"Pandey","date_of_birth":"16/02/1996"},{"id":10076627,"first_name":null,"middle_name":null,"last_name":null,"date_of_birth":null},{"id":10076626,"first_name":null,"middle_name":null,"last_name":null,"date_of_birth":null},{"id":10076625,"first_name":null,"middle_name":null,"last_name":null,"date_of_birth":null},{"id":10076624,"first_name":null,"middle_name":null,"last_name":null,"date_of_birth":null},{"id":10076619,"first_name":null,"middle_name":null,"last_name":null,"date_of_birth":null},{"id":10076618,"first_name":null,"middle_name":null,"last_name":null,"date_of_birth":null},{"id":10076617,"first_name":null,"middle_name":null,"last_name":null,"date_of_birth":null},{"id":10076616,"first_name":null,"middle_name":null,"last_name":null,"date_of_birth":null},{"id":10076615,"first_name":"Nusrat","middle_name":"Zahan","last_name":"Elma ","date_of_birth":"sample string 5"},{"id":10076614,"first_name":"Nusrat","middle_name":"Zahan","last_name":"Elma ","date_of_birth":"sample string 5"},{"id":10076613,"first_name":"Nusrat","middle_name":"Zahan","last_name":"Elma ","date_of_birth":"sample string 5"},{"id":10076612,"first_name":"Nusrat","middle_name":"Zahan","last_name":"Elma ","date_of_birth":"sample string 5"},{"id":10076611,"first_name":"Nusrat","middle_name":"Zahan","last_name":"Elma ","date_of_birth":"sample string 5"},{"id":10076610,"first_name":"Nusrat","middle_name":"Zahan","last_name":"Elma ","date_of_birth":"sample string 5"},{"id":10076609,"first_name":"Nusrat","middle_name":"Zahan","last_name":"Elma ","date_of_birth":"sample string 5"},{"id":10076608,"first_name":"Nusrat","middle_name":"Zahan","last_name":"Elma ","date_of_birth":"sample string 5"},{"id":10076607,"first_name":"Nusrat","middle_name":"Zahan","last_name":"Elma ","date_of_birth":"sample string 5"},{"id":10076606,"first_name":"Nusrat","middle_name":"Zahan","last_name":"Elma ","date_of_birth":"sample string 5"},{"id":10076605,"first_name":"Nusrat","middle_name":"Zahan","last_name":"Elma ","date_of_birth":"sample string 5"},{"id":10076604,"first_name":"Nusrat","middle_name":"Zahan","last_name":"Elma ","date_of_birth":"sample string 5"},{"id":10076603,"first_name":"Nusrat","middle_name":"Zahan","last_name":"Elma ","date_of_birth":"sample string 5"},{"id":10076602,"first_name":"Nusrat","middle_name":"Zahan","last_name":"Elma ","date_of_birth":"sample string 5"},{"id":10076601,"first_name":"Nusrat","middle_name":"Zahan","last_name":"Elma ","date_of_birth":"sample string 5"},{"id":10076600,"first_name":"Nusrat","middle_name":"Zahan","last_name":"Elma ","date_of_birth":"sample string 5"},{"id":10076599,"first_name":"Nusrat","middle_name":"Zahan","last_name":"Elma ","date_of_birth":"sample string 5"},{"id":10076598,"first_name":"Nusrat","middle_name":"Zahan","last_name":"Elma ","date_of_birth":"sample string 5"},{"id":10076597,"first_name":"Nusrat","middle_name":"Zahan","last_name":"Elma ","date_of_birth":"sample string 5"},{"id":10076596,"first_name":"Nusrat","middle_name":"Zahan","last_name":"Elma ","date_of_birth":"sample string 5"},{"id":10076595,"first_name":"Nusrat","middle_name":"Zahan","last_name":"Elma ","date_of_birth":"sample string 5"},{"id":10076594,"first_name":"Nusrat","middle_name":"Zahan","last_name":"Elma ","date_of_birth":"sample string 5"},{"id":10076593,"first_name":"Nusrat","middle_name":"Zahan","last_name":"Elma ","date_of_birth":"sample string 5"},{"id":10076592,"first_name":"Nusrat","middle_name":"Zahan","last_name":"Elma ","date_of_birth":"sample string 5"},{"id":10076591,"first_name":"Nusrat","middle_name":"Zahan","last_name":"Elma ","date_of_birth":"sample string 5"},{"id":10076590,"first_name":"Nusrat","middle_name":"Zahan","last_name":"Elma ","date_of_birth":"sample string 5"},{"id":10076589,"first_name":"Nusrat","middle_name":"Zahan","last_name":"Elma ","date_of_birth":"sample string 5"},{"id":10076588,"first_name":"Nusrat","middle_name":"Zahan","last_name":"Elma ","date_of_birth":"sample string 5"},{"id":10076587,"first_name":"Nusrat","middle_name":"Zahan","last_name":"Elma ","date_of_birth":"sample string 5"},{"id":10076586,"first_name":"Nusrat","middle_name":"Zahan","last_name":"Elma ","date_of_birth":"sample string 5"},{"id":10076585,"first_name":"Nusrat","middle_name":"Zahan","last_name":"Elma ","date_of_birth":"sample string 5"},{"id":10076584,"first_name":"Nusrat","middle_name":"Zahan","last_name":"Elma ","date_of_birth":"sample string 5"},{"id":10076583,"first_name":"Nusrat","middle_name":"Zahan","last_name":"Elma ","date_of_birth":"sample string 5"},{"id":10076582,"first_name":"Nusrat","middle_name":"Zahan","last_name":"Elma ","date_of_birth":"sample string 5"},{"id":10076581,"first_name":"Nusrat","middle_name":"Zahan","last_name":"Elma ","date_of_birth":"sample string 5"},{"id":10076580,"first_name":"Nusrat","middle_name":"Zahan","last_name":"Elma ","date_of_birth":"sample string 5"},{"id":10076579,"first_name":"Nusrat","middle_name":"Zahan","last_name":"Elma ","date_of_birth":"sample string 5"},{"id":10076578,"first_name":"Nusrat","middle_name":"Zahan","last_name":"Elma ","date_of_birth":"sample string 5"},{"id":10076577,"first_name":"Nusrat","middle_name":"Zahan","last_name":"Elma ","date_of_birth":"sample string 5"},{"id":10076576,"first_name":"Nusrat","middle_name":"Zahan","last_name":"Elma ","date_of_birth":"sample string 5"},{"id":10076575,"first_name":"Nusrat","middle_name":"Zahan","last_name":"Elma ","date_of_birth":"sample string 5"},{"id":10076574,"first_name":"Nusrat","middle_name":"Zahan","last_name":"Elma ","date_of_birth":"sample string 5"},{"id":10076573,"first_name":"Nusrat","middle_name":"Zahan","last_name":"Elma ","date_of_birth":"sample string 5"},{"id":10076572,"first_name":"Nusrat","middle_name":"Zahan","last_name":"Elma ","date_of_birth":"sample string 5"},{"id":10076571,"first_name":"Nusrat","middle_name":"Zahan","last_name":"Elma ","date_of_birth":"sample string 5"},{"id":10076570,"first_name":"Nusrat","middle_name":"Zahan","last_name":"Elma ","date_of_birth":"sample string 5"},{"id":10076569,"first_name":"Nusrat","middle_name":"Zahan","last_name":"Elma ","date_of_birth":"sample string 5"},{"id":10076568,"first_name":"Nusrat","middle_name":"Zahan","last_name":"Elma ","date_of_birth":"sample string 5"},{"id":10076567,"first_name":"Nusrat","middle_name":"Zahan","last_name":"Elma ","date_of_birth":"sample string 5"},{"id":10076566,"first_name":"Nusrat","middle_name":"Zahan","last_name":"Elma ","date_of_birth":"sample string 5"},{"id":10076565,"first_name":"Nusrat","middle_name":"Zahan","last_name":"Elma ","date_of_birth":"sample string 5"},{"id":10076564,"first_name":"Nusrat","middle_name":"Zahan","last_name":"Elma ","date_of_birth":"sample string 5"},{"id":10076563,"first_name":"Nusrat","middle_name":"Zahan","last_name":"Elma ","date_of_birth":"sample string 5"},{"id":10076562,"first_name":"Nusrat","middle_name":"Zahan","last_name":"Elma ","date_of_birth":"sample string 5"},{"id":10076561,"first_name":"Nusrat","middle_name":"Zahan","last_name":"Elma ","date_of_birth":"sample string 5"},{"id":10076560,"first_name":"Nusrat","middle_name":"Zahan","last_name":"Elma ","date_of_birth":"sample string 5"},{"id":10076559,"first_name":"Nusrat","middle_name":"Zahan","last_name":"Elma ","date_of_birth":"sample string 5"},{"id":10076558,"first_name":"Nusrat","middle_name":"Zahan","last_name":"Elma ","date_of_birth":"sample string 5"},{"id":10076557,"first_name":"Nusrat","middle_name":"Zahan","last_name":"Elma ","date_of_birth":"sample string 5"},{"id":10076556,"first_name":"Nusrat","middle_name":"Zahan","last_name":"Elma ","date_of_birth":"sample string 5"},{"id":10076555,"first_name":"Ramesh","middle_name":"Dinanath","last_name":"Chauhan","date_of_birth":"17/11/1994"},{"id":10076554,"first_name":"Rajesh","middle_name":"Manohar","last_name":"Patil","date_of_birth":"15/11/1998"},{"id":10076552,"first_name":"Furkan","middle_name":"A","last_name":"Simsek","date_of_birth":"07/02/1996"},{"id":10076551,"first_name":"sample string 2","middle_name":"sample string 3","last_name":"sample string 4","date_of_birth":"sample string 5"},{"id":10076550,"first_name":"Janko","middle_name":"W","last_name":"Alski","date_of_birth":"11/11/1980"},{"id":10076549,"first_name":"Janko","middle_name":"W","last_name":"Alski","date_of_birth":"11/11/1980"},{"id":10076548,"first_name":"Test03","middle_name":"Mid3","last_name":"Last03","date_of_birth":"2005-05-05 00:00:00"},{"id":10076547,"first_name":"Test02","middle_name":"Mid2","last_name":"Last02","date_of_birth":"1998-10-05 00:00:00"},{"id":10076546,"first_name":"Test01","middle_name":"Mid1","last_name":"Last01","date_of_birth":"2001-10-12 00:00:00"},{"id":10076545,"first_name":"Janko","middle_name":"W","last_name":"Alski","date_of_birth":"11/11/1980"},{"id":10076544,"first_name":"Janko","middle_name":"W","last_name":"Alski","date_of_birth":"11/11/1980"},{"id":10076543,"first_name":"Janko","middle_name":"W","last_name":"Alski","date_of_birth":"11/11/1980"},{"id":10076542,"first_name":"Test03","middle_name":"Mid3","last_name":"Last03","date_of_birth":"2005-05-05 00:00:00"},{"id":10076541,"first_name":"Test02","middle_name":"Mid2","last_name":"Last02","date_of_birth":"1998-10-05 00:00:00"},{"id":10076540,"first_name":"Test01","middle_name":"Mid1","last_name":"Last01","date_of_birth":"2001-10-12 00:00:00"},{"id":10076539,"first_name":"Janko","middle_name":"W","last_name":"Alski","date_of_birth":"11/11/1980"},{"id":10076538,"first_name":"Janko","middle_name":"W","last_name":"Alski","date_of_birth":"11/11/1980"},{"id":10076537,"first_name":"Janko","middle_name":"W","last_name":"Alski","date_of_birth":"11/11/1980"},{"id":10076536,"first_name":"Test03","middle_name":"Mid3","last_name":"Last03","date_of_birth":"2005-05-05 00:00:00"},{"id":10076535,"first_name":"Test02","middle_name":"Mid2","last_name":"Last02","date_of_birth":"1998-10-05 00:00:00"},{"id":10076534,"first_name":"Test01","middle_name":"Mid1","last_name":"Last01","date_of_birth":"2001-10-12 00:00:00"},{"id":10076533,"first_name":"Janko","middle_name":"W","last_name":"Alski","date_of_birth":"11/11/1980"},{"id":10076532,"first_name":"Janko","middle_name":"W","last_name":"Alski","date_of_birth":"11/11/1980"},{"id":10076531,"first_name":"Janko","middle_name":"W","last_name":"Alski","date_of_birth":"11/11/1980"},{"id":10076530,"first_name":"Test03","middle_name":"Mid3","last_name":"Last03","date_of_birth":"2005-05-05 00:00:00"},{"id":10076529,"first_name":"Test02","middle_name":"Mid2","last_name":"Last02","date_of_birth":"1998-10-05 00:00:00"}]</msg>
<status status="PASS" starttime="20240211 19:13:29.108" endtime="20240211 19:13:29.110"/>
</kw>
<kw name="Convert To String" library="BuiltIn">
<var>${res}</var>
<arg>${res.content}</arg>
<doc>Converts the given item to a Unicode string.</doc>
<msg timestamp="20240211 19:13:29.111" level="INFO">${res} = [{"id":10076747,"first_name":"Abhimanyu","middle_name":"Kumar","last_name":"Pandey","date_of_birth":"16/02/1996"},{"id":10076746,"first_name":"Abhimanyu","middle_name":"Kumar","last_name":"Pandey","da...</msg>
<status status="PASS" starttime="20240211 19:13:29.110" endtime="20240211 19:13:29.111"/>
</kw>
<kw name="Should Contain" library="BuiltIn">
<var>${res}</var>
<arg>${res}</arg>
<arg>Test</arg>
<doc>Fails if ``container`` does not contain ``item`` one or more times.</doc>
<msg timestamp="20240211 19:13:29.112" level="INFO">${res} = None</msg>
<status status="PASS" starttime="20240211 19:13:29.111" endtime="20240211 19:13:29.112"/>
</kw>
<status status="PASS" starttime="20240211 19:13:28.872" endtime="20240211 19:13:29.112"/>
</kw>
<status status="PASS" starttime="20240211 19:13:28.869" endtime="20240211 19:13:29.113"/>
</test>
<kw name="Suite_Teardown" library="TC_01_Keywords" type="TEARDOWN">
<kw name="Log" library="BuiltIn">
<arg>Suite_Teardown123</arg>
<doc>Logs the given message with the given level.</doc>
<msg timestamp="20240211 19:13:29.114" level="INFO">Suite_Teardown123</msg>
<status status="PASS" starttime="20240211 19:13:29.114" endtime="20240211 19:13:29.114"/>
</kw>
<kw name="Log To Console" library="BuiltIn">
<arg>Suite_Teardown123</arg>
<doc>Logs the given message to the console.</doc>
<status status="PASS" starttime="20240211 19:13:29.114" endtime="20240211 19:13:29.115"/>
</kw>
<status status="PASS" starttime="20240211 19:13:29.113" endtime="20240211 19:13:29.115"/>
</kw>
<status status="PASS" starttime="20240211 19:13:28.598" endtime="20240211 19:13:29.115"/>
</suite>
<statistics>
<total>
<stat pass="1" fail="0" skip="0">All Tests</stat>
</total>
<tag>
</tag>
<suite>
<stat pass="1" fail="0" skip="0" id="s1" name="TC 01 SuiteFile">TC 01 SuiteFile</stat>
</suite>
</statistics>
<errors>
<msg timestamp="20240211 19:13:28.870" level="WARN">Keyword 'RequestsLibrary.To Json' is deprecated. Please use ${resp.json()} instead. Have a look at the improved HTML output as pretty printing replacement.</msg>
</errors>
</robot>
