<?xml version="1.0" encoding="UTF-8"?>
<robot generator="Robot 6.1.1 (Python 3.12.1 on win32)" generated="20240210 12:08:00.415" rpa="false" schemaversion="4">
<suite id="s1" name="File 1 Simple Login" source="D:\Personal_Project_Space\Robot_Framework\GUI_Testing\TestCases\File_1_Simple_Login.robot">
<test id="s1-t1" name="TC_02_Order_Something" line="26">
<kw name="Log To Console" library="BuiltIn">
<arg>D:\\Personal_Project_Space\\Robot_Framework\\GUI_Testing\\TestCases</arg>
<doc>Logs the given message to the console.</doc>
<status status="PASS" starttime="20240210 12:08:00.649" endtime="20240210 12:08:00.649"/>
</kw>
<kw name="Log To Console" library="BuiltIn">
<arg>D:\\Personal_Project_Space\\Robot_Framework\\GUI_Testing\\TestCases${/}..\\Resourses</arg>
<doc>Logs the given message to the console.</doc>
<status status="PASS" starttime="20240210 12:08:00.649" endtime="20240210 12:08:00.649"/>
</kw>
<kw name="Log To Console" library="BuiltIn">
<arg>${EXECDIR}\\Resourses</arg>
<doc>Logs the given message to the console.</doc>
<status status="PASS" starttime="20240210 12:08:00.649" endtime="20240210 12:08:00.649"/>
</kw>
<kw name="Log To Console" library="BuiltIn">
<arg>${ajay}</arg>
<doc>Logs the given message to the console.</doc>
<msg timestamp="20240210 12:08:00.657" level="FAIL">Variable '${ajay}' not found.</msg>
<status status="FAIL" starttime="20240210 12:08:00.657" endtime="20240210 12:08:00.657"/>
</kw>
<kw name="Log To Console" library="BuiltIn">
<arg>${TC_02.url}</arg>
<doc>Logs the given message to the console.</doc>
<status status="NOT RUN" starttime="20240210 12:08:00.658" endtime="20240210 12:08:00.658"/>
</kw>
<kw name="Open Browser" library="SeleniumLibrary">
<arg>https://www.saucedemo.com/</arg>
<arg>edge</arg>
<doc>Opens a new browser instance to the optional ``url``.</doc>
<status status="NOT RUN" starttime="20240210 12:08:00.658" endtime="20240210 12:08:00.658"/>
</kw>
<kw name="Wait Until Element Is Visible" library="SeleniumLibrary">
<arg>//*[@id="root"]/div[1]/div[1]</arg>
<doc>Waits until the element ``locator`` is visible.</doc>
<status status="NOT RUN" starttime="20240210 12:08:00.658" endtime="20240210 12:08:00.659"/>
</kw>
<kw name="Input Text" library="SeleniumLibrary">
<arg>//*[@data-test="username"]</arg>
<arg>${TC_02.username}</arg>
<doc>Types the given ``text`` into the text field identified by ``locator``.</doc>
<status status="NOT RUN" starttime="20240210 12:08:00.659" endtime="20240210 12:08:00.659"/>
</kw>
<kw name="Input Password" library="SeleniumLibrary">
<arg>//*[@data-test="password"]</arg>
<arg>${TC_02.password}</arg>
<doc>Types the given password into the text field identified by ``locator``.</doc>
<status status="NOT RUN" starttime="20240210 12:08:00.659" endtime="20240210 12:08:00.659"/>
</kw>
<kw name="Click Button" library="SeleniumLibrary">
<arg>//*[@value="Login"]</arg>
<doc>Clicks the button identified by ``locator``.</doc>
<status status="NOT RUN" starttime="20240210 12:08:00.659" endtime="20240210 12:08:00.659"/>
</kw>
<kw name="Sleep" library="BuiltIn">
<arg>5s</arg>
<doc>Pauses the test executed for the given time.</doc>
<status status="NOT RUN" starttime="20240210 12:08:00.659" endtime="20240210 12:08:00.659"/>
</kw>
<kw name="Log" library="BuiltIn">
<arg>Log was Succsesfull</arg>
<doc>Logs the given message with the given level.</doc>
<status status="NOT RUN" starttime="20240210 12:08:00.659" endtime="20240210 12:08:00.659"/>
</kw>
<kw name="Close Browser" library="SeleniumLibrary">
<doc>Closes the current browser.</doc>
<status status="NOT RUN" starttime="20240210 12:08:00.660" endtime="20240210 12:08:00.660"/>
</kw>
<status status="FAIL" starttime="20240210 12:08:00.649" endtime="20240210 12:08:00.660">Variable '${ajay}' not found.</status>
</test>
<status status="FAIL" starttime="20240210 12:08:00.430" endtime="20240210 12:08:00.661"/>
</suite>
<statistics>
<total>
<stat pass="0" fail="1" skip="0">All Tests</stat>
</total>
<tag>
</tag>
<suite>
<stat pass="0" fail="1" skip="0" id="s1" name="File 1 Simple Login">File 1 Simple Login</stat>
</suite>
</statistics>
<errors>
<msg timestamp="20240210 12:08:00.649" level="ERROR">Error in file 'D:\Personal_Project_Space\Robot_Framework\GUI_Testing\TestCases\File_1_Simple_Login.robot' on line 4: Variable file 'D:Personal_Project_SpaceRobot_FrameworkGUI_TestingResoursesSuite.yaml' does not exist.</msg>
<msg timestamp="20240210 12:08:00.649" level="ERROR">Error in file 'D:\Personal_Project_Space\Robot_Framework\GUI_Testing\TestCases\File_1_Simple_Login.robot' on line 5: Resource file '...GUI_TestingKeywordsCommon_Keywords.robot' does not exist.</msg>
</errors>
</robot>
