<?xml version="1.0" encoding="UTF-8"?>
<robot generator="Robot 6.1.1 (Python 3.12.1 on win32)" generated="20240317 21:47:49.032" rpa="false" schemaversion="4">
<suite id="s1" name="Make My Trip" source="D:\Personal_Project_Space\Robot_Framework\GUI_Testing\Practice_Selenium_Robot\make_my_trip.robot">
<test id="s1-t1" name="TC_01" line="13">
<kw name="Open Browser" library="SeleniumLibrary">
<arg>https://www.makemytrip.com/</arg>
<arg>chrome</arg>
<doc>Opens a new browser instance to the optional ``url``.</doc>
<msg timestamp="20240317 21:47:49.278" level="INFO">Opening browser 'chrome' to base url 'https://www.makemytrip.com/'.</msg>
<status status="PASS" starttime="20240317 21:47:49.278" endtime="20240317 21:47:52.983"/>
</kw>
<kw name="Maximize Browser Window" library="SeleniumLibrary">
<doc>Maximizes current browser window.</doc>
<status status="PASS" starttime="20240317 21:47:52.983" endtime="20240317 21:47:53.307"/>
</kw>
<kw name="Set Browser Implicit Wait" library="SeleniumLibrary">
<arg>8</arg>
<doc>Sets the implicit wait value used by Selenium.</doc>
<status status="PASS" starttime="20240317 21:47:53.311" endtime="20240317 21:47:53.313"/>
</kw>
<kw name="Sleep" library="BuiltIn">
<arg>5s</arg>
<doc>Pauses the test executed for the given time.</doc>
<msg timestamp="20240317 21:47:58.317" level="INFO">Slept 5 seconds</msg>
<status status="PASS" starttime="20240317 21:47:53.314" endtime="20240317 21:47:58.317"/>
</kw>
<kw name="Select Frame" library="SeleniumLibrary">
<arg>webklipper-publisher-widget-container-notification-frame</arg>
<doc>Sets frame identified by ``locator`` as the current frame.</doc>
<msg timestamp="20240317 21:47:58.320" level="INFO">Selecting frame 'webklipper-publisher-widget-container-notification-frame'.</msg>
<status status="PASS" starttime="20240317 21:47:58.320" endtime="20240317 21:47:58.406"/>
</kw>
<kw name="Wait Until Element Is Visible" library="SeleniumLibrary">
<arg>id:webklipper-publisher-widget-container-notification-close-div</arg>
<doc>Waits until the element ``locator`` is visible.</doc>
<status status="PASS" starttime="20240317 21:47:58.406" endtime="20240317 21:47:58.438"/>
</kw>
<kw name="Click Element" library="SeleniumLibrary">
<arg>id:webklipper-publisher-widget-container-notification-close-div</arg>
<doc>Click the element identified by ``locator``.</doc>
<msg timestamp="20240317 21:47:58.438" level="INFO">Clicking element 'id:webklipper-publisher-widget-container-notification-close-div'.</msg>
<status status="PASS" starttime="20240317 21:47:58.438" endtime="20240317 21:47:58.534"/>
</kw>
<kw name="Unselect Frame" library="SeleniumLibrary">
<doc>Sets the main frame as the current frame.</doc>
<status status="PASS" starttime="20240317 21:47:58.534" endtime="20240317 21:47:58.534"/>
</kw>
<kw name="Wait Until Page Contains Element" library="SeleniumLibrary">
<arg>//*[@data-cy="roundTrip"]</arg>
<arg>20</arg>
<doc>Waits until the element ``locator`` appears on the current page.</doc>
<status status="PASS" starttime="20240317 21:47:58.534" endtime="20240317 21:47:58.548"/>
</kw>
<kw name="Click Element" library="SeleniumLibrary">
<arg>//*[@data-cy="roundTrip"]</arg>
<doc>Click the element identified by ``locator``.</doc>
<msg timestamp="20240317 21:47:58.548" level="INFO">Clicking element '//*[@data-cy="roundTrip"]'.</msg>
<status status="PASS" starttime="20240317 21:47:58.548" endtime="20240317 21:47:59.655"/>
</kw>
<kw name="Click Element" library="SeleniumLibrary">
<arg>//*[@data-cy="fromCity"]</arg>
<doc>Click the element identified by ``locator``.</doc>
<msg timestamp="20240317 21:47:59.656" level="INFO">Clicking element '//*[@data-cy="fromCity"]'.</msg>
<status status="PASS" starttime="20240317 21:47:59.656" endtime="20240317 21:47:59.751"/>
</kw>
<kw name="Input Text" library="SeleniumLibrary">
<arg>xpath://input[@placeholder='From']</arg>
<arg>Pune</arg>
<doc>Types the given ``text`` into the text field identified by ``locator``.</doc>
<msg timestamp="20240317 21:47:59.752" level="INFO">Typing text 'Pune' into text field 'xpath://input[@placeholder='From']'.</msg>
<status status="PASS" starttime="20240317 21:47:59.752" endtime="20240317 21:47:59.835"/>
</kw>
<kw name="Click Element" library="SeleniumLibrary">
<arg>//p[text()="Pune, India"]</arg>
<doc>Click the element identified by ``locator``.</doc>
<msg timestamp="20240317 21:47:59.836" level="INFO">Clicking element '//p[text()="Pune, India"]'.</msg>
<status status="PASS" starttime="20240317 21:47:59.836" endtime="20240317 21:47:59.923"/>
</kw>
<kw name="Sleep" library="BuiltIn">
<arg>1s</arg>
<doc>Pauses the test executed for the given time.</doc>
<msg timestamp="20240317 21:48:00.928" level="INFO">Slept 1 second</msg>
<status status="PASS" starttime="20240317 21:47:59.928" endtime="20240317 21:48:00.928"/>
</kw>
<kw name="Click Element" library="SeleniumLibrary">
<arg>//*[@for="toCity"]</arg>
<doc>Click the element identified by ``locator``.</doc>
<msg timestamp="20240317 21:48:00.928" level="INFO">Clicking element '//*[@for="toCity"]'.</msg>
<status status="PASS" starttime="20240317 21:48:00.928" endtime="20240317 21:48:01.032"/>
</kw>
<kw name="Input Text" library="SeleniumLibrary">
<arg>//*[@placeholder="To"]</arg>
<arg>Kolhapur</arg>
<doc>Types the given ``text`` into the text field identified by ``locator``.</doc>
<msg timestamp="20240317 21:48:01.032" level="INFO">Typing text 'Kolhapur' into text field '//*[@placeholder="To"]'.</msg>
<status status="PASS" starttime="20240317 21:48:01.032" endtime="20240317 21:48:01.150"/>
</kw>
<kw name="Click Element" library="SeleniumLibrary">
<arg>(//*[@role="option"])[1]</arg>
<doc>Click the element identified by ``locator``.</doc>
<msg timestamp="20240317 21:48:01.151" level="INFO">Clicking element '(//*[@role="option"])[1]'.</msg>
<status status="PASS" starttime="20240317 21:48:01.151" endtime="20240317 21:48:01.275"/>
</kw>
<kw name="Take Screenshot" library="Screenshot">
<doc>Takes a screenshot in JPEG format and embeds it into the log file.</doc>
<msg timestamp="20240317 21:48:01.275" level="WARN">Taking screenshot failed: Taking screenshots is not supported on this platform by default. See library documentation for details.
Make sure tests are run with a physical or virtual display.</msg>
<msg timestamp="20240317 21:48:01.278" level="INFO" html="true">&lt;a href="screenshot_1.jpg"&gt;&lt;img src="screenshot_1.jpg" width="800px"&gt;&lt;/a&gt;</msg>
<status status="PASS" starttime="20240317 21:48:01.275" endtime="20240317 21:48:01.278"/>
</kw>
<kw name="Wait Until Element Is Visible" library="SeleniumLibrary">
<arg>(//*[@class="DayPicker-Month"]/div/div/div/div)[28]</arg>
<doc>Waits until the element ``locator`` is visible.</doc>
<status status="PASS" starttime="20240317 21:48:01.278" endtime="20240317 21:48:01.301"/>
</kw>
<kw name="Click Element" library="SeleniumLibrary">
<arg>(//*[@class="DayPicker-Month"]/div/div/div/div)[28]</arg>
<doc>Click the element identified by ``locator``.</doc>
<msg timestamp="20240317 21:48:01.301" level="INFO">Clicking element '(//*[@class="DayPicker-Month"]/div/div/div/div)[28]'.</msg>
<status status="PASS" starttime="20240317 21:48:01.301" endtime="20240317 21:48:01.402"/>
</kw>
<kw name="Sleep" library="BuiltIn">
<arg>10s</arg>
<doc>Pauses the test executed for the given time.</doc>
<msg timestamp="20240317 21:48:11.403" level="INFO">Slept 10 seconds</msg>
<status status="PASS" starttime="20240317 21:48:01.402" endtime="20240317 21:48:11.403"/>
</kw>
<kw name="Scroll Element Into View" library="SeleniumLibrary">
<arg>(//*[@class="DayPicker-Month"]/div/div/div/div)[30]</arg>
<doc>Scrolls the element identified by ``locator`` into view.</doc>
<status status="PASS" starttime="20240317 21:48:11.403" endtime="20240317 21:48:11.695"/>
</kw>
<kw name="Wait Until Element Is Visible" library="SeleniumLibrary">
<arg>(//*[@class="DayPicker-Month"]/div/div/div/div)[30]</arg>
<doc>Waits until the element ``locator`` is visible.</doc>
<status status="PASS" starttime="20240317 21:48:11.695" endtime="20240317 21:48:11.746"/>
</kw>
<kw name="Click Element" library="SeleniumLibrary">
<arg>(//*[@class="DayPicker-Month"]/div/div/div/div)[30]</arg>
<doc>Click the element identified by ``locator``.</doc>
<msg timestamp="20240317 21:48:11.746" level="INFO">Clicking element '(//*[@class="DayPicker-Month"]/div/div/div/div)[30]'.</msg>
<status status="PASS" starttime="20240317 21:48:11.746" endtime="20240317 21:48:11.832"/>
</kw>
<kw name="Click Element" library="SeleniumLibrary">
<arg>//*[@class="primaryBtn font24 latoBold widgetSearchBtn "]</arg>
<doc>Click the element identified by ``locator``.</doc>
<msg timestamp="20240317 21:48:11.832" level="INFO">Clicking element '//*[@class="primaryBtn font24 latoBold widgetSearchBtn "]'.</msg>
<status status="PASS" starttime="20240317 21:48:11.832" endtime="20240317 21:48:12.328"/>
</kw>
<kw name="Take Screenshot" library="Screenshot">
<doc>Takes a screenshot in JPEG format and embeds it into the log file.</doc>
<msg timestamp="20240317 21:48:12.329" level="WARN">Taking screenshot failed: Taking screenshots is not supported on this platform by default. See library documentation for details.
Make sure tests are run with a physical or virtual display.</msg>
<msg timestamp="20240317 21:48:12.330" level="INFO" html="true">&lt;a href="screenshot_1.jpg"&gt;&lt;img src="screenshot_1.jpg" width="800px"&gt;&lt;/a&gt;</msg>
<status status="PASS" starttime="20240317 21:48:12.329" endtime="20240317 21:48:12.330"/>
</kw>
<kw name="Sleep" library="BuiltIn">
<arg>2s</arg>
<doc>Pauses the test executed for the given time.</doc>
<msg timestamp="20240317 21:48:14.332" level="INFO">Slept 2 seconds</msg>
<status status="PASS" starttime="20240317 21:48:12.331" endtime="20240317 21:48:14.332"/>
</kw>
<kw name="Close Browser" library="SeleniumLibrary">
<doc>Closes the current browser.</doc>
<status status="PASS" starttime="20240317 21:48:14.332" endtime="20240317 21:48:16.472"/>
</kw>
<kw name="Close Browser" library="SeleniumLibrary" type="TEARDOWN">
<doc>Closes the current browser.</doc>
<status status="PASS" starttime="20240317 21:48:16.472" endtime="20240317 21:48:16.472"/>
</kw>
<status status="PASS" starttime="20240317 21:47:49.278" endtime="20240317 21:48:16.472"/>
</test>
<status status="PASS" starttime="20240317 21:47:49.033" endtime="20240317 21:48:16.472"/>
</suite>
<statistics>
<total>
<stat pass="1" fail="0" skip="0">All Tests</stat>
</total>
<tag>
</tag>
<suite>
<stat pass="1" fail="0" skip="0" id="s1" name="Make My Trip">Make My Trip</stat>
</suite>
</statistics>
<errors>
<msg timestamp="20240317 21:48:01.275" level="WARN">Taking screenshot failed: Taking screenshots is not supported on this platform by default. See library documentation for details.
Make sure tests are run with a physical or virtual display.</msg>
<msg timestamp="20240317 21:48:12.329" level="WARN">Taking screenshot failed: Taking screenshots is not supported on this platform by default. See library documentation for details.
Make sure tests are run with a physical or virtual display.</msg>
</errors>
</robot>
