<?xml version="1.0" encoding="UTF-8"?>
<robot generator="Robot 6.1.1 (Python 3.12.1 on win32)" generated="20240318 01:37:47.095" rpa="false" schemaversion="4">
<suite id="s1" name="Bookmyshow Testing" source="D:\Personal_Project_Space\Robot_Framework\GUI_Testing_Practice\bookmyshow_testing.robot">
<test id="s1-t1" name="TC_01_bookmyshow_book" line="9">
<kw name="Open Browser" library="SeleniumLibrary">
<arg>https://www.google.com/</arg>
<arg>chrome</arg>
<doc>Opens a new browser instance to the optional ``url``.</doc>
<msg timestamp="20240318 01:37:47.391" level="INFO">Opening browser 'chrome' to base url 'https://www.google.com/'.</msg>
<status status="PASS" starttime="20240318 01:37:47.391" endtime="20240318 01:37:50.279"/>
</kw>
<kw name="Maximize Browser Window" library="SeleniumLibrary">
<doc>Maximizes current browser window.</doc>
<status status="PASS" starttime="20240318 01:37:50.279" endtime="20240318 01:37:50.411"/>
</kw>
<kw name="Set Browser Implicit Wait" library="SeleniumLibrary">
<arg>10</arg>
<doc>Sets the implicit wait value used by Selenium.</doc>
<status status="PASS" starttime="20240318 01:37:50.412" endtime="20240318 01:37:50.415"/>
</kw>
<kw name="Set Selenium Timeout" library="SeleniumLibrary">
<arg>10</arg>
<doc>Sets the timeout that is used by various keywords.</doc>
<status status="PASS" starttime="20240318 01:37:50.415" endtime="20240318 01:37:50.416"/>
</kw>
<kw name="Wait Until Page Contains Element" library="SeleniumLibrary">
<arg>//*[@alt="Google"]</arg>
<doc>Waits until the element ``locator`` appears on the current page.</doc>
<status status="PASS" starttime="20240318 01:37:50.416" endtime="20240318 01:37:50.428"/>
</kw>
<kw name="Get Title" library="SeleniumLibrary">
<var>${title}</var>
<doc>Returns the title of the current page.</doc>
<msg timestamp="20240318 01:37:50.437" level="INFO">${title} = Google</msg>
<status status="PASS" starttime="20240318 01:37:50.429" endtime="20240318 01:37:50.437"/>
</kw>
<kw name="Should Be Equal As Strings" library="BuiltIn">
<arg>${title}</arg>
<arg>Google</arg>
<doc>Fails if objects are unequal after converting them to strings.</doc>
<status status="PASS" starttime="20240318 01:37:50.437" endtime="20240318 01:37:50.437"/>
</kw>
<kw name="Input Text" library="SeleniumLibrary">
<arg>//*[@title="Search"]</arg>
<arg>bookmyshow</arg>
<doc>Types the given ``text`` into the text field identified by ``locator``.</doc>
<msg timestamp="20240318 01:37:50.438" level="INFO">Typing text 'bookmyshow' into text field '//*[@title="Search"]'.</msg>
<status status="PASS" starttime="20240318 01:37:50.437" endtime="20240318 01:37:50.550"/>
</kw>
<kw name="Click Element" library="SeleniumLibrary">
<arg>(//*[@role="listbox"]/li)[1]</arg>
<doc>Click the element identified by ``locator``.</doc>
<msg timestamp="20240318 01:37:50.550" level="INFO">Clicking element '(//*[@role="listbox"]/li)[1]'.</msg>
<status status="PASS" starttime="20240318 01:37:50.550" endtime="20240318 01:37:50.941"/>
</kw>
<kw name="Wait Until Page Contains Element" library="SeleniumLibrary">
<arg>//*[@id="rso"]/div/div/div/div/div/div/div/div/div/div/span/a/h3</arg>
<arg>20</arg>
<doc>Waits until the element ``locator`` appears on the current page.</doc>
<status status="PASS" starttime="20240318 01:37:50.943" endtime="20240318 01:37:51.893"/>
</kw>
<kw name="Click Element" library="SeleniumLibrary">
<arg>//*[@id="rso"]/div/div/div/div/div/div/div/div/div/div/span/a/h3</arg>
<doc>Click the element identified by ``locator``.</doc>
<msg timestamp="20240318 01:37:51.893" level="INFO">Clicking element '//*[@id="rso"]/div/div/div/div/div/div/div/div/div/div/span/a/h3'.</msg>
<status status="PASS" starttime="20240318 01:37:51.893" endtime="20240318 01:37:53.863"/>
</kw>
<kw name="Sleep" library="BuiltIn">
<arg>1s</arg>
<doc>Pauses the test executed for the given time.</doc>
<msg timestamp="20240318 01:37:54.863" level="INFO">Slept 1 second</msg>
<status status="PASS" starttime="20240318 01:37:53.863" endtime="20240318 01:37:54.863"/>
</kw>
<kw name="Wait Until Page Contains Element" library="SeleniumLibrary">
<arg>//input[@placeholder="Search for your city"]</arg>
<doc>Waits until the element ``locator`` appears on the current page.</doc>
<status status="PASS" starttime="20240318 01:37:54.863" endtime="20240318 01:37:54.909"/>
</kw>
<kw name="Input Text" library="SeleniumLibrary">
<arg>//*[@placeholder="Search for your city"]</arg>
<arg>Pune</arg>
<doc>Types the given ``text`` into the text field identified by ``locator``.</doc>
<msg timestamp="20240318 01:37:54.909" level="INFO">Typing text 'Pune' into text field '//*[@placeholder="Search for your city"]'.</msg>
<status status="PASS" starttime="20240318 01:37:54.909" endtime="20240318 01:37:55.041"/>
</kw>
<kw name="Sleep" library="BuiltIn">
<arg>1s</arg>
<doc>Pauses the test executed for the given time.</doc>
<msg timestamp="20240318 01:37:56.041" level="INFO">Slept 1 second</msg>
<status status="PASS" starttime="20240318 01:37:55.041" endtime="20240318 01:37:56.041"/>
</kw>
<kw name="Click Element" library="SeleniumLibrary">
<arg>(//*[@direction="column"])[2]/div/div[2]/div/ul/li[1]</arg>
<doc>Click the element identified by ``locator``.</doc>
<msg timestamp="20240318 01:37:56.041" level="INFO">Clicking element '(//*[@direction="column"])[2]/div/div[2]/div/ul/li[1]'.</msg>
<status status="PASS" starttime="20240318 01:37:56.041" endtime="20240318 01:37:56.163"/>
</kw>
<kw name="Capture Page Screenshot" library="SeleniumLibrary">
<doc>Takes a screenshot of the current page and embeds it into a log file.</doc>
<msg timestamp="20240318 01:37:56.413" level="INFO" html="true">&lt;/td&gt;&lt;/tr&gt;&lt;tr&gt;&lt;td colspan="3"&gt;&lt;a href="selenium-screenshot-53.png"&gt;&lt;img src="selenium-screenshot-53.png" width="800px"&gt;&lt;/a&gt;</msg>
<status status="PASS" starttime="20240318 01:37:56.163" endtime="20240318 01:37:56.413"/>
</kw>
<kw name="Wait Until Page Contains Element" library="SeleniumLibrary">
<arg>(//*[@role="main"]/div[3]/div/div[2]/div/div/div/div[2]/div/div/div/a/div/div[3]/div[1]/div)[1]</arg>
<doc>Waits until the element ``locator`` appears on the current page.</doc>
<status status="PASS" starttime="20240318 01:37:56.413" endtime="20240318 01:37:56.425"/>
</kw>
<kw name="Create List" library="BuiltIn">
<var>${movie_list}</var>
<doc>Returns a list containing given items.</doc>
<msg timestamp="20240318 01:37:56.425" level="INFO">${movie_list} = []</msg>
<status status="PASS" starttime="20240318 01:37:56.425" endtime="20240318 01:37:56.425"/>
</kw>
<for flavor="IN RANGE">
<var>${counter}</var>
<value>1</value>
<value>5</value>
<iter>
<var name="${counter}">1</var>
<kw name="Get Text" library="SeleniumLibrary">
<var>${Test}</var>
<arg>(//*[@role="main"]/div[3]/div/div[2]/div/div/div/div[2]/div/div/div/a/div/div[3]/div[1]/div)[${counter}]</arg>
<doc>Returns the text value of the element identified by ``locator``.</doc>
<msg timestamp="20240318 01:37:56.465" level="INFO">${Test} = Shaitaan</msg>
<status status="PASS" starttime="20240318 01:37:56.425" endtime="20240318 01:37:56.465"/>
</kw>
<kw name="Append To List" library="Collections">
<arg>${movie_list}</arg>
<arg>${Test}</arg>
<doc>Adds ``values`` to the end of ``list``.</doc>
<status status="PASS" starttime="20240318 01:37:56.465" endtime="20240318 01:37:56.466"/>
</kw>
<status status="PASS" starttime="20240318 01:37:56.425" endtime="20240318 01:37:56.466"/>
</iter>
<iter>
<var name="${counter}">2</var>
<kw name="Get Text" library="SeleniumLibrary">
<var>${Test}</var>
<arg>(//*[@role="main"]/div[3]/div/div[2]/div/div/div/div[2]/div/div/div/a/div/div[3]/div[1]/div)[${counter}]</arg>
<doc>Returns the text value of the element identified by ``locator``.</doc>
<msg timestamp="20240318 01:37:56.489" level="INFO">${Test} = Yodha</msg>
<status status="PASS" starttime="20240318 01:37:56.466" endtime="20240318 01:37:56.489"/>
</kw>
<kw name="Append To List" library="Collections">
<arg>${movie_list}</arg>
<arg>${Test}</arg>
<doc>Adds ``values`` to the end of ``list``.</doc>
<status status="PASS" starttime="20240318 01:37:56.489" endtime="20240318 01:37:56.490"/>
</kw>
<status status="PASS" starttime="20240318 01:37:56.466" endtime="20240318 01:37:56.490"/>
</iter>
<iter>
<var name="${counter}">3</var>
<kw name="Get Text" library="SeleniumLibrary">
<var>${Test}</var>
<arg>(//*[@role="main"]/div[3]/div/div[2]/div/div/div/div[2]/div/div/div/a/div/div[3]/div[1]/div)[${counter}]</arg>
<doc>Returns the text value of the element identified by ``locator``.</doc>
<msg timestamp="20240318 01:37:56.507" level="INFO">${Test} = Kung Fu Panda 4</msg>
<status status="PASS" starttime="20240318 01:37:56.490" endtime="20240318 01:37:56.507"/>
</kw>
<kw name="Append To List" library="Collections">
<arg>${movie_list}</arg>
<arg>${Test}</arg>
<doc>Adds ``values`` to the end of ``list``.</doc>
<status status="PASS" starttime="20240318 01:37:56.507" endtime="20240318 01:37:56.507"/>
</kw>
<status status="PASS" starttime="20240318 01:37:56.490" endtime="20240318 01:37:56.507"/>
</iter>
<iter>
<var name="${counter}">4</var>
<kw name="Get Text" library="SeleniumLibrary">
<var>${Test}</var>
<arg>(//*[@role="main"]/div[3]/div/div[2]/div/div/div/div[2]/div/div/div/a/div/div[3]/div[1]/div)[${counter}]</arg>
<doc>Returns the text value of the element identified by ``locator``.</doc>
<msg timestamp="20240318 01:37:56.523" level="INFO">${Test} = Article 370</msg>
<status status="PASS" starttime="20240318 01:37:56.507" endtime="20240318 01:37:56.523"/>
</kw>
<kw name="Append To List" library="Collections">
<arg>${movie_list}</arg>
<arg>${Test}</arg>
<doc>Adds ``values`` to the end of ``list``.</doc>
<status status="PASS" starttime="20240318 01:37:56.523" endtime="20240318 01:37:56.523"/>
</kw>
<status status="PASS" starttime="20240318 01:37:56.507" endtime="20240318 01:37:56.523"/>
</iter>
<status status="PASS" starttime="20240318 01:37:56.425" endtime="20240318 01:37:56.523"/>
</for>
<kw name="Log" library="BuiltIn">
<arg>${movie_list}</arg>
<doc>Logs the given message with the given level.</doc>
<msg timestamp="20240318 01:37:56.523" level="INFO">['Shaitaan', 'Yodha', 'Kung Fu Panda 4', 'Article 370']</msg>
<status status="PASS" starttime="20240318 01:37:56.523" endtime="20240318 01:37:56.523"/>
</kw>
<kw name="Click Element" library="SeleniumLibrary">
<arg>(//*[@role="main"]/div[3]/div/div[2]/div/div/div/div[2]/div/div/div/a/div/div[3]/div[1]/div)[1]</arg>
<doc>Click the element identified by ``locator``.</doc>
<msg timestamp="20240318 01:37:56.523" level="INFO">Clicking element '(//*[@role="main"]/div[3]/div/div[2]/div/div/div/div[2]/div/div/div/a/div/div[3]/div[1]/div)[1]'.</msg>
<status status="PASS" starttime="20240318 01:37:56.523" endtime="20240318 01:37:56.696"/>
</kw>
<kw name="Capture Page Screenshot" library="SeleniumLibrary">
<doc>Takes a screenshot of the current page and embeds it into a log file.</doc>
<msg timestamp="20240318 01:37:57.033" level="INFO" html="true">&lt;/td&gt;&lt;/tr&gt;&lt;tr&gt;&lt;td colspan="3"&gt;&lt;a href="selenium-screenshot-54.png"&gt;&lt;img src="selenium-screenshot-54.png" width="800px"&gt;&lt;/a&gt;</msg>
<status status="PASS" starttime="20240318 01:37:56.696" endtime="20240318 01:37:57.033"/>
</kw>
<kw name="Sleep" library="BuiltIn">
<arg>7s</arg>
<doc>Pauses the test executed for the given time.</doc>
<msg timestamp="20240318 01:38:04.035" level="INFO">Slept 7 seconds</msg>
<status status="PASS" starttime="20240318 01:37:57.033" endtime="20240318 01:38:04.035"/>
</kw>
<kw name="Close Browser" library="SeleniumLibrary" type="TEARDOWN">
<doc>Closes the current browser.</doc>
<status status="PASS" starttime="20240318 01:38:04.035" endtime="20240318 01:38:06.360"/>
</kw>
<status status="PASS" starttime="20240318 01:37:47.391" endtime="20240318 01:38:06.360"/>
</test>
<status status="PASS" starttime="20240318 01:37:47.096" endtime="20240318 01:38:06.360"/>
</suite>
<statistics>
<total>
<stat pass="1" fail="0" skip="0">All Tests</stat>
</total>
<tag>
</tag>
<suite>
<stat pass="1" fail="0" skip="0" id="s1" name="Bookmyshow Testing">Bookmyshow Testing</stat>
</suite>
</statistics>
<errors>
</errors>
</robot>
