<?xml version="1.0" encoding="UTF-8"?>
<robot generator="Robot 5.0.1 (Python 3.7.4 on win32)" generated="20220517 15:39:04.810" rpa="false" schemaversion="3">
<suite id="s1" name="Get Request Validations API" source="C:\Users\erauaja\PycharmProjects\API Testing\Test Case\Get_Request_Validations_API.robot">
<kw name="Log To Console" library="BuiltIn" type="SETUP">
<arg>"Suite Setup Start"</arg>
<doc>Logs the given message to the console.</doc>
<status status="PASS" starttime="20220517 15:39:04.974" endtime="20220517 15:39:04.974"/>
</kw>
<test id="s1-t1" name="TC1_Get_Request" line="15">
<kw name="Log To Console" library="BuiltIn" type="SETUP">
<arg>Test Setup Start"</arg>
<doc>Logs the given message to the console.</doc>
<status status="PASS" starttime="20220517 15:39:04.974" endtime="20220517 15:39:04.974"/>
</kw>
<kw name="Create Session" library="RequestsLibrary">
<arg>newsession</arg>
<arg>${TC1_URL}</arg>
<doc>Create Session: create a HTTP session to a server</doc>
<msg timestamp="20220517 15:39:04.974" level="INFO">Creating Session using : alias=newsession, url=http://restapi.adequateshop.com, headers={},                     cookies=None, auth=None, timeout=None, proxies=None, verify=False,                     debug=0 </msg>
<status status="PASS" starttime="20220517 15:39:04.974" endtime="20220517 15:39:04.974"/>
</kw>
<kw name="Create Dictionary" library="BuiltIn">
<var>${body}</var>
<arg>email=Developer5@gmail.com</arg>
<arg>password=123456</arg>
<doc>Creates and returns a dictionary based on the given ``items``.</doc>
<msg timestamp="20220517 15:39:04.974" level="INFO">${body} = {'email': 'Developer5@gmail.com', 'password': '123456'}</msg>
<status status="PASS" starttime="20220517 15:39:04.974" endtime="20220517 15:39:04.974"/>
</kw>
<kw name="Create Dictionary" library="BuiltIn">
<var>${header}</var>
<arg>Content-Type=application/json</arg>
<arg>Authorization=Bearer&lt;3030401c-c5a5-43c8-8b73-2ab9e6f2ca22&gt;</arg>
<doc>Creates and returns a dictionary based on the given ``items``.</doc>
<msg timestamp="20220517 15:39:04.982" level="INFO">${header} = {'Content-Type': 'application/json', 'Authorization': 'Bearer&lt;3030401c-c5a5-43c8-8b73-2ab9e6f2ca22&gt;'}</msg>
<status status="PASS" starttime="20220517 15:39:04.982" endtime="20220517 15:39:04.982"/>
</kw>
<kw name="Post Request" library="RequestsLibrary">
<var>${res}</var>
<arg>newsession</arg>
<arg>/api/authaccount/login</arg>
<arg>data=${body}</arg>
<arg>headers=${header}</arg>
<doc>Send a POST request on the session object found using the
given `alias`</doc>
<msg timestamp="20220517 15:39:05.170" level="INFO">Post Request using : alias=newsession, uri=/api/authaccount/login, data={"email": "Developer5@gmail.com", "password": "123456"}, headers={'Content-Type': 'application/json', 'Authorization': 'Bearer&lt;3030401c-c5a5-43c8-8b73-2ab9e6f2ca22&gt;'}, files=None, allow_redirects=True </msg>
<msg timestamp="20220517 15:39:05.170" level="INFO">${res} = &lt;Response [200]&gt;</msg>
<status status="PASS" starttime="20220517 15:39:04.982" endtime="20220517 15:39:05.170"/>
</kw>
<kw name="Set Global Variable" library="BuiltIn">
<arg>${res}</arg>
<doc>Makes a variable available globally in all tests and suites.</doc>
<msg timestamp="20220517 15:39:05.170" level="INFO">${res} = &lt;Response [200]&gt;</msg>
<status status="PASS" starttime="20220517 15:39:05.170" endtime="20220517 15:39:05.170"/>
</kw>
<kw name="Log To Console" library="BuiltIn">
<arg>${res.content}</arg>
<doc>Logs the given message to the console.</doc>
<status status="PASS" starttime="20220517 15:39:05.172" endtime="20220517 15:39:05.172"/>
</kw>
<kw name="Log To Console" library="BuiltIn">
<arg>${res.content}</arg>
<doc>Logs the given message to the console.</doc>
<status status="PASS" starttime="20220517 15:39:05.172" endtime="20220517 15:39:05.172"/>
</kw>
<kw name="Log To Console" library="BuiltIn">
<arg>${res.headers}</arg>
<doc>Logs the given message to the console.</doc>
<status status="PASS" starttime="20220517 15:39:05.172" endtime="20220517 15:39:05.172"/>
</kw>
<kw name="Log" library="BuiltIn">
<arg>${res.content}</arg>
<doc>Logs the given message with the given level.</doc>
<msg timestamp="20220517 15:39:05.172" level="INFO">{"code":1,"message":"invalid username or password","data":null}</msg>
<status status="PASS" starttime="20220517 15:39:05.172" endtime="20220517 15:39:05.172"/>
</kw>
<kw name="Log" library="BuiltIn">
<arg>${res.content}</arg>
<doc>Logs the given message with the given level.</doc>
<msg timestamp="20220517 15:39:05.172" level="INFO">{"code":1,"message":"invalid username or password","data":null}</msg>
<status status="PASS" starttime="20220517 15:39:05.172" endtime="20220517 15:39:05.172"/>
</kw>
<kw name="Log" library="BuiltIn">
<arg>${res.headers}</arg>
<doc>Logs the given message with the given level.</doc>
<msg timestamp="20220517 15:39:05.172" level="INFO">{'Cache-Control': 'no-cache', 'Pragma': 'no-cache', 'Content-Type': 'application/json; charset=utf-8', 'Expires': '-1', 'Server': 'Microsoft-IIS/10.0', 'X-AspNet-Version': '4.0.30319', 'X-Powered-By': 'ASP.NET', 'Date': 'Tue, 17 May 2022 10:09:05 GMT', 'Content-Length': '63'}</msg>
<status status="PASS" starttime="20220517 15:39:05.172" endtime="20220517 15:39:05.172"/>
</kw>
<kw name="Should Not Be Empty" library="BuiltIn">
<arg>${res.content}</arg>
<doc>Verifies that the given item is not empty.</doc>
<msg timestamp="20220517 15:39:05.180" level="INFO">Length is 63</msg>
<status status="PASS" starttime="20220517 15:39:05.180" endtime="20220517 15:39:05.180"/>
</kw>
<kw name="Convert To String" library="BuiltIn">
<var>${json}</var>
<arg>${res.content}</arg>
<doc>Converts the given item to a Unicode string.</doc>
<msg timestamp="20220517 15:39:05.180" level="INFO">${json} = {"code":1,"message":"invalid username or password","data":null}</msg>
<status status="PASS" starttime="20220517 15:39:05.180" endtime="20220517 15:39:05.180"/>
</kw>
<kw name="To Json" library="RequestsLibrary">
<var>${Json_res}</var>
<arg>${json}</arg>
<doc>Convert a string to a JSON object</doc>
<msg timestamp="20220517 15:39:05.182" level="INFO">To JSON using : content={"code":1,"message":"invalid username or password","data":null} </msg>
<msg timestamp="20220517 15:39:05.182" level="INFO">To JSON using : pretty_print=False </msg>
<msg timestamp="20220517 15:39:05.182" level="INFO">${Json_res} = {'code': 1, 'message': 'invalid username or password', 'data': None}</msg>
<status status="PASS" starttime="20220517 15:39:05.182" endtime="20220517 15:39:05.182"/>
</kw>
<kw name="Run Keyword And Return Status" library="BuiltIn">
<var>${res}</var>
<arg>should contain</arg>
<arg>${Json_res}</arg>
<arg>"invalid username or password"</arg>
<doc>Runs the given keyword with given arguments and returns the status as a Boolean value.</doc>
<kw name="Should Contain" library="BuiltIn">
<arg>${Json_res}</arg>
<arg>"invalid username or password"</arg>
<doc>Fails if ``container`` does not contain ``item`` one or more times.</doc>
<msg timestamp="20220517 15:39:05.182" level="FAIL">'{'code': 1, 'message': 'invalid username or password', 'data': None}' does not contain '"invalid username or password"'</msg>
<status status="FAIL" starttime="20220517 15:39:05.182" endtime="20220517 15:39:05.182"/>
</kw>
<msg timestamp="20220517 15:39:05.182" level="INFO">${res} = False</msg>
<status status="PASS" starttime="20220517 15:39:05.182" endtime="20220517 15:39:05.182"/>
</kw>
<kw name="Log To Console" library="BuiltIn" type="TEARDOWN">
<arg>Test Setup end</arg>
<doc>Logs the given message to the console.</doc>
<status status="PASS" starttime="20220517 15:39:05.182" endtime="20220517 15:39:05.182"/>
</kw>
<status status="PASS" starttime="20220517 15:39:04.974" endtime="20220517 15:39:05.182"/>
</test>
<kw name="Log To Console" library="BuiltIn" type="TEARDOWN">
<arg>Suite setup END</arg>
<doc>Logs the given message to the console.</doc>
<status status="PASS" starttime="20220517 15:39:05.182" endtime="20220517 15:39:05.182"/>
</kw>
<status status="PASS" starttime="20220517 15:39:04.810" endtime="20220517 15:39:05.182"/>
</suite>
<statistics>
<total>
<stat pass="1" fail="0" skip="0">All Tests</stat>
</total>
<tag>
</tag>
<suite>
<stat pass="1" fail="0" skip="0" id="s1" name="Get Request Validations API">Get Request Validations API</stat>
</suite>
</statistics>
<errors>
</errors>
</robot>
