<?xml version="1.0" encoding="UTF-8"?>
<robot generator="Robot 6.1.1 (Python 3.12.1 on win32)" generated="20240210 11:28:25.549" rpa="false" schemaversion="4">
<suite id="s1" name="File 1 Simple Login" source="D:\Personal_Project_Space\Robot_Framework\GUI_Testing\File_1_Simple_Login.robot">
<test id="s1-t1" name="TC_02_Order_Something" line="25">
<kw name="Open Browser" library="SeleniumLibrary">
<arg>https://www.saucedemo.com/</arg>
<arg>edge</arg>
<doc>Opens a new browser instance to the optional ``url``.</doc>
<msg timestamp="20240210 11:28:25.814" level="INFO">Opening browser 'edge' to base url 'https://www.saucedemo.com/'.</msg>
<status status="PASS" starttime="20240210 11:28:25.814" endtime="20240210 11:28:28.114"/>
</kw>
<kw name="Set Variable" library="BuiltIn">
<var>${username}</var>
<arg>standard_user</arg>
<doc>Returns the given values which can then be assigned to a variables.</doc>
<msg timestamp="20240210 11:28:28.123" level="INFO">${username} = standard_user</msg>
<status status="PASS" starttime="20240210 11:28:28.123" endtime="20240210 11:28:28.123"/>
</kw>
<kw name="Set Variable" library="BuiltIn">
<var>${password}</var>
<arg>secret_sauce</arg>
<doc>Returns the given values which can then be assigned to a variables.</doc>
<msg timestamp="20240210 11:28:28.124" level="INFO">${password} = secret_sauce</msg>
<status status="PASS" starttime="20240210 11:28:28.124" endtime="20240210 11:28:28.125"/>
</kw>
<kw name="Wait Until Element Is Visible" library="SeleniumLibrary">
<arg>//*[@id="root"]/div[1]/div[1]</arg>
<doc>Waits until the element ``locator`` is visible.</doc>
<status status="PASS" starttime="20240210 11:28:28.125" endtime="20240210 11:28:28.235"/>
</kw>
<kw name="Input Text" library="SeleniumLibrary">
<arg>//*[@data-test="username"]</arg>
<arg>${username}</arg>
<doc>Types the given ``text`` into the text field identified by ``locator``.</doc>
<msg timestamp="20240210 11:28:28.236" level="INFO">Typing text 'standard_user' into text field '//*[@data-test="username"]'.</msg>
<status status="PASS" starttime="20240210 11:28:28.236" endtime="20240210 11:28:28.362"/>
</kw>
<kw name="Input Password" library="SeleniumLibrary">
<arg>//*[@data-test="password"]</arg>
<arg>${password}</arg>
<doc>Types the given password into the text field identified by ``locator``.</doc>
<msg timestamp="20240210 11:28:28.363" level="INFO">Typing password into text field '//*[@data-test="password"]'.</msg>
<msg timestamp="20240210 11:28:28.399" level="INFO">Temporally setting log level to: NONE</msg>
<msg timestamp="20240210 11:28:28.470" level="INFO">Log level changed from NONE to INFO.</msg>
<status status="PASS" starttime="20240210 11:28:28.363" endtime="20240210 11:28:28.470"/>
</kw>
<kw name="Click Button" library="SeleniumLibrary">
<arg>//*[@value="Login"]</arg>
<doc>Clicks the button identified by ``locator``.</doc>
<msg timestamp="20240210 11:28:28.470" level="INFO">Clicking button '//*[@value="Login"]'.</msg>
<status status="PASS" starttime="20240210 11:28:28.470" endtime="20240210 11:28:28.579"/>
</kw>
<kw name="Sleep" library="BuiltIn">
<arg>5s</arg>
<doc>Pauses the test executed for the given time.</doc>
<msg timestamp="20240210 11:28:33.580" level="INFO">Slept 5 seconds</msg>
<status status="PASS" starttime="20240210 11:28:28.579" endtime="20240210 11:28:33.580"/>
</kw>
<kw name="Log" library="BuiltIn">
<arg>Log was Succsesfull</arg>
<doc>Logs the given message with the given level.</doc>
<msg timestamp="20240210 11:28:33.580" level="INFO">Log was Succsesfull</msg>
<status status="PASS" starttime="20240210 11:28:33.580" endtime="20240210 11:28:33.580"/>
</kw>
<kw name="Close Browser" library="SeleniumLibrary">
<doc>Closes the current browser.</doc>
<status status="PASS" starttime="20240210 11:28:33.580" endtime="20240210 11:28:35.810"/>
</kw>
<status status="PASS" starttime="20240210 11:28:25.814" endtime="20240210 11:28:35.810"/>
</test>
<status status="PASS" starttime="20240210 11:28:25.549" endtime="20240210 11:28:35.814"/>
</suite>
<statistics>
<total>
<stat pass="1" fail="0" skip="0">All Tests</stat>
</total>
<tag>
</tag>
<suite>
<stat pass="1" fail="0" skip="0" id="s1" name="File 1 Simple Login">File 1 Simple Login</stat>
</suite>
</statistics>
<errors>
</errors>
</robot>
