<?xml version="1.0" encoding="UTF-8"?>
<robot generator="Robot 6.1.1 (Python 3.12.1 on win32)" generated="20240110 18:27:58.656" rpa="false" schemaversion="4">
<suite id="s1" name="API TC1" source="D:\Personal_Project_Space\Robot_Framework\API_Testing\Requests\BR_Folder\API_TC1.robot">
<kw name="TC_001 Get Student Details [GET]123" type="SETUP">
<kw name="Create Session" library="RequestsLibrary">
<arg>TC_001</arg>
<arg>${tc1_url}</arg>
<doc>Create Session: create a HTTP session to a server</doc>
<msg timestamp="20240110 18:27:58.946" level="INFO">Creating Session using : alias=TC_001, url=http://thetestingworldapi.com, headers={},                     cookies={}, auth=None, timeout=None, proxies=None, verify=False,                     debug=0 </msg>
<status status="PASS" starttime="20240110 18:27:58.946" endtime="20240110 18:27:58.946"/>
</kw>
<kw name="GET On Session" library="RequestsLibrary">
<var>${res}</var>
<arg>TC_001</arg>
<arg>/api/studentsDetails/</arg>
<doc>Sends a GET request on a previously created HTTP Session.</doc>
<msg timestamp="20240110 18:27:59.200" level="INFO">GET Request : url=http://thetestingworldapi.com/api/studentsDetails/ (redirected) 
 path_url=/api/studentsDetails/ 
 headers={'User-Agent': 'python-requests/2.31.0', 'Accept-Encoding': 'gzip, deflate', 'Accept': '*/*', 'Connection': 'keep-alive'} 
 body=None 
 </msg>
<msg timestamp="20240110 18:27:59.200" level="INFO">GET Response : url=https://thetestingworldapi.com/api/studentsDetails/ 
 status=200, reason=OK 
 headers={'Cache-Control': 'no-cache', 'Pragma': 'no-cache', 'Content-Type': 'application/json; charset=utf-8', 'Expires': '-1', 'Server': 'Microsoft-IIS/10.0', 'X-AspNet-Version': '4.0.30319', 'X-Powered-By': 'ASP.NET', 'X-Powered-By-Plesk': 'PleskWin', 'Date': 'Wed, 10 Jan 2024 12:57:57 GMT', 'Content-Length': '10692'} 
 body=[{"id":10053823,"first_name":"Magda","middle_name":"Zofia","last_name":"Konopka","date_of_birth":"02/02/2022"},{"id":10053822,"first_name":"Rajesh","middle_name":"Manohar","last_name":"Patil","date_of_birth":"15/11/1998"},{"id":10053821,"first_name":"Magda","middle_name":"Zofia","last_name":"Konopka","date_of_birth":"02/02/2022"},{"id":10053820,"first_name":"Magda","middle_name":"Zofia","last_name":"Konopka","date_of_birth":"02/02/2022"},{"id":10053819,"first_name":"Ramesh","middle_name":"Manishbhai","last_name":"Patel","date_of_birth":"07/08/1998"},{"id":10053818,"first_name":"Ramesh","middle_name":"Manishbhai","last_name":"Patel","date_of_birth":"07/08/1998"},{"id":10053817,"first_name":"Ramesh","middle_name":"Manishbhai","last_name":"Patel","date_of_birth":"07/08/1998"},{"id":10053816,"first_name":"Tomasz","middle_name":"Jonasz","last_name":"Fromage","date_of_birth":"11-12-92"},{"id":10053815,"first_name":"Ramesh","middle_name":"Manishbhai","last_name":"Patel","date_of_birth":"07/08/1998"},{"id":10053814,"first_name":"Tomasz","middle_name":"Jonasz","last_name":"Fromage","date_of_birth":"11-12-92"},{"id":10053813,"first_name":"Tomasz","middle_name":"Jonasz","last_name":"Fromage","date_of_birth":"11-12-92"},{"id":10053812,"first_name":"Tomasz","middle_name":"Jonasz","last_name":"Fromage","date_of_birth":"11-12-92"},{"id":10053811,"first_name":"Aparna","middle_name":"Mahesh","last_name":"Shinde","date_of_birth":"6/14/98"},{"id":10053810,"first_name":"Anna","middle_name":"William","last_name":"Jen","date_of_birth":"7/12/92"},{"id":10053809,"first_name":"Mona","middle_name":"M","last_name":"Bing","date_of_birth":"19/08/1969"},{"id":10053808,"first_name":"Shrey","middle_name":"Govind","last_name":"CBL","date_of_birth":"19/06/1968"},{"id":10053807,"first_name":"Shrey","middle_name":"Govind","last_name":"CBL","date_of_birth":"19/06/1968"},{"id":10053806,"first_name":"Tomasz","middle_name":"Jonasz","last_name":"Fromage","date_of_birth":"11-12-92"},{"id":10053794,"first_name":"dzf","middle_name":"ccb","last_name":"c","date_of_birth":"3"},{"id":10053790,"first_name":"dzf","middle_name":"ccb","last_name":"c","date_of_birth":"3"},{"id":10053783,"first_name":"Rajesh","middle_name":"Manohar","last_name":"Patil","date_of_birth":"15/11/1998"},{"id":10053782,"first_name":"Tomasz","middle_name":"Jonasz","last_name":"Fromage","date_of_birth":"11-12-92"},{"id":10053778,"first_name":"S","middle_name":"M","last_name":"kumars","date_of_birth":"15/12/1996"},{"id":10053776,"first_name":"Testing","middle_name":"world","last_name":"Testing World","date_of_birth":"20/11/1996"},{"id":10053775,"first_name":"Rajesh","middle_name":"Manohar","last_name":"Patil","date_of_birth":"15/11/1998"},{"id":10053774,"first_name":"Rajesh","middle_name":"Manohar","last_name":"Patil","date_of_birth":"15/11/1998"},{"id":10053773,"first_name":"Rajesh","middle_name":"Manohar","last_name":"Patil","date_of_birth":"15/11/1998"},{"id":10053770,"first_name":"Milkha","middle_name":"Singh","last_name":"","date_of_birth":"08/2/2021"},{"id":10053769,"first_name":"Milkha","middle_name":"Singh","last_name":"LNameTS","date_of_birth":"08/2/2021"},{"id":10053768,"first_name":"Rajesh","middle_name":"Manohar","last_name":"Patil","date_of_birth":"15/11/1998"},{"id":10053767,"first_name":"Rajesh","middle_name":"Manohar","last_name":"Patil","date_of_birth":"15/11/1998"},{"id":10053766,"first_name":"Happy","middle_name":"Hour","last_name":"Started","date_of_birth":"08/2/2012"},{"id":10053765,"first_name":"Happy","middle_name":"Hour","last_name":"","date_of_birth":"08/2/2012"},{"id":10053764,"first_name":"Happy","middle_name":"Hour","last_name":"","date_of_birth":"08/2/2012"},{"id":10053763,"first_name":"Happy","middle_name":"Hour","last_name":"","date_of_birth":"08/2/2012"},{"id":10053762,"first_name":"Ramesh","middle_name":"Manishbhai","last_name":"Patel","date_of_birth":"07/08/1998"},{"id":10053761,"first_name":"Test01","middle_name":"abc","last_name":"Test10","date_of_birth":"08/2/2021"},{"id":10053760,"first_name":"Test01","middle_name":"abc","last_name":"Test10","date_of_birth":"08/2/2021"},{"id":10053759,"first_name":"Test01","middle_name":"abc","last_name":"Test10","date_of_birth":"08/2/2012"},{"id":10053758,"first_name":"Test01","middle_name":"abc","last_name":"Test10","date_of_birth":"08/2/2012"},{"id":10053757,"first_name":"Test01","middle_name":"abc","last_name":"Test10","date_of_birth":"08/2/2012"},{"id":10053755,"first_name":"Hello","middle_name":"World","last_name":"Samson","date_of_birth":"28/12/1999"},{"id":10053754,"first_name":"Aparna","middle_name":"Mahesh","last_name":"Shinde","date_of_birth":"6/14/98"},{"id":10053753,"first_name":"Anna","middle_name":"William","last_name":"Jen","date_of_birth":"7/12/92"},{"id":10053752,"first_name":"Mona","middle_name":"M","last_name":"Bing","date_of_birth":"19/08/1969"},{"id":10053751,"first_name":"Shrey","middle_name":"Govind","last_name":"CBL","date_of_birth":"19/06/1968"},{"id":10053750,"first_name":"Shrey","middle_name":"Govind","last_name":"CBL","date_of_birth":"19/06/1968"},{"id":10053749,"first_name":"Aparna","middle_name":"Mahesh","last_name":"Shinde","date_of_birth":"6/14/98"},{"id":10053748,"first_name":"Anna","middle_name":"William","last_name":"Jen","date_of_birth":"7/12/92"},{"id":10053747,"first_name":"Mona","middle_name":"M","last_name":"Bing","date_of_birth":"19/08/1969"},{"id":10053746,"first_name":"Shrey","middle_name":"Govind","last_name":"CBL","date_of_birth":"19/06/1968"},{"id":10053745,"first_name":"Shrey","middle_name":"Govind","last_name":"CBL","date_of_birth":"19/06/1968"},{"id":10053744,"first_name":"Tomasz","middle_name":"Andrzej","last_name":"Fromage","date_of_birth":"9-03-93"},{"id":10053743,"first_name":null,"middle_name":null,"last_name":null,"date_of_birth":null},{"id":10053742,"first_name":null,"middle_name":null,"last_name":null,"date_of_birth":null},{"id":10053741,"first_name":"Tomasz","middle_name":"Andrzej","last_name":"Fromage","date_of_birth":"9-03-93"},{"id":10053740,"first_name":"sample string 2","middle_name":"sample string 3","last_name":"sample string 4","date_of_birth":"sample string 5"},{"id":10053739,"first_name":null,"middle_name":null,"last_name":null,"date_of_birth":null},{"id":10053738,"first_name":"Muthu","middle_name":"V","last_name":"Sriv","date_of_birth":"11-09-2009"},{"id":10053737,"first_name":"Ram","middle_name":"Q","last_name":"Soundarya","date_of_birth":"10-08-2008"},{"id":10053736,"first_name":"Leema","middle_name":"W","last_name":"Sebas","date_of_birth":"09-07-2007"},{"id":10053735,"first_name":"Febisha","middle_name":"R","last_name":"Jacob","date_of_birth":"08-06-2006"},{"id":10053734,"first_name":"Shivani","middle_name":"T","last_name":"Cals","date_of_birth":"07-05-2005"},{"id":10053733,"first_name":"Keerthi","middle_name":"Y","last_name":"Varshani","date_of_birth":"06-04-2004"},{"id":10053732,"first_name":"Shravani","middle_name":"U","last_name":"Jack","date_of_birth":"05-03-2003"},{"id":10053731,"first_name":"Gokila","middle_name":"I","last_name":"Sriram","date_of_birth":"04-02-2002"},{"id":10053730,"first_name":"Iswarya","middle_name":"S","last_name":"Muthu","date_of_birth":"03-01-2001"},{"id":10053729,"first_name":"Kavitha","middle_name":"O","last_name":"Lavanya","date_of_birth":"02-11-2000"},{"id":10053727,"first_name":"Aparna","middle_name":"Mahesh","last_name":"Shinde","date_of_birth":"6/14/98"},{"id":10053726,"first_name":"Anna","middle_name":"William","last_name":"Jen","date_of_birth":"7/12/92"},{"id":10053725,"first_name":"Mona","middle_name":"M","last_name":"Bing","date_of_birth":"19/08/1969"},{"id":10053724,"first_name":"Shrey","middle_name":"Govind","last_name":"CBL","date_of_birth":"19/06/1968"},{"id":10053723,"first_name":"Shrey","middle_name":"Govind","last_name":"CBL","date_of_birth":"19/06/1968"},{"id":10053722,"first_name":"Aparna","middle_name":"Mahesh","last_name":"Shinde","date_of_birth":"6/14/98"},{"id":10053721,"first_name":"Anna","middle_name":"William","last_name":"Jen","date_of_birth":"7/12/92"},{"id":10053720,"first_name":"Mona","middle_name":"M","last_name":"Bing","date_of_birth":"19/08/1969"},{"id":10053719,"first_name":"Shrey","middle_name":"Govind","last_name":"CBL","date_of_birth":"19/06/1968"},{"id":10053718,"first_name":"Shrey","middle_name":"Govind","last_name":"CBL","date_of_birth":"19/06/1968"},{"id":10053717,"first_name":"Aparna","middle_name":"Mahesh","last_name":"Shinde","date_of_birth":"6/14/98"},{"id":10053716,"first_name":"Anna","middle_name":"William","last_name":"Jen","date_of_birth":"7/12/92"},{"id":10053715,"first_name":"Mona","middle_name":"M","last_name":"Bing","date_of_birth":"19/08/1969"},{"id":10053714,"first_name":"FName2","middle_name":"D","last_name":"Bing397,696","date_of_birth":"16/8/1984"},{"id":10053713,"first_name":"Shrey","middle_name":"Govind","last_name":"CBL","date_of_birth":"19/06/1968"},{"id":10053712,"first_name":"Shrey","middle_name":"Govind","last_name":"CBL","date_of_birth":"19/06/1968"},{"id":10053711,"first_name":"Aparna","middle_name":"Mahesh","last_name":"Shinde","date_of_birth":"6/14/98"},{"id":10053710,"first_name":"Anna","middle_name":"William","last_name":"Jen","date_of_birth":"7/12/92"},{"id":10053709,"first_name":"Chandler","middle_name":"Virendra","last_name":"Deshmukh","date_of_birth":"11/08/1992"},{"id":10053708,"first_name":"Komal","middle_name":"M","last_name":"Deshmukh","date_of_birth":"20/9/1973"},{"id":10053707,"first_name":"Chandler","middle_name":"Muriel","last_name":"Bing","date_of_birth":"19/08/1969"},{"id":10053706,"first_name":"Chandler","middle_name":"M","last_name":"Bing","date_of_birth":"19/08/1969"},{"id":10053705,"first_name":"Aparna","middle_name":"Mahesh","last_name":"Shinde","date_of_birth":"6/14/98"},{"id":10053704,"first_name":"Anna","middle_name":"William","last_name":"Jen","date_of_birth":"7/12/92"},{"id":10053703,"first_name":"FName5","middle_name":"L","last_name":"Bing452,612","date_of_birth":"5/2/1992"},{"id":10053702,"first_name":"Shrey","middle_nam... (set the log level to DEBUG or TRACE to see the full content) 
 </msg>
<msg timestamp="20240110 18:27:59.200" level="INFO">C:\Users\ajayr\AppData\Local\Programs\Python\Python312\Lib\site-packages\urllib3\connectionpool.py:1099: InsecureRequestWarning: Unverified HTTPS request is being made to host 'thetestingworldapi.com'. Adding certificate verification is strongly advised. See: https://urllib3.readthedocs.io/en/latest/advanced-usage.html#tls-warnings
  warnings.warn(</msg>
<msg timestamp="20240110 18:27:59.200" level="INFO">${res} = &lt;Response [200]&gt;</msg>
<status status="PASS" starttime="20240110 18:27:58.946" endtime="20240110 18:27:59.200"/>
</kw>
<kw name="Log To Console" library="BuiltIn">
<arg>${res}</arg>
<doc>Logs the given message to the console.</doc>
<status status="PASS" starttime="20240110 18:27:59.200" endtime="20240110 18:27:59.200"/>
</kw>
<kw name="Log" library="BuiltIn">
<arg>${res.status_code}</arg>
<doc>Logs the given message with the given level.</doc>
<msg timestamp="20240110 18:27:59.200" level="INFO">200</msg>
<status status="PASS" starttime="20240110 18:27:59.200" endtime="20240110 18:27:59.200"/>
</kw>
<kw name="Log" library="BuiltIn">
<arg>${res.headers}</arg>
<doc>Logs the given message with the given level.</doc>
<msg timestamp="20240110 18:27:59.200" level="INFO">{'Cache-Control': 'no-cache', 'Pragma': 'no-cache', 'Content-Type': 'application/json; charset=utf-8', 'Expires': '-1', 'Server': 'Microsoft-IIS/10.0', 'X-AspNet-Version': '4.0.30319', 'X-Powered-By': 'ASP.NET', 'X-Powered-By-Plesk': 'PleskWin', 'Date': 'Wed, 10 Jan 2024 12:57:57 GMT', 'Content-Length': '10692'}</msg>
<status status="PASS" starttime="20240110 18:27:59.200" endtime="20240110 18:27:59.200"/>
</kw>
<kw name="Log" library="BuiltIn">
<arg>${res.content}</arg>
<doc>Logs the given message with the given level.</doc>
<msg timestamp="20240110 18:27:59.200" level="INFO">[{"id":10053823,"first_name":"Magda","middle_name":"Zofia","last_name":"Konopka","date_of_birth":"02/02/2022"},{"id":10053822,"first_name":"Rajesh","middle_name":"Manohar","last_name":"Patil","date_of_birth":"15/11/1998"},{"id":10053821,"first_name":"Magda","middle_name":"Zofia","last_name":"Konopka","date_of_birth":"02/02/2022"},{"id":10053820,"first_name":"Magda","middle_name":"Zofia","last_name":"Konopka","date_of_birth":"02/02/2022"},{"id":10053819,"first_name":"Ramesh","middle_name":"Manishbhai","last_name":"Patel","date_of_birth":"07/08/1998"},{"id":10053818,"first_name":"Ramesh","middle_name":"Manishbhai","last_name":"Patel","date_of_birth":"07/08/1998"},{"id":10053817,"first_name":"Ramesh","middle_name":"Manishbhai","last_name":"Patel","date_of_birth":"07/08/1998"},{"id":10053816,"first_name":"Tomasz","middle_name":"Jonasz","last_name":"Fromage","date_of_birth":"11-12-92"},{"id":10053815,"first_name":"Ramesh","middle_name":"Manishbhai","last_name":"Patel","date_of_birth":"07/08/1998"},{"id":10053814,"first_name":"Tomasz","middle_name":"Jonasz","last_name":"Fromage","date_of_birth":"11-12-92"},{"id":10053813,"first_name":"Tomasz","middle_name":"Jonasz","last_name":"Fromage","date_of_birth":"11-12-92"},{"id":10053812,"first_name":"Tomasz","middle_name":"Jonasz","last_name":"Fromage","date_of_birth":"11-12-92"},{"id":10053811,"first_name":"Aparna","middle_name":"Mahesh","last_name":"Shinde","date_of_birth":"6/14/98"},{"id":10053810,"first_name":"Anna","middle_name":"William","last_name":"Jen","date_of_birth":"7/12/92"},{"id":10053809,"first_name":"Mona","middle_name":"M","last_name":"Bing","date_of_birth":"19/08/1969"},{"id":10053808,"first_name":"Shrey","middle_name":"Govind","last_name":"CBL","date_of_birth":"19/06/1968"},{"id":10053807,"first_name":"Shrey","middle_name":"Govind","last_name":"CBL","date_of_birth":"19/06/1968"},{"id":10053806,"first_name":"Tomasz","middle_name":"Jonasz","last_name":"Fromage","date_of_birth":"11-12-92"},{"id":10053794,"first_name":"dzf","middle_name":"ccb","last_name":"c","date_of_birth":"3"},{"id":10053790,"first_name":"dzf","middle_name":"ccb","last_name":"c","date_of_birth":"3"},{"id":10053783,"first_name":"Rajesh","middle_name":"Manohar","last_name":"Patil","date_of_birth":"15/11/1998"},{"id":10053782,"first_name":"Tomasz","middle_name":"Jonasz","last_name":"Fromage","date_of_birth":"11-12-92"},{"id":10053778,"first_name":"S","middle_name":"M","last_name":"kumars","date_of_birth":"15/12/1996"},{"id":10053776,"first_name":"Testing","middle_name":"world","last_name":"Testing World","date_of_birth":"20/11/1996"},{"id":10053775,"first_name":"Rajesh","middle_name":"Manohar","last_name":"Patil","date_of_birth":"15/11/1998"},{"id":10053774,"first_name":"Rajesh","middle_name":"Manohar","last_name":"Patil","date_of_birth":"15/11/1998"},{"id":10053773,"first_name":"Rajesh","middle_name":"Manohar","last_name":"Patil","date_of_birth":"15/11/1998"},{"id":10053770,"first_name":"Milkha","middle_name":"Singh","last_name":"","date_of_birth":"08/2/2021"},{"id":10053769,"first_name":"Milkha","middle_name":"Singh","last_name":"LNameTS","date_of_birth":"08/2/2021"},{"id":10053768,"first_name":"Rajesh","middle_name":"Manohar","last_name":"Patil","date_of_birth":"15/11/1998"},{"id":10053767,"first_name":"Rajesh","middle_name":"Manohar","last_name":"Patil","date_of_birth":"15/11/1998"},{"id":10053766,"first_name":"Happy","middle_name":"Hour","last_name":"Started","date_of_birth":"08/2/2012"},{"id":10053765,"first_name":"Happy","middle_name":"Hour","last_name":"","date_of_birth":"08/2/2012"},{"id":10053764,"first_name":"Happy","middle_name":"Hour","last_name":"","date_of_birth":"08/2/2012"},{"id":10053763,"first_name":"Happy","middle_name":"Hour","last_name":"","date_of_birth":"08/2/2012"},{"id":10053762,"first_name":"Ramesh","middle_name":"Manishbhai","last_name":"Patel","date_of_birth":"07/08/1998"},{"id":10053761,"first_name":"Test01","middle_name":"abc","last_name":"Test10","date_of_birth":"08/2/2021"},{"id":10053760,"first_name":"Test01","middle_name":"abc","last_name":"Test10","date_of_birth":"08/2/2021"},{"id":10053759,"first_name":"Test01","middle_name":"abc","last_name":"Test10","date_of_birth":"08/2/2012"},{"id":10053758,"first_name":"Test01","middle_name":"abc","last_name":"Test10","date_of_birth":"08/2/2012"},{"id":10053757,"first_name":"Test01","middle_name":"abc","last_name":"Test10","date_of_birth":"08/2/2012"},{"id":10053755,"first_name":"Hello","middle_name":"World","last_name":"Samson","date_of_birth":"28/12/1999"},{"id":10053754,"first_name":"Aparna","middle_name":"Mahesh","last_name":"Shinde","date_of_birth":"6/14/98"},{"id":10053753,"first_name":"Anna","middle_name":"William","last_name":"Jen","date_of_birth":"7/12/92"},{"id":10053752,"first_name":"Mona","middle_name":"M","last_name":"Bing","date_of_birth":"19/08/1969"},{"id":10053751,"first_name":"Shrey","middle_name":"Govind","last_name":"CBL","date_of_birth":"19/06/1968"},{"id":10053750,"first_name":"Shrey","middle_name":"Govind","last_name":"CBL","date_of_birth":"19/06/1968"},{"id":10053749,"first_name":"Aparna","middle_name":"Mahesh","last_name":"Shinde","date_of_birth":"6/14/98"},{"id":10053748,"first_name":"Anna","middle_name":"William","last_name":"Jen","date_of_birth":"7/12/92"},{"id":10053747,"first_name":"Mona","middle_name":"M","last_name":"Bing","date_of_birth":"19/08/1969"},{"id":10053746,"first_name":"Shrey","middle_name":"Govind","last_name":"CBL","date_of_birth":"19/06/1968"},{"id":10053745,"first_name":"Shrey","middle_name":"Govind","last_name":"CBL","date_of_birth":"19/06/1968"},{"id":10053744,"first_name":"Tomasz","middle_name":"Andrzej","last_name":"Fromage","date_of_birth":"9-03-93"},{"id":10053743,"first_name":null,"middle_name":null,"last_name":null,"date_of_birth":null},{"id":10053742,"first_name":null,"middle_name":null,"last_name":null,"date_of_birth":null},{"id":10053741,"first_name":"Tomasz","middle_name":"Andrzej","last_name":"Fromage","date_of_birth":"9-03-93"},{"id":10053740,"first_name":"sample string 2","middle_name":"sample string 3","last_name":"sample string 4","date_of_birth":"sample string 5"},{"id":10053739,"first_name":null,"middle_name":null,"last_name":null,"date_of_birth":null},{"id":10053738,"first_name":"Muthu","middle_name":"V","last_name":"Sriv","date_of_birth":"11-09-2009"},{"id":10053737,"first_name":"Ram","middle_name":"Q","last_name":"Soundarya","date_of_birth":"10-08-2008"},{"id":10053736,"first_name":"Leema","middle_name":"W","last_name":"Sebas","date_of_birth":"09-07-2007"},{"id":10053735,"first_name":"Febisha","middle_name":"R","last_name":"Jacob","date_of_birth":"08-06-2006"},{"id":10053734,"first_name":"Shivani","middle_name":"T","last_name":"Cals","date_of_birth":"07-05-2005"},{"id":10053733,"first_name":"Keerthi","middle_name":"Y","last_name":"Varshani","date_of_birth":"06-04-2004"},{"id":10053732,"first_name":"Shravani","middle_name":"U","last_name":"Jack","date_of_birth":"05-03-2003"},{"id":10053731,"first_name":"Gokila","middle_name":"I","last_name":"Sriram","date_of_birth":"04-02-2002"},{"id":10053730,"first_name":"Iswarya","middle_name":"S","last_name":"Muthu","date_of_birth":"03-01-2001"},{"id":10053729,"first_name":"Kavitha","middle_name":"O","last_name":"Lavanya","date_of_birth":"02-11-2000"},{"id":10053727,"first_name":"Aparna","middle_name":"Mahesh","last_name":"Shinde","date_of_birth":"6/14/98"},{"id":10053726,"first_name":"Anna","middle_name":"William","last_name":"Jen","date_of_birth":"7/12/92"},{"id":10053725,"first_name":"Mona","middle_name":"M","last_name":"Bing","date_of_birth":"19/08/1969"},{"id":10053724,"first_name":"Shrey","middle_name":"Govind","last_name":"CBL","date_of_birth":"19/06/1968"},{"id":10053723,"first_name":"Shrey","middle_name":"Govind","last_name":"CBL","date_of_birth":"19/06/1968"},{"id":10053722,"first_name":"Aparna","middle_name":"Mahesh","last_name":"Shinde","date_of_birth":"6/14/98"},{"id":10053721,"first_name":"Anna","middle_name":"William","last_name":"Jen","date_of_birth":"7/12/92"},{"id":10053720,"first_name":"Mona","middle_name":"M","last_name":"Bing","date_of_birth":"19/08/1969"},{"id":10053719,"first_name":"Shrey","middle_name":"Govind","last_name":"CBL","date_of_birth":"19/06/1968"},{"id":10053718,"first_name":"Shrey","middle_name":"Govind","last_name":"CBL","date_of_birth":"19/06/1968"},{"id":10053717,"first_name":"Aparna","middle_name":"Mahesh","last_name":"Shinde","date_of_birth":"6/14/98"},{"id":10053716,"first_name":"Anna","middle_name":"William","last_name":"Jen","date_of_birth":"7/12/92"},{"id":10053715,"first_name":"Mona","middle_name":"M","last_name":"Bing","date_of_birth":"19/08/1969"},{"id":10053714,"first_name":"FName2","middle_name":"D","last_name":"Bing397,696","date_of_birth":"16/8/1984"},{"id":10053713,"first_name":"Shrey","middle_name":"Govind","last_name":"CBL","date_of_birth":"19/06/1968"},{"id":10053712,"first_name":"Shrey","middle_name":"Govind","last_name":"CBL","date_of_birth":"19/06/1968"},{"id":10053711,"first_name":"Aparna","middle_name":"Mahesh","last_name":"Shinde","date_of_birth":"6/14/98"},{"id":10053710,"first_name":"Anna","middle_name":"William","last_name":"Jen","date_of_birth":"7/12/92"},{"id":10053709,"first_name":"Chandler","middle_name":"Virendra","last_name":"Deshmukh","date_of_birth":"11/08/1992"},{"id":10053708,"first_name":"Komal","middle_name":"M","last_name":"Deshmukh","date_of_birth":"20/9/1973"},{"id":10053707,"first_name":"Chandler","middle_name":"Muriel","last_name":"Bing","date_of_birth":"19/08/1969"},{"id":10053706,"first_name":"Chandler","middle_name":"M","last_name":"Bing","date_of_birth":"19/08/1969"},{"id":10053705,"first_name":"Aparna","middle_name":"Mahesh","last_name":"Shinde","date_of_birth":"6/14/98"},{"id":10053704,"first_name":"Anna","middle_name":"William","last_name":"Jen","date_of_birth":"7/12/92"},{"id":10053703,"first_name":"FName5","middle_name":"L","last_name":"Bing452,612","date_of_birth":"5/2/1992"},{"id":10053702,"first_name":"Shrey","middle_name":"","last_name":"CBL","date_of_birth":"19/06/1968"},{"id":10053701,"first_name":"Ben","middle_name":"Ross","last_name":"Geller","date_of_birth":"17/08/1999"},{"id":10053700,"first_name":"Aparna","middle_name":"Mahesh","last_name":"Shinde","date_of_birth":"6/14/98"},{"id":10053699,"first_name":"Anna","middle_name":"William","last_name":"Jen","date_of_birth":"7/12/92"},{"id":10053698,"first_name":"Mona","middle_name":"M","last_name":"Bing","date_of_birth":"19/08/1969"},{"id":10053697,"first_name":"FName2","middle_name":"D","last_name":"Bing562,178","date_of_birth":"15/11/1998"},{"id":10053696,"first_name":"Shrey","middle_name":"Govind","last_name":"CBL","date_of_birth":"19/06/1968"}]</msg>
<status status="PASS" starttime="20240110 18:27:59.200" endtime="20240110 18:27:59.200"/>
</kw>
<kw name="Convert To String" library="BuiltIn">
<var>${res}</var>
<arg>${res.content}</arg>
<doc>Converts the given item to a Unicode string.</doc>
<msg timestamp="20240110 18:27:59.200" level="INFO">${res} = [{"id":10053823,"first_name":"Magda","middle_name":"Zofia","last_name":"Konopka","date_of_birth":"02/02/2022"},{"id":10053822,"first_name":"Rajesh","middle_name":"Manohar","last_name":"Patil","date_of...</msg>
<status status="PASS" starttime="20240110 18:27:59.200" endtime="20240110 18:27:59.200"/>
</kw>
<status status="PASS" starttime="20240110 18:27:58.946" endtime="20240110 18:27:59.200"/>
</kw>
<test id="s1-t1" name="TC_001 Get Student Details [GET]" line="21">
<kw name="Create Session" library="RequestsLibrary">
<arg>TC_001</arg>
<arg>${tc1_url}</arg>
<doc>Create Session: create a HTTP session to a server</doc>
<msg timestamp="20240110 18:27:59.200" level="INFO">Creating Session using : alias=TC_001, url=http://thetestingworldapi.com, headers={},                     cookies={}, auth=None, timeout=None, proxies=None, verify=False,                     debug=0 </msg>
<status status="PASS" starttime="20240110 18:27:59.200" endtime="20240110 18:27:59.200"/>
</kw>
<kw name="GET On Session" library="RequestsLibrary">
<var>${res}</var>
<arg>TC_001</arg>
<arg>/api/studentsDetails/</arg>
<doc>Sends a GET request on a previously created HTTP Session.</doc>
<msg timestamp="20240110 18:27:59.827" level="INFO">GET Request : url=http://thetestingworldapi.com/api/studentsDetails/ (redirected) 
 path_url=/api/studentsDetails/ 
 headers={'User-Agent': 'python-requests/2.31.0', 'Accept-Encoding': 'gzip, deflate', 'Accept': '*/*', 'Connection': 'keep-alive'} 
 body=None 
 </msg>
<msg timestamp="20240110 18:27:59.827" level="INFO">GET Response : url=https://thetestingworldapi.com/api/studentsDetails/ 
 status=200, reason=OK 
 headers={'Cache-Control': 'no-cache', 'Pragma': 'no-cache', 'Content-Type': 'application/json; charset=utf-8', 'Expires': '-1', 'Server': 'Microsoft-IIS/10.0', 'X-AspNet-Version': '4.0.30319', 'X-Powered-By': 'ASP.NET', 'X-Powered-By-Plesk': 'PleskWin', 'Date': 'Wed, 10 Jan 2024 12:57:58 GMT', 'Content-Length': '10692'} 
 body=[{"id":10053823,"first_name":"Magda","middle_name":"Zofia","last_name":"Konopka","date_of_birth":"02/02/2022"},{"id":10053822,"first_name":"Rajesh","middle_name":"Manohar","last_name":"Patil","date_of_birth":"15/11/1998"},{"id":10053821,"first_name":"Magda","middle_name":"Zofia","last_name":"Konopka","date_of_birth":"02/02/2022"},{"id":10053820,"first_name":"Magda","middle_name":"Zofia","last_name":"Konopka","date_of_birth":"02/02/2022"},{"id":10053819,"first_name":"Ramesh","middle_name":"Manishbhai","last_name":"Patel","date_of_birth":"07/08/1998"},{"id":10053818,"first_name":"Ramesh","middle_name":"Manishbhai","last_name":"Patel","date_of_birth":"07/08/1998"},{"id":10053817,"first_name":"Ramesh","middle_name":"Manishbhai","last_name":"Patel","date_of_birth":"07/08/1998"},{"id":10053816,"first_name":"Tomasz","middle_name":"Jonasz","last_name":"Fromage","date_of_birth":"11-12-92"},{"id":10053815,"first_name":"Ramesh","middle_name":"Manishbhai","last_name":"Patel","date_of_birth":"07/08/1998"},{"id":10053814,"first_name":"Tomasz","middle_name":"Jonasz","last_name":"Fromage","date_of_birth":"11-12-92"},{"id":10053813,"first_name":"Tomasz","middle_name":"Jonasz","last_name":"Fromage","date_of_birth":"11-12-92"},{"id":10053812,"first_name":"Tomasz","middle_name":"Jonasz","last_name":"Fromage","date_of_birth":"11-12-92"},{"id":10053811,"first_name":"Aparna","middle_name":"Mahesh","last_name":"Shinde","date_of_birth":"6/14/98"},{"id":10053810,"first_name":"Anna","middle_name":"William","last_name":"Jen","date_of_birth":"7/12/92"},{"id":10053809,"first_name":"Mona","middle_name":"M","last_name":"Bing","date_of_birth":"19/08/1969"},{"id":10053808,"first_name":"Shrey","middle_name":"Govind","last_name":"CBL","date_of_birth":"19/06/1968"},{"id":10053807,"first_name":"Shrey","middle_name":"Govind","last_name":"CBL","date_of_birth":"19/06/1968"},{"id":10053806,"first_name":"Tomasz","middle_name":"Jonasz","last_name":"Fromage","date_of_birth":"11-12-92"},{"id":10053794,"first_name":"dzf","middle_name":"ccb","last_name":"c","date_of_birth":"3"},{"id":10053790,"first_name":"dzf","middle_name":"ccb","last_name":"c","date_of_birth":"3"},{"id":10053783,"first_name":"Rajesh","middle_name":"Manohar","last_name":"Patil","date_of_birth":"15/11/1998"},{"id":10053782,"first_name":"Tomasz","middle_name":"Jonasz","last_name":"Fromage","date_of_birth":"11-12-92"},{"id":10053778,"first_name":"S","middle_name":"M","last_name":"kumars","date_of_birth":"15/12/1996"},{"id":10053776,"first_name":"Testing","middle_name":"world","last_name":"Testing World","date_of_birth":"20/11/1996"},{"id":10053775,"first_name":"Rajesh","middle_name":"Manohar","last_name":"Patil","date_of_birth":"15/11/1998"},{"id":10053774,"first_name":"Rajesh","middle_name":"Manohar","last_name":"Patil","date_of_birth":"15/11/1998"},{"id":10053773,"first_name":"Rajesh","middle_name":"Manohar","last_name":"Patil","date_of_birth":"15/11/1998"},{"id":10053770,"first_name":"Milkha","middle_name":"Singh","last_name":"","date_of_birth":"08/2/2021"},{"id":10053769,"first_name":"Milkha","middle_name":"Singh","last_name":"LNameTS","date_of_birth":"08/2/2021"},{"id":10053768,"first_name":"Rajesh","middle_name":"Manohar","last_name":"Patil","date_of_birth":"15/11/1998"},{"id":10053767,"first_name":"Rajesh","middle_name":"Manohar","last_name":"Patil","date_of_birth":"15/11/1998"},{"id":10053766,"first_name":"Happy","middle_name":"Hour","last_name":"Started","date_of_birth":"08/2/2012"},{"id":10053765,"first_name":"Happy","middle_name":"Hour","last_name":"","date_of_birth":"08/2/2012"},{"id":10053764,"first_name":"Happy","middle_name":"Hour","last_name":"","date_of_birth":"08/2/2012"},{"id":10053763,"first_name":"Happy","middle_name":"Hour","last_name":"","date_of_birth":"08/2/2012"},{"id":10053762,"first_name":"Ramesh","middle_name":"Manishbhai","last_name":"Patel","date_of_birth":"07/08/1998"},{"id":10053761,"first_name":"Test01","middle_name":"abc","last_name":"Test10","date_of_birth":"08/2/2021"},{"id":10053760,"first_name":"Test01","middle_name":"abc","last_name":"Test10","date_of_birth":"08/2/2021"},{"id":10053759,"first_name":"Test01","middle_name":"abc","last_name":"Test10","date_of_birth":"08/2/2012"},{"id":10053758,"first_name":"Test01","middle_name":"abc","last_name":"Test10","date_of_birth":"08/2/2012"},{"id":10053757,"first_name":"Test01","middle_name":"abc","last_name":"Test10","date_of_birth":"08/2/2012"},{"id":10053755,"first_name":"Hello","middle_name":"World","last_name":"Samson","date_of_birth":"28/12/1999"},{"id":10053754,"first_name":"Aparna","middle_name":"Mahesh","last_name":"Shinde","date_of_birth":"6/14/98"},{"id":10053753,"first_name":"Anna","middle_name":"William","last_name":"Jen","date_of_birth":"7/12/92"},{"id":10053752,"first_name":"Mona","middle_name":"M","last_name":"Bing","date_of_birth":"19/08/1969"},{"id":10053751,"first_name":"Shrey","middle_name":"Govind","last_name":"CBL","date_of_birth":"19/06/1968"},{"id":10053750,"first_name":"Shrey","middle_name":"Govind","last_name":"CBL","date_of_birth":"19/06/1968"},{"id":10053749,"first_name":"Aparna","middle_name":"Mahesh","last_name":"Shinde","date_of_birth":"6/14/98"},{"id":10053748,"first_name":"Anna","middle_name":"William","last_name":"Jen","date_of_birth":"7/12/92"},{"id":10053747,"first_name":"Mona","middle_name":"M","last_name":"Bing","date_of_birth":"19/08/1969"},{"id":10053746,"first_name":"Shrey","middle_name":"Govind","last_name":"CBL","date_of_birth":"19/06/1968"},{"id":10053745,"first_name":"Shrey","middle_name":"Govind","last_name":"CBL","date_of_birth":"19/06/1968"},{"id":10053744,"first_name":"Tomasz","middle_name":"Andrzej","last_name":"Fromage","date_of_birth":"9-03-93"},{"id":10053743,"first_name":null,"middle_name":null,"last_name":null,"date_of_birth":null},{"id":10053742,"first_name":null,"middle_name":null,"last_name":null,"date_of_birth":null},{"id":10053741,"first_name":"Tomasz","middle_name":"Andrzej","last_name":"Fromage","date_of_birth":"9-03-93"},{"id":10053740,"first_name":"sample string 2","middle_name":"sample string 3","last_name":"sample string 4","date_of_birth":"sample string 5"},{"id":10053739,"first_name":null,"middle_name":null,"last_name":null,"date_of_birth":null},{"id":10053738,"first_name":"Muthu","middle_name":"V","last_name":"Sriv","date_of_birth":"11-09-2009"},{"id":10053737,"first_name":"Ram","middle_name":"Q","last_name":"Soundarya","date_of_birth":"10-08-2008"},{"id":10053736,"first_name":"Leema","middle_name":"W","last_name":"Sebas","date_of_birth":"09-07-2007"},{"id":10053735,"first_name":"Febisha","middle_name":"R","last_name":"Jacob","date_of_birth":"08-06-2006"},{"id":10053734,"first_name":"Shivani","middle_name":"T","last_name":"Cals","date_of_birth":"07-05-2005"},{"id":10053733,"first_name":"Keerthi","middle_name":"Y","last_name":"Varshani","date_of_birth":"06-04-2004"},{"id":10053732,"first_name":"Shravani","middle_name":"U","last_name":"Jack","date_of_birth":"05-03-2003"},{"id":10053731,"first_name":"Gokila","middle_name":"I","last_name":"Sriram","date_of_birth":"04-02-2002"},{"id":10053730,"first_name":"Iswarya","middle_name":"S","last_name":"Muthu","date_of_birth":"03-01-2001"},{"id":10053729,"first_name":"Kavitha","middle_name":"O","last_name":"Lavanya","date_of_birth":"02-11-2000"},{"id":10053727,"first_name":"Aparna","middle_name":"Mahesh","last_name":"Shinde","date_of_birth":"6/14/98"},{"id":10053726,"first_name":"Anna","middle_name":"William","last_name":"Jen","date_of_birth":"7/12/92"},{"id":10053725,"first_name":"Mona","middle_name":"M","last_name":"Bing","date_of_birth":"19/08/1969"},{"id":10053724,"first_name":"Shrey","middle_name":"Govind","last_name":"CBL","date_of_birth":"19/06/1968"},{"id":10053723,"first_name":"Shrey","middle_name":"Govind","last_name":"CBL","date_of_birth":"19/06/1968"},{"id":10053722,"first_name":"Aparna","middle_name":"Mahesh","last_name":"Shinde","date_of_birth":"6/14/98"},{"id":10053721,"first_name":"Anna","middle_name":"William","last_name":"Jen","date_of_birth":"7/12/92"},{"id":10053720,"first_name":"Mona","middle_name":"M","last_name":"Bing","date_of_birth":"19/08/1969"},{"id":10053719,"first_name":"Shrey","middle_name":"Govind","last_name":"CBL","date_of_birth":"19/06/1968"},{"id":10053718,"first_name":"Shrey","middle_name":"Govind","last_name":"CBL","date_of_birth":"19/06/1968"},{"id":10053717,"first_name":"Aparna","middle_name":"Mahesh","last_name":"Shinde","date_of_birth":"6/14/98"},{"id":10053716,"first_name":"Anna","middle_name":"William","last_name":"Jen","date_of_birth":"7/12/92"},{"id":10053715,"first_name":"Mona","middle_name":"M","last_name":"Bing","date_of_birth":"19/08/1969"},{"id":10053714,"first_name":"FName2","middle_name":"D","last_name":"Bing397,696","date_of_birth":"16/8/1984"},{"id":10053713,"first_name":"Shrey","middle_name":"Govind","last_name":"CBL","date_of_birth":"19/06/1968"},{"id":10053712,"first_name":"Shrey","middle_name":"Govind","last_name":"CBL","date_of_birth":"19/06/1968"},{"id":10053711,"first_name":"Aparna","middle_name":"Mahesh","last_name":"Shinde","date_of_birth":"6/14/98"},{"id":10053710,"first_name":"Anna","middle_name":"William","last_name":"Jen","date_of_birth":"7/12/92"},{"id":10053709,"first_name":"Chandler","middle_name":"Virendra","last_name":"Deshmukh","date_of_birth":"11/08/1992"},{"id":10053708,"first_name":"Komal","middle_name":"M","last_name":"Deshmukh","date_of_birth":"20/9/1973"},{"id":10053707,"first_name":"Chandler","middle_name":"Muriel","last_name":"Bing","date_of_birth":"19/08/1969"},{"id":10053706,"first_name":"Chandler","middle_name":"M","last_name":"Bing","date_of_birth":"19/08/1969"},{"id":10053705,"first_name":"Aparna","middle_name":"Mahesh","last_name":"Shinde","date_of_birth":"6/14/98"},{"id":10053704,"first_name":"Anna","middle_name":"William","last_name":"Jen","date_of_birth":"7/12/92"},{"id":10053703,"first_name":"FName5","middle_name":"L","last_name":"Bing452,612","date_of_birth":"5/2/1992"},{"id":10053702,"first_name":"Shrey","middle_nam... (set the log level to DEBUG or TRACE to see the full content) 
 </msg>
<msg timestamp="20240110 18:27:59.827" level="INFO">C:\Users\ajayr\AppData\Local\Programs\Python\Python312\Lib\site-packages\urllib3\connectionpool.py:1099: InsecureRequestWarning: Unverified HTTPS request is being made to host 'thetestingworldapi.com'. Adding certificate verification is strongly advised. See: https://urllib3.readthedocs.io/en/latest/advanced-usage.html#tls-warnings
  warnings.warn(</msg>
<msg timestamp="20240110 18:27:59.827" level="INFO">${res} = &lt;Response [200]&gt;</msg>
<status status="PASS" starttime="20240110 18:27:59.200" endtime="20240110 18:27:59.827"/>
</kw>
<kw name="Log To Console" library="BuiltIn">
<arg>${res}</arg>
<doc>Logs the given message to the console.</doc>
<status status="PASS" starttime="20240110 18:27:59.827" endtime="20240110 18:27:59.827"/>
</kw>
<kw name="Log" library="BuiltIn">
<arg>${res.status_code}</arg>
<doc>Logs the given message with the given level.</doc>
<msg timestamp="20240110 18:27:59.827" level="INFO">200</msg>
<status status="PASS" starttime="20240110 18:27:59.827" endtime="20240110 18:27:59.827"/>
</kw>
<kw name="Log" library="BuiltIn">
<arg>${res.headers}</arg>
<doc>Logs the given message with the given level.</doc>
<msg timestamp="20240110 18:27:59.842" level="INFO">{'Cache-Control': 'no-cache', 'Pragma': 'no-cache', 'Content-Type': 'application/json; charset=utf-8', 'Expires': '-1', 'Server': 'Microsoft-IIS/10.0', 'X-AspNet-Version': '4.0.30319', 'X-Powered-By': 'ASP.NET', 'X-Powered-By-Plesk': 'PleskWin', 'Date': 'Wed, 10 Jan 2024 12:57:58 GMT', 'Content-Length': '10692'}</msg>
<status status="PASS" starttime="20240110 18:27:59.827" endtime="20240110 18:27:59.842"/>
</kw>
<kw name="Log" library="BuiltIn">
<arg>${res.content}</arg>
<doc>Logs the given message with the given level.</doc>
<msg timestamp="20240110 18:27:59.842" level="INFO">[{"id":10053823,"first_name":"Magda","middle_name":"Zofia","last_name":"Konopka","date_of_birth":"02/02/2022"},{"id":10053822,"first_name":"Rajesh","middle_name":"Manohar","last_name":"Patil","date_of_birth":"15/11/1998"},{"id":10053821,"first_name":"Magda","middle_name":"Zofia","last_name":"Konopka","date_of_birth":"02/02/2022"},{"id":10053820,"first_name":"Magda","middle_name":"Zofia","last_name":"Konopka","date_of_birth":"02/02/2022"},{"id":10053819,"first_name":"Ramesh","middle_name":"Manishbhai","last_name":"Patel","date_of_birth":"07/08/1998"},{"id":10053818,"first_name":"Ramesh","middle_name":"Manishbhai","last_name":"Patel","date_of_birth":"07/08/1998"},{"id":10053817,"first_name":"Ramesh","middle_name":"Manishbhai","last_name":"Patel","date_of_birth":"07/08/1998"},{"id":10053816,"first_name":"Tomasz","middle_name":"Jonasz","last_name":"Fromage","date_of_birth":"11-12-92"},{"id":10053815,"first_name":"Ramesh","middle_name":"Manishbhai","last_name":"Patel","date_of_birth":"07/08/1998"},{"id":10053814,"first_name":"Tomasz","middle_name":"Jonasz","last_name":"Fromage","date_of_birth":"11-12-92"},{"id":10053813,"first_name":"Tomasz","middle_name":"Jonasz","last_name":"Fromage","date_of_birth":"11-12-92"},{"id":10053812,"first_name":"Tomasz","middle_name":"Jonasz","last_name":"Fromage","date_of_birth":"11-12-92"},{"id":10053811,"first_name":"Aparna","middle_name":"Mahesh","last_name":"Shinde","date_of_birth":"6/14/98"},{"id":10053810,"first_name":"Anna","middle_name":"William","last_name":"Jen","date_of_birth":"7/12/92"},{"id":10053809,"first_name":"Mona","middle_name":"M","last_name":"Bing","date_of_birth":"19/08/1969"},{"id":10053808,"first_name":"Shrey","middle_name":"Govind","last_name":"CBL","date_of_birth":"19/06/1968"},{"id":10053807,"first_name":"Shrey","middle_name":"Govind","last_name":"CBL","date_of_birth":"19/06/1968"},{"id":10053806,"first_name":"Tomasz","middle_name":"Jonasz","last_name":"Fromage","date_of_birth":"11-12-92"},{"id":10053794,"first_name":"dzf","middle_name":"ccb","last_name":"c","date_of_birth":"3"},{"id":10053790,"first_name":"dzf","middle_name":"ccb","last_name":"c","date_of_birth":"3"},{"id":10053783,"first_name":"Rajesh","middle_name":"Manohar","last_name":"Patil","date_of_birth":"15/11/1998"},{"id":10053782,"first_name":"Tomasz","middle_name":"Jonasz","last_name":"Fromage","date_of_birth":"11-12-92"},{"id":10053778,"first_name":"S","middle_name":"M","last_name":"kumars","date_of_birth":"15/12/1996"},{"id":10053776,"first_name":"Testing","middle_name":"world","last_name":"Testing World","date_of_birth":"20/11/1996"},{"id":10053775,"first_name":"Rajesh","middle_name":"Manohar","last_name":"Patil","date_of_birth":"15/11/1998"},{"id":10053774,"first_name":"Rajesh","middle_name":"Manohar","last_name":"Patil","date_of_birth":"15/11/1998"},{"id":10053773,"first_name":"Rajesh","middle_name":"Manohar","last_name":"Patil","date_of_birth":"15/11/1998"},{"id":10053770,"first_name":"Milkha","middle_name":"Singh","last_name":"","date_of_birth":"08/2/2021"},{"id":10053769,"first_name":"Milkha","middle_name":"Singh","last_name":"LNameTS","date_of_birth":"08/2/2021"},{"id":10053768,"first_name":"Rajesh","middle_name":"Manohar","last_name":"Patil","date_of_birth":"15/11/1998"},{"id":10053767,"first_name":"Rajesh","middle_name":"Manohar","last_name":"Patil","date_of_birth":"15/11/1998"},{"id":10053766,"first_name":"Happy","middle_name":"Hour","last_name":"Started","date_of_birth":"08/2/2012"},{"id":10053765,"first_name":"Happy","middle_name":"Hour","last_name":"","date_of_birth":"08/2/2012"},{"id":10053764,"first_name":"Happy","middle_name":"Hour","last_name":"","date_of_birth":"08/2/2012"},{"id":10053763,"first_name":"Happy","middle_name":"Hour","last_name":"","date_of_birth":"08/2/2012"},{"id":10053762,"first_name":"Ramesh","middle_name":"Manishbhai","last_name":"Patel","date_of_birth":"07/08/1998"},{"id":10053761,"first_name":"Test01","middle_name":"abc","last_name":"Test10","date_of_birth":"08/2/2021"},{"id":10053760,"first_name":"Test01","middle_name":"abc","last_name":"Test10","date_of_birth":"08/2/2021"},{"id":10053759,"first_name":"Test01","middle_name":"abc","last_name":"Test10","date_of_birth":"08/2/2012"},{"id":10053758,"first_name":"Test01","middle_name":"abc","last_name":"Test10","date_of_birth":"08/2/2012"},{"id":10053757,"first_name":"Test01","middle_name":"abc","last_name":"Test10","date_of_birth":"08/2/2012"},{"id":10053755,"first_name":"Hello","middle_name":"World","last_name":"Samson","date_of_birth":"28/12/1999"},{"id":10053754,"first_name":"Aparna","middle_name":"Mahesh","last_name":"Shinde","date_of_birth":"6/14/98"},{"id":10053753,"first_name":"Anna","middle_name":"William","last_name":"Jen","date_of_birth":"7/12/92"},{"id":10053752,"first_name":"Mona","middle_name":"M","last_name":"Bing","date_of_birth":"19/08/1969"},{"id":10053751,"first_name":"Shrey","middle_name":"Govind","last_name":"CBL","date_of_birth":"19/06/1968"},{"id":10053750,"first_name":"Shrey","middle_name":"Govind","last_name":"CBL","date_of_birth":"19/06/1968"},{"id":10053749,"first_name":"Aparna","middle_name":"Mahesh","last_name":"Shinde","date_of_birth":"6/14/98"},{"id":10053748,"first_name":"Anna","middle_name":"William","last_name":"Jen","date_of_birth":"7/12/92"},{"id":10053747,"first_name":"Mona","middle_name":"M","last_name":"Bing","date_of_birth":"19/08/1969"},{"id":10053746,"first_name":"Shrey","middle_name":"Govind","last_name":"CBL","date_of_birth":"19/06/1968"},{"id":10053745,"first_name":"Shrey","middle_name":"Govind","last_name":"CBL","date_of_birth":"19/06/1968"},{"id":10053744,"first_name":"Tomasz","middle_name":"Andrzej","last_name":"Fromage","date_of_birth":"9-03-93"},{"id":10053743,"first_name":null,"middle_name":null,"last_name":null,"date_of_birth":null},{"id":10053742,"first_name":null,"middle_name":null,"last_name":null,"date_of_birth":null},{"id":10053741,"first_name":"Tomasz","middle_name":"Andrzej","last_name":"Fromage","date_of_birth":"9-03-93"},{"id":10053740,"first_name":"sample string 2","middle_name":"sample string 3","last_name":"sample string 4","date_of_birth":"sample string 5"},{"id":10053739,"first_name":null,"middle_name":null,"last_name":null,"date_of_birth":null},{"id":10053738,"first_name":"Muthu","middle_name":"V","last_name":"Sriv","date_of_birth":"11-09-2009"},{"id":10053737,"first_name":"Ram","middle_name":"Q","last_name":"Soundarya","date_of_birth":"10-08-2008"},{"id":10053736,"first_name":"Leema","middle_name":"W","last_name":"Sebas","date_of_birth":"09-07-2007"},{"id":10053735,"first_name":"Febisha","middle_name":"R","last_name":"Jacob","date_of_birth":"08-06-2006"},{"id":10053734,"first_name":"Shivani","middle_name":"T","last_name":"Cals","date_of_birth":"07-05-2005"},{"id":10053733,"first_name":"Keerthi","middle_name":"Y","last_name":"Varshani","date_of_birth":"06-04-2004"},{"id":10053732,"first_name":"Shravani","middle_name":"U","last_name":"Jack","date_of_birth":"05-03-2003"},{"id":10053731,"first_name":"Gokila","middle_name":"I","last_name":"Sriram","date_of_birth":"04-02-2002"},{"id":10053730,"first_name":"Iswarya","middle_name":"S","last_name":"Muthu","date_of_birth":"03-01-2001"},{"id":10053729,"first_name":"Kavitha","middle_name":"O","last_name":"Lavanya","date_of_birth":"02-11-2000"},{"id":10053727,"first_name":"Aparna","middle_name":"Mahesh","last_name":"Shinde","date_of_birth":"6/14/98"},{"id":10053726,"first_name":"Anna","middle_name":"William","last_name":"Jen","date_of_birth":"7/12/92"},{"id":10053725,"first_name":"Mona","middle_name":"M","last_name":"Bing","date_of_birth":"19/08/1969"},{"id":10053724,"first_name":"Shrey","middle_name":"Govind","last_name":"CBL","date_of_birth":"19/06/1968"},{"id":10053723,"first_name":"Shrey","middle_name":"Govind","last_name":"CBL","date_of_birth":"19/06/1968"},{"id":10053722,"first_name":"Aparna","middle_name":"Mahesh","last_name":"Shinde","date_of_birth":"6/14/98"},{"id":10053721,"first_name":"Anna","middle_name":"William","last_name":"Jen","date_of_birth":"7/12/92"},{"id":10053720,"first_name":"Mona","middle_name":"M","last_name":"Bing","date_of_birth":"19/08/1969"},{"id":10053719,"first_name":"Shrey","middle_name":"Govind","last_name":"CBL","date_of_birth":"19/06/1968"},{"id":10053718,"first_name":"Shrey","middle_name":"Govind","last_name":"CBL","date_of_birth":"19/06/1968"},{"id":10053717,"first_name":"Aparna","middle_name":"Mahesh","last_name":"Shinde","date_of_birth":"6/14/98"},{"id":10053716,"first_name":"Anna","middle_name":"William","last_name":"Jen","date_of_birth":"7/12/92"},{"id":10053715,"first_name":"Mona","middle_name":"M","last_name":"Bing","date_of_birth":"19/08/1969"},{"id":10053714,"first_name":"FName2","middle_name":"D","last_name":"Bing397,696","date_of_birth":"16/8/1984"},{"id":10053713,"first_name":"Shrey","middle_name":"Govind","last_name":"CBL","date_of_birth":"19/06/1968"},{"id":10053712,"first_name":"Shrey","middle_name":"Govind","last_name":"CBL","date_of_birth":"19/06/1968"},{"id":10053711,"first_name":"Aparna","middle_name":"Mahesh","last_name":"Shinde","date_of_birth":"6/14/98"},{"id":10053710,"first_name":"Anna","middle_name":"William","last_name":"Jen","date_of_birth":"7/12/92"},{"id":10053709,"first_name":"Chandler","middle_name":"Virendra","last_name":"Deshmukh","date_of_birth":"11/08/1992"},{"id":10053708,"first_name":"Komal","middle_name":"M","last_name":"Deshmukh","date_of_birth":"20/9/1973"},{"id":10053707,"first_name":"Chandler","middle_name":"Muriel","last_name":"Bing","date_of_birth":"19/08/1969"},{"id":10053706,"first_name":"Chandler","middle_name":"M","last_name":"Bing","date_of_birth":"19/08/1969"},{"id":10053705,"first_name":"Aparna","middle_name":"Mahesh","last_name":"Shinde","date_of_birth":"6/14/98"},{"id":10053704,"first_name":"Anna","middle_name":"William","last_name":"Jen","date_of_birth":"7/12/92"},{"id":10053703,"first_name":"FName5","middle_name":"L","last_name":"Bing452,612","date_of_birth":"5/2/1992"},{"id":10053702,"first_name":"Shrey","middle_name":"","last_name":"CBL","date_of_birth":"19/06/1968"},{"id":10053701,"first_name":"Ben","middle_name":"Ross","last_name":"Geller","date_of_birth":"17/08/1999"},{"id":10053700,"first_name":"Aparna","middle_name":"Mahesh","last_name":"Shinde","date_of_birth":"6/14/98"},{"id":10053699,"first_name":"Anna","middle_name":"William","last_name":"Jen","date_of_birth":"7/12/92"},{"id":10053698,"first_name":"Mona","middle_name":"M","last_name":"Bing","date_of_birth":"19/08/1969"},{"id":10053697,"first_name":"FName2","middle_name":"D","last_name":"Bing562,178","date_of_birth":"15/11/1998"},{"id":10053696,"first_name":"Shrey","middle_name":"Govind","last_name":"CBL","date_of_birth":"19/06/1968"}]</msg>
<status status="PASS" starttime="20240110 18:27:59.842" endtime="20240110 18:27:59.842"/>
</kw>
<kw name="Convert To String" library="BuiltIn">
<var>${res}</var>
<arg>${res.content}</arg>
<doc>Converts the given item to a Unicode string.</doc>
<msg timestamp="20240110 18:27:59.842" level="INFO">${res} = [{"id":10053823,"first_name":"Magda","middle_name":"Zofia","last_name":"Konopka","date_of_birth":"02/02/2022"},{"id":10053822,"first_name":"Rajesh","middle_name":"Manohar","last_name":"Patil","date_of...</msg>
<status status="PASS" starttime="20240110 18:27:59.842" endtime="20240110 18:27:59.842"/>
</kw>
<kw name="Should Contain" library="BuiltIn">
<var>${res}</var>
<arg>${res}</arg>
<arg>Ajay</arg>
<doc>Fails if ``container`` does not contain ``item`` one or more times.</doc>
<msg timestamp="20240110 18:27:59.842" level="FAIL">'[{"id":10053823,"first_name":"Magda","middle_name":"Zofia","last_name":"Konopka","date_of_birth":"02/02/2022"},{"id":10053822,"first_name":"Rajesh","middle_name":"Manohar","last_name":"Patil","date_of_birth":"15/11/1998"},{"id":10053821,"first_name":"Magda","middle_name":"Zofia","last_name":"Konopka","date_of_birth":"02/02/2022"},{"id":10053820,"first_name":"Magda","middle_name":"Zofia","last_name":"Konopka","date_of_birth":"02/02/2022"},{"id":10053819,"first_name":"Ramesh","middle_name":"Manishbhai","last_name":"Patel","date_of_birth":"07/08/1998"},{"id":10053818,"first_name":"Ramesh","middle_name":"Manishbhai","last_name":"Patel","date_of_birth":"07/08/1998"},{"id":10053817,"first_name":"Ramesh","middle_name":"Manishbhai","last_name":"Patel","date_of_birth":"07/08/1998"},{"id":10053816,"first_name":"Tomasz","middle_name":"Jonasz","last_name":"Fromage","date_of_birth":"11-12-92"},{"id":10053815,"first_name":"Ramesh","middle_name":"Manishbhai","last_name":"Patel","date_of_birth":"07/08/1998"},{"id":10053814,"first_name":"Tomasz","middle_name":"Jonasz","last_name":"Fromage","date_of_birth":"11-12-92"},{"id":10053813,"first_name":"Tomasz","middle_name":"Jonasz","last_name":"Fromage","date_of_birth":"11-12-92"},{"id":10053812,"first_name":"Tomasz","middle_name":"Jonasz","last_name":"Fromage","date_of_birth":"11-12-92"},{"id":10053811,"first_name":"Aparna","middle_name":"Mahesh","last_name":"Shinde","date_of_birth":"6/14/98"},{"id":10053810,"first_name":"Anna","middle_name":"William","last_name":"Jen","date_of_birth":"7/12/92"},{"id":10053809,"first_name":"Mona","middle_name":"M","last_name":"Bing","date_of_birth":"19/08/1969"},{"id":10053808,"first_name":"Shrey","middle_name":"Govind","last_name":"CBL","date_of_birth":"19/06/1968"},{"id":10053807,"first_name":"Shrey","middle_name":"Govind","last_name":"CBL","date_of_birth":"19/06/1968"},{"id":10053806,"first_name":"Tomasz","middle_name":"Jonasz","last_name":"Fromage","date_of_birth":"11-12-92"},{"id":10053794,"first_name":"dzf","middle_name":"ccb","last_name":"c","date_of_birth":"3"},{"id":10053790,"first_name":"dzf","middle_name":"ccb","last_name":"c","date_of_birth":"3"},{"id":10053783,"first_name":"Rajesh","middle_name":"Manohar","last_name":"Patil","date_of_birth":"15/11/1998"},{"id":10053782,"first_name":"Tomasz","middle_name":"Jonasz","last_name":"Fromage","date_of_birth":"11-12-92"},{"id":10053778,"first_name":"S","middle_name":"M","last_name":"kumars","date_of_birth":"15/12/1996"},{"id":10053776,"first_name":"Testing","middle_name":"world","last_name":"Testing World","date_of_birth":"20/11/1996"},{"id":10053775,"first_name":"Rajesh","middle_name":"Manohar","last_name":"Patil","date_of_birth":"15/11/1998"},{"id":10053774,"first_name":"Rajesh","middle_name":"Manohar","last_name":"Patil","date_of_birth":"15/11/1998"},{"id":10053773,"first_name":"Rajesh","middle_name":"Manohar","last_name":"Patil","date_of_birth":"15/11/1998"},{"id":10053770,"first_name":"Milkha","middle_name":"Singh","last_name":"","date_of_birth":"08/2/2021"},{"id":10053769,"first_name":"Milkha","middle_name":"Singh","last_name":"LNameTS","date_of_birth":"08/2/2021"},{"id":10053768,"first_name":"Rajesh","middle_name":"Manohar","last_name":"Patil","date_of_birth":"15/11/1998"},{"id":10053767,"first_name":"Rajesh","middle_name":"Manohar","last_name":"Patil","date_of_birth":"15/11/1998"},{"id":10053766,"first_name":"Happy","middle_name":"Hour","last_name":"Started","date_of_birth":"08/2/2012"},{"id":10053765,"first_name":"Happy","middle_name":"Hour","last_name":"","date_of_birth":"08/2/2012"},{"id":10053764,"first_name":"Happy","middle_name":"Hour","last_name":"","date_of_birth":"08/2/2012"},{"id":10053763,"first_name":"Happy","middle_name":"Hour","last_name":"","date_of_birth":"08/2/2012"},{"id":10053762,"first_name":"Ramesh","middle_name":"Manishbhai","last_name":"Patel","date_of_birth":"07/08/1998"},{"id":10053761,"first_name":"Test01","middle_name":"abc","last_name":"Test10","date_of_birth":"08/2/2021"},{"id":10053760,"first_name":"Test01","middle_name":"abc","last_name":"Test10","date_of_birth":"08/2/2021"},{"id":10053759,"first_name":"Test01","middle_name":"abc","last_name":"Test10","date_of_birth":"08/2/2012"},{"id":10053758,"first_name":"Test01","middle_name":"abc","last_name":"Test10","date_of_birth":"08/2/2012"},{"id":10053757,"first_name":"Test01","middle_name":"abc","last_name":"Test10","date_of_birth":"08/2/2012"},{"id":10053755,"first_name":"Hello","middle_name":"World","last_name":"Samson","date_of_birth":"28/12/1999"},{"id":10053754,"first_name":"Aparna","middle_name":"Mahesh","last_name":"Shinde","date_of_birth":"6/14/98"},{"id":10053753,"first_name":"Anna","middle_name":"William","last_name":"Jen","date_of_birth":"7/12/92"},{"id":10053752,"first_name":"Mona","middle_name":"M","last_name":"Bing","date_of_birth":"19/08/1969"},{"id":10053751,"first_name":"Shrey","middle_name":"Govind","last_name":"CBL","date_of_birth":"19/06/1968"},{"id":10053750,"first_name":"Shrey","middle_name":"Govind","last_name":"CBL","date_of_birth":"19/06/1968"},{"id":10053749,"first_name":"Aparna","middle_name":"Mahesh","last_name":"Shinde","date_of_birth":"6/14/98"},{"id":10053748,"first_name":"Anna","middle_name":"William","last_name":"Jen","date_of_birth":"7/12/92"},{"id":10053747,"first_name":"Mona","middle_name":"M","last_name":"Bing","date_of_birth":"19/08/1969"},{"id":10053746,"first_name":"Shrey","middle_name":"Govind","last_name":"CBL","date_of_birth":"19/06/1968"},{"id":10053745,"first_name":"Shrey","middle_name":"Govind","last_name":"CBL","date_of_birth":"19/06/1968"},{"id":10053744,"first_name":"Tomasz","middle_name":"Andrzej","last_name":"Fromage","date_of_birth":"9-03-93"},{"id":10053743,"first_name":null,"middle_name":null,"last_name":null,"date_of_birth":null},{"id":10053742,"first_name":null,"middle_name":null,"last_name":null,"date_of_birth":null},{"id":10053741,"first_name":"Tomasz","middle_name":"Andrzej","last_name":"Fromage","date_of_birth":"9-03-93"},{"id":10053740,"first_name":"sample string 2","middle_name":"sample string 3","last_name":"sample string 4","date_of_birth":"sample string 5"},{"id":10053739,"first_name":null,"middle_name":null,"last_name":null,"date_of_birth":null},{"id":10053738,"first_name":"Muthu","middle_name":"V","last_name":"Sriv","date_of_birth":"11-09-2009"},{"id":10053737,"first_name":"Ram","middle_name":"Q","last_name":"Soundarya","date_of_birth":"10-08-2008"},{"id":10053736,"first_name":"Leema","middle_name":"W","last_name":"Sebas","date_of_birth":"09-07-2007"},{"id":10053735,"first_name":"Febisha","middle_name":"R","last_name":"Jacob","date_of_birth":"08-06-2006"},{"id":10053734,"first_name":"Shivani","middle_name":"T","last_name":"Cals","date_of_birth":"07-05-2005"},{"id":10053733,"first_name":"Keerthi","middle_name":"Y","last_name":"Varshani","date_of_birth":"06-04-2004"},{"id":10053732,"first_name":"Shravani","middle_name":"U","last_name":"Jack","date_of_birth":"05-03-2003"},{"id":10053731,"first_name":"Gokila","middle_name":"I","last_name":"Sriram","date_of_birth":"04-02-2002"},{"id":10053730,"first_name":"Iswarya","middle_name":"S","last_name":"Muthu","date_of_birth":"03-01-2001"},{"id":10053729,"first_name":"Kavitha","middle_name":"O","last_name":"Lavanya","date_of_birth":"02-11-2000"},{"id":10053727,"first_name":"Aparna","middle_name":"Mahesh","last_name":"Shinde","date_of_birth":"6/14/98"},{"id":10053726,"first_name":"Anna","middle_name":"William","last_name":"Jen","date_of_birth":"7/12/92"},{"id":10053725,"first_name":"Mona","middle_name":"M","last_name":"Bing","date_of_birth":"19/08/1969"},{"id":10053724,"first_name":"Shrey","middle_name":"Govind","last_name":"CBL","date_of_birth":"19/06/1968"},{"id":10053723,"first_name":"Shrey","middle_name":"Govind","last_name":"CBL","date_of_birth":"19/06/1968"},{"id":10053722,"first_name":"Aparna","middle_name":"Mahesh","last_name":"Shinde","date_of_birth":"6/14/98"},{"id":10053721,"first_name":"Anna","middle_name":"William","last_name":"Jen","date_of_birth":"7/12/92"},{"id":10053720,"first_name":"Mona","middle_name":"M","last_name":"Bing","date_of_birth":"19/08/1969"},{"id":10053719,"first_name":"Shrey","middle_name":"Govind","last_name":"CBL","date_of_birth":"19/06/1968"},{"id":10053718,"first_name":"Shrey","middle_name":"Govind","last_name":"CBL","date_of_birth":"19/06/1968"},{"id":10053717,"first_name":"Aparna","middle_name":"Mahesh","last_name":"Shinde","date_of_birth":"6/14/98"},{"id":10053716,"first_name":"Anna","middle_name":"William","last_name":"Jen","date_of_birth":"7/12/92"},{"id":10053715,"first_name":"Mona","middle_name":"M","last_name":"Bing","date_of_birth":"19/08/1969"},{"id":10053714,"first_name":"FName2","middle_name":"D","last_name":"Bing397,696","date_of_birth":"16/8/1984"},{"id":10053713,"first_name":"Shrey","middle_name":"Govind","last_name":"CBL","date_of_birth":"19/06/1968"},{"id":10053712,"first_name":"Shrey","middle_name":"Govind","last_name":"CBL","date_of_birth":"19/06/1968"},{"id":10053711,"first_name":"Aparna","middle_name":"Mahesh","last_name":"Shinde","date_of_birth":"6/14/98"},{"id":10053710,"first_name":"Anna","middle_name":"William","last_name":"Jen","date_of_birth":"7/12/92"},{"id":10053709,"first_name":"Chandler","middle_name":"Virendra","last_name":"Deshmukh","date_of_birth":"11/08/1992"},{"id":10053708,"first_name":"Komal","middle_name":"M","last_name":"Deshmukh","date_of_birth":"20/9/1973"},{"id":10053707,"first_name":"Chandler","middle_name":"Muriel","last_name":"Bing","date_of_birth":"19/08/1969"},{"id":10053706,"first_name":"Chandler","middle_name":"M","last_name":"Bing","date_of_birth":"19/08/1969"},{"id":10053705,"first_name":"Aparna","middle_name":"Mahesh","last_name":"Shinde","date_of_birth":"6/14/98"},{"id":10053704,"first_name":"Anna","middle_name":"William","last_name":"Jen","date_of_birth":"7/12/92"},{"id":10053703,"first_name":"FName5","middle_name":"L","last_name":"Bing452,612","date_of_birth":"5/2/1992"},{"id":10053702,"first_name":"Shrey","middle_name":"","last_name":"CBL","date_of_birth":"19/06/1968"},{"id":10053701,"first_name":"Ben","middle_name":"Ross","last_name":"Geller","date_of_birth":"17/08/1999"},{"id":10053700,"first_name":"Aparna","middle_name":"Mahesh","last_name":"Shinde","date_of_birth":"6/14/98"},{"id":10053699,"first_name":"Anna","middle_name":"William","last_name":"Jen","date_of_birth":"7/12/92"},{"id":10053698,"first_name":"Mona","middle_name":"M","last_name":"Bing","date_of_birth":"19/08/1969"},{"id":10053697,"first_name":"FName2","middle_name":"D","last_name":"Bing562,178","date_of_birth":"15/11/1998"},{"id":10053696,"first_name":"Shrey","middle_name":"Govind","last_name":"CBL","date_of_birth":"19/06/1968"}]' does not contain 'Ajay'</msg>
<status status="FAIL" starttime="20240110 18:27:59.842" endtime="20240110 18:27:59.842"/>
</kw>
<status status="FAIL" starttime="20240110 18:27:59.200" endtime="20240110 18:27:59.842">'[{"id":10053823,"first_name":"Magda","middle_name":"Zofia","last_name":"Konopka","date_of_birth":"02/02/2022"},{"id":10053822,"first_name":"Rajesh","middle_name":"Manohar","last_name":"Patil","date_of_birth":"15/11/1998"},{"id":10053821,"first_name":"Magda","middle_name":"Zofia","last_name":"Konopka","date_of_birth":"02/02/2022"},{"id":10053820,"first_name":"Magda","middle_name":"Zofia","last_name":"Konopka","date_of_birth":"02/02/2022"},{"id":10053819,"first_name":"Ramesh","middle_name":"Manishbhai","last_name":"Patel","date_of_birth":"07/08/1998"},{"id":10053818,"first_name":"Ramesh","middle_name":"Manishbhai","last_name":"Patel","date_of_birth":"07/08/1998"},{"id":10053817,"first_name":"Ramesh","middle_name":"Manishbhai","last_name":"Patel","date_of_birth":"07/08/1998"},{"id":10053816,"first_name":"Tomasz","middle_name":"Jonasz","last_name":"Fromage","date_of_birth":"11-12-92"},{"id":10053815,"first_name":"Ramesh","middle_name":"Manishbhai","last_name":"Patel","date_of_birth":"07/08/1998"},{"id":10053814,"first_name":"Tomasz","middle_name":"Jonasz","last_name":"Fromage","date_of_birth":"11-12-92"},{"id":10053813,"first_name":"Tomasz","middle_name":"Jonasz","last_name":"Fromage","date_of_birth":"11-12-92"},{"id":10053812,"first_name":"Tomasz","middle_name":"Jonasz","last_name":"Fromage","date_of_birth":"11-12-92"},{"id":10053811,"first_name":"Aparna","middle_name":"Mahesh","last_name":"Shinde","date_of_birth":"6/14/98"},{"id":10053810,"first_name":"Anna","middle_name":"William","last_name":"Jen","date_of_birth":"7/12/92"},{"id":...
    [ Message content over the limit has been removed. ]
...Jen","date_of_birth":"7/12/92"},{"id":10053709,"first_name":"Chandler","middle_name":"Virendra","last_name":"Deshmukh","date_of_birth":"11/08/1992"},{"id":10053708,"first_name":"Komal","middle_name":"M","last_name":"Deshmukh","date_of_birth":"20/9/1973"},{"id":10053707,"first_name":"Chandler","middle_name":"Muriel","last_name":"Bing","date_of_birth":"19/08/1969"},{"id":10053706,"first_name":"Chandler","middle_name":"M","last_name":"Bing","date_of_birth":"19/08/1969"},{"id":10053705,"first_name":"Aparna","middle_name":"Mahesh","last_name":"Shinde","date_of_birth":"6/14/98"},{"id":10053704,"first_name":"Anna","middle_name":"William","last_name":"Jen","date_of_birth":"7/12/92"},{"id":10053703,"first_name":"FName5","middle_name":"L","last_name":"Bing452,612","date_of_birth":"5/2/1992"},{"id":10053702,"first_name":"Shrey","middle_name":"","last_name":"CBL","date_of_birth":"19/06/1968"},{"id":10053701,"first_name":"Ben","middle_name":"Ross","last_name":"Geller","date_of_birth":"17/08/1999"},{"id":10053700,"first_name":"Aparna","middle_name":"Mahesh","last_name":"Shinde","date_of_birth":"6/14/98"},{"id":10053699,"first_name":"Anna","middle_name":"William","last_name":"Jen","date_of_birth":"7/12/92"},{"id":10053698,"first_name":"Mona","middle_name":"M","last_name":"Bing","date_of_birth":"19/08/1969"},{"id":10053697,"first_name":"FName2","middle_name":"D","last_name":"Bing562,178","date_of_birth":"15/11/1998"},{"id":10053696,"first_name":"Shrey","middle_name":"Govind","last_name":"CBL","date_of_birth":"19/06/1968"}]' does not contain 'Ajay'</status>
</test>
<test id="s1-t2" name="TC_002 Get Student Details of recoed[GET][2662591]" line="32">
<kw name="Create Session" library="RequestsLibrary">
<arg>TC_002</arg>
<arg>${tc1_url}</arg>
<doc>Create Session: create a HTTP session to a server</doc>
<msg timestamp="20240110 18:27:59.852" level="INFO">Creating Session using : alias=TC_002, url=http://thetestingworldapi.com, headers={},                     cookies={}, auth=None, timeout=None, proxies=None, verify=False,                     debug=0 </msg>
<status status="PASS" starttime="20240110 18:27:59.852" endtime="20240110 18:27:59.852"/>
</kw>
<kw name="GET On Session" library="RequestsLibrary">
<var>${res}</var>
<arg>TC_001</arg>
<arg>/api/studentsDetails/${tc_002_number}</arg>
<doc>Sends a GET request on a previously created HTTP Session.</doc>
<msg timestamp="20240110 18:27:59.903" level="INFO">GET Request : url=http://thetestingworldapi.com/api/studentsDetails/2662591 (redirected) 
 path_url=/api/studentsDetails/2662591 
 headers={'User-Agent': 'python-requests/2.31.0', 'Accept-Encoding': 'gzip, deflate', 'Accept': '*/*', 'Connection': 'keep-alive'} 
 body=None 
 </msg>
<msg timestamp="20240110 18:27:59.903" level="INFO">GET Response : url=https://thetestingworldapi.com/api/studentsDetails/2662591 
 status=200, reason=OK 
 headers={'Cache-Control': 'no-cache', 'Pragma': 'no-cache', 'Content-Type': 'application/json; charset=utf-8', 'Expires': '-1', 'Server': 'Microsoft-IIS/10.0', 'X-AspNet-Version': '4.0.30319', 'X-Powered-By': 'ASP.NET', 'X-Powered-By-Plesk': 'PleskWin', 'Date': 'Wed, 10 Jan 2024 12:57:58 GMT', 'Content-Length': '40'} 
 body={"status":"false","msg":"No data Found"} 
 </msg>
<msg timestamp="20240110 18:27:59.903" level="INFO">C:\Users\ajayr\AppData\Local\Programs\Python\Python312\Lib\site-packages\urllib3\connectionpool.py:1099: InsecureRequestWarning: Unverified HTTPS request is being made to host 'thetestingworldapi.com'. Adding certificate verification is strongly advised. See: https://urllib3.readthedocs.io/en/latest/advanced-usage.html#tls-warnings
  warnings.warn(</msg>
<msg timestamp="20240110 18:27:59.903" level="INFO">${res} = &lt;Response [200]&gt;</msg>
<status status="PASS" starttime="20240110 18:27:59.853" endtime="20240110 18:27:59.903"/>
</kw>
<kw name="Log To Console" library="BuiltIn">
<arg>${res}</arg>
<doc>Logs the given message to the console.</doc>
<status status="PASS" starttime="20240110 18:27:59.903" endtime="20240110 18:27:59.903"/>
</kw>
<kw name="Log" library="BuiltIn">
<arg>${res.status_code}</arg>
<doc>Logs the given message with the given level.</doc>
<msg timestamp="20240110 18:27:59.903" level="INFO">200</msg>
<status status="PASS" starttime="20240110 18:27:59.903" endtime="20240110 18:27:59.903"/>
</kw>
<kw name="Log" library="BuiltIn">
<arg>${res.headers}</arg>
<doc>Logs the given message with the given level.</doc>
<msg timestamp="20240110 18:27:59.903" level="INFO">{'Cache-Control': 'no-cache', 'Pragma': 'no-cache', 'Content-Type': 'application/json; charset=utf-8', 'Expires': '-1', 'Server': 'Microsoft-IIS/10.0', 'X-AspNet-Version': '4.0.30319', 'X-Powered-By': 'ASP.NET', 'X-Powered-By-Plesk': 'PleskWin', 'Date': 'Wed, 10 Jan 2024 12:57:58 GMT', 'Content-Length': '40'}</msg>
<status status="PASS" starttime="20240110 18:27:59.903" endtime="20240110 18:27:59.903"/>
</kw>
<kw name="Log" library="BuiltIn">
<arg>${res.content}</arg>
<doc>Logs the given message with the given level.</doc>
<msg timestamp="20240110 18:27:59.903" level="INFO">{"status":"false","msg":"No data Found"}</msg>
<status status="PASS" starttime="20240110 18:27:59.903" endtime="20240110 18:27:59.903"/>
</kw>
<kw name="Convert To String" library="BuiltIn">
<var>${res}</var>
<arg>${res.content}</arg>
<doc>Converts the given item to a Unicode string.</doc>
<msg timestamp="20240110 18:27:59.918" level="INFO">${res} = {"status":"false","msg":"No data Found"}</msg>
<status status="PASS" starttime="20240110 18:27:59.903" endtime="20240110 18:27:59.918"/>
</kw>
<kw name="Run Keyword And Return Status" library="BuiltIn">
<var>${res}</var>
<arg>should contain</arg>
<arg>${res}</arg>
<arg>Gillian</arg>
<doc>Runs the given keyword with given arguments and returns the status as a Boolean value.</doc>
<kw name="Should Contain" library="BuiltIn">
<arg>${res}</arg>
<arg>Gillian</arg>
<doc>Fails if ``container`` does not contain ``item`` one or more times.</doc>
<msg timestamp="20240110 18:27:59.919" level="FAIL">'{"status":"false","msg":"No data Found"}' does not contain 'Gillian'</msg>
<status status="FAIL" starttime="20240110 18:27:59.919" endtime="20240110 18:27:59.919"/>
</kw>
<msg timestamp="20240110 18:27:59.919" level="INFO">${res} = False</msg>
<status status="PASS" starttime="20240110 18:27:59.918" endtime="20240110 18:27:59.919"/>
</kw>
<status status="PASS" starttime="20240110 18:27:59.851" endtime="20240110 18:27:59.919"/>
</test>
<test id="s1-t3" name="TC_003 Post Student Derails[create new student]" line="43">
<kw name="Create Session" library="RequestsLibrary">
<arg>TC_003</arg>
<arg>${tc1_url}</arg>
<doc>Create Session: create a HTTP session to a server</doc>
<msg timestamp="20240110 18:27:59.919" level="INFO">Creating Session using : alias=TC_003, url=http://thetestingworldapi.com, headers={},                     cookies={}, auth=None, timeout=None, proxies=None, verify=False,                     debug=0 </msg>
<status status="PASS" starttime="20240110 18:27:59.919" endtime="20240110 18:27:59.919"/>
</kw>
<kw name="Create Dictionary" library="BuiltIn">
<var>${header}</var>
<arg>Content-Type=application/json</arg>
<doc>Creates and returns a dictionary based on the given ``items``.</doc>
<msg timestamp="20240110 18:27:59.919" level="INFO">${header} = {'Content-Type': 'application/json'}</msg>
<status status="PASS" starttime="20240110 18:27:59.919" endtime="20240110 18:27:59.919"/>
</kw>
<kw name="Create Dictionary" library="BuiltIn">
<var>${body}</var>
<arg>first_name=Ajay</arg>
<arg>middle_name=Savata</arg>
<arg>last_name=Raut</arg>
<arg>date_of_birth=23-05-98</arg>
<doc>Creates and returns a dictionary based on the given ``items``.</doc>
<msg timestamp="20240110 18:27:59.919" level="INFO">${body} = {'first_name': 'Ajay', 'middle_name': 'Savata', 'last_name': 'Raut', 'date_of_birth': '23-05-98'}</msg>
<status status="PASS" starttime="20240110 18:27:59.919" endtime="20240110 18:27:59.919"/>
</kw>
<kw name="POST On Session" library="RequestsLibrary">
<var>${res}</var>
<arg>TC_003</arg>
<arg>api/studentsDetails</arg>
<arg>data=${body}</arg>
<arg>headers=${header}</arg>
<doc>Sends a POST request on a previously created HTTP Session.</doc>
<msg timestamp="20240110 18:28:00.531" level="INFO">POST Request : url=http://thetestingworldapi.com/api/studentsDetails (redirected) 
 path_url=/api/studentsDetails 
 headers={'User-Agent': 'python-requests/2.31.0', 'Accept-Encoding': 'gzip, deflate', 'Accept': '*/*', 'Connection': 'keep-alive', 'Content-Type': 'application/json', 'Content-Length': '72'} 
 body=first_name=Ajay&amp;middle_name=Savata&amp;last_name=Raut&amp;date_of_birth=23-05-98 
 </msg>
<msg timestamp="20240110 18:28:00.531" level="INFO">GET Response : url=https://thetestingworldapi.com/api/studentsDetails 
 status=200, reason=OK 
 headers={'Cache-Control': 'no-cache', 'Pragma': 'no-cache', 'Content-Type': 'application/json; charset=utf-8', 'Expires': '-1', 'Server': 'Microsoft-IIS/10.0', 'X-AspNet-Version': '4.0.30319', 'X-Powered-By': 'ASP.NET', 'X-Powered-By-Plesk': 'PleskWin', 'Date': 'Wed, 10 Jan 2024 12:57:58 GMT', 'Content-Length': '10692'} 
 body=[{"id":10053823,"first_name":"Magda","middle_name":"Zofia","last_name":"Konopka","date_of_birth":"02/02/2022"},{"id":10053822,"first_name":"Rajesh","middle_name":"Manohar","last_name":"Patil","date_of_birth":"15/11/1998"},{"id":10053821,"first_name":"Magda","middle_name":"Zofia","last_name":"Konopka","date_of_birth":"02/02/2022"},{"id":10053820,"first_name":"Magda","middle_name":"Zofia","last_name":"Konopka","date_of_birth":"02/02/2022"},{"id":10053819,"first_name":"Ramesh","middle_name":"Manishbhai","last_name":"Patel","date_of_birth":"07/08/1998"},{"id":10053818,"first_name":"Ramesh","middle_name":"Manishbhai","last_name":"Patel","date_of_birth":"07/08/1998"},{"id":10053817,"first_name":"Ramesh","middle_name":"Manishbhai","last_name":"Patel","date_of_birth":"07/08/1998"},{"id":10053816,"first_name":"Tomasz","middle_name":"Jonasz","last_name":"Fromage","date_of_birth":"11-12-92"},{"id":10053815,"first_name":"Ramesh","middle_name":"Manishbhai","last_name":"Patel","date_of_birth":"07/08/1998"},{"id":10053814,"first_name":"Tomasz","middle_name":"Jonasz","last_name":"Fromage","date_of_birth":"11-12-92"},{"id":10053813,"first_name":"Tomasz","middle_name":"Jonasz","last_name":"Fromage","date_of_birth":"11-12-92"},{"id":10053812,"first_name":"Tomasz","middle_name":"Jonasz","last_name":"Fromage","date_of_birth":"11-12-92"},{"id":10053811,"first_name":"Aparna","middle_name":"Mahesh","last_name":"Shinde","date_of_birth":"6/14/98"},{"id":10053810,"first_name":"Anna","middle_name":"William","last_name":"Jen","date_of_birth":"7/12/92"},{"id":10053809,"first_name":"Mona","middle_name":"M","last_name":"Bing","date_of_birth":"19/08/1969"},{"id":10053808,"first_name":"Shrey","middle_name":"Govind","last_name":"CBL","date_of_birth":"19/06/1968"},{"id":10053807,"first_name":"Shrey","middle_name":"Govind","last_name":"CBL","date_of_birth":"19/06/1968"},{"id":10053806,"first_name":"Tomasz","middle_name":"Jonasz","last_name":"Fromage","date_of_birth":"11-12-92"},{"id":10053794,"first_name":"dzf","middle_name":"ccb","last_name":"c","date_of_birth":"3"},{"id":10053790,"first_name":"dzf","middle_name":"ccb","last_name":"c","date_of_birth":"3"},{"id":10053783,"first_name":"Rajesh","middle_name":"Manohar","last_name":"Patil","date_of_birth":"15/11/1998"},{"id":10053782,"first_name":"Tomasz","middle_name":"Jonasz","last_name":"Fromage","date_of_birth":"11-12-92"},{"id":10053778,"first_name":"S","middle_name":"M","last_name":"kumars","date_of_birth":"15/12/1996"},{"id":10053776,"first_name":"Testing","middle_name":"world","last_name":"Testing World","date_of_birth":"20/11/1996"},{"id":10053775,"first_name":"Rajesh","middle_name":"Manohar","last_name":"Patil","date_of_birth":"15/11/1998"},{"id":10053774,"first_name":"Rajesh","middle_name":"Manohar","last_name":"Patil","date_of_birth":"15/11/1998"},{"id":10053773,"first_name":"Rajesh","middle_name":"Manohar","last_name":"Patil","date_of_birth":"15/11/1998"},{"id":10053770,"first_name":"Milkha","middle_name":"Singh","last_name":"","date_of_birth":"08/2/2021"},{"id":10053769,"first_name":"Milkha","middle_name":"Singh","last_name":"LNameTS","date_of_birth":"08/2/2021"},{"id":10053768,"first_name":"Rajesh","middle_name":"Manohar","last_name":"Patil","date_of_birth":"15/11/1998"},{"id":10053767,"first_name":"Rajesh","middle_name":"Manohar","last_name":"Patil","date_of_birth":"15/11/1998"},{"id":10053766,"first_name":"Happy","middle_name":"Hour","last_name":"Started","date_of_birth":"08/2/2012"},{"id":10053765,"first_name":"Happy","middle_name":"Hour","last_name":"","date_of_birth":"08/2/2012"},{"id":10053764,"first_name":"Happy","middle_name":"Hour","last_name":"","date_of_birth":"08/2/2012"},{"id":10053763,"first_name":"Happy","middle_name":"Hour","last_name":"","date_of_birth":"08/2/2012"},{"id":10053762,"first_name":"Ramesh","middle_name":"Manishbhai","last_name":"Patel","date_of_birth":"07/08/1998"},{"id":10053761,"first_name":"Test01","middle_name":"abc","last_name":"Test10","date_of_birth":"08/2/2021"},{"id":10053760,"first_name":"Test01","middle_name":"abc","last_name":"Test10","date_of_birth":"08/2/2021"},{"id":10053759,"first_name":"Test01","middle_name":"abc","last_name":"Test10","date_of_birth":"08/2/2012"},{"id":10053758,"first_name":"Test01","middle_name":"abc","last_name":"Test10","date_of_birth":"08/2/2012"},{"id":10053757,"first_name":"Test01","middle_name":"abc","last_name":"Test10","date_of_birth":"08/2/2012"},{"id":10053755,"first_name":"Hello","middle_name":"World","last_name":"Samson","date_of_birth":"28/12/1999"},{"id":10053754,"first_name":"Aparna","middle_name":"Mahesh","last_name":"Shinde","date_of_birth":"6/14/98"},{"id":10053753,"first_name":"Anna","middle_name":"William","last_name":"Jen","date_of_birth":"7/12/92"},{"id":10053752,"first_name":"Mona","middle_name":"M","last_name":"Bing","date_of_birth":"19/08/1969"},{"id":10053751,"first_name":"Shrey","middle_name":"Govind","last_name":"CBL","date_of_birth":"19/06/1968"},{"id":10053750,"first_name":"Shrey","middle_name":"Govind","last_name":"CBL","date_of_birth":"19/06/1968"},{"id":10053749,"first_name":"Aparna","middle_name":"Mahesh","last_name":"Shinde","date_of_birth":"6/14/98"},{"id":10053748,"first_name":"Anna","middle_name":"William","last_name":"Jen","date_of_birth":"7/12/92"},{"id":10053747,"first_name":"Mona","middle_name":"M","last_name":"Bing","date_of_birth":"19/08/1969"},{"id":10053746,"first_name":"Shrey","middle_name":"Govind","last_name":"CBL","date_of_birth":"19/06/1968"},{"id":10053745,"first_name":"Shrey","middle_name":"Govind","last_name":"CBL","date_of_birth":"19/06/1968"},{"id":10053744,"first_name":"Tomasz","middle_name":"Andrzej","last_name":"Fromage","date_of_birth":"9-03-93"},{"id":10053743,"first_name":null,"middle_name":null,"last_name":null,"date_of_birth":null},{"id":10053742,"first_name":null,"middle_name":null,"last_name":null,"date_of_birth":null},{"id":10053741,"first_name":"Tomasz","middle_name":"Andrzej","last_name":"Fromage","date_of_birth":"9-03-93"},{"id":10053740,"first_name":"sample string 2","middle_name":"sample string 3","last_name":"sample string 4","date_of_birth":"sample string 5"},{"id":10053739,"first_name":null,"middle_name":null,"last_name":null,"date_of_birth":null},{"id":10053738,"first_name":"Muthu","middle_name":"V","last_name":"Sriv","date_of_birth":"11-09-2009"},{"id":10053737,"first_name":"Ram","middle_name":"Q","last_name":"Soundarya","date_of_birth":"10-08-2008"},{"id":10053736,"first_name":"Leema","middle_name":"W","last_name":"Sebas","date_of_birth":"09-07-2007"},{"id":10053735,"first_name":"Febisha","middle_name":"R","last_name":"Jacob","date_of_birth":"08-06-2006"},{"id":10053734,"first_name":"Shivani","middle_name":"T","last_name":"Cals","date_of_birth":"07-05-2005"},{"id":10053733,"first_name":"Keerthi","middle_name":"Y","last_name":"Varshani","date_of_birth":"06-04-2004"},{"id":10053732,"first_name":"Shravani","middle_name":"U","last_name":"Jack","date_of_birth":"05-03-2003"},{"id":10053731,"first_name":"Gokila","middle_name":"I","last_name":"Sriram","date_of_birth":"04-02-2002"},{"id":10053730,"first_name":"Iswarya","middle_name":"S","last_name":"Muthu","date_of_birth":"03-01-2001"},{"id":10053729,"first_name":"Kavitha","middle_name":"O","last_name":"Lavanya","date_of_birth":"02-11-2000"},{"id":10053727,"first_name":"Aparna","middle_name":"Mahesh","last_name":"Shinde","date_of_birth":"6/14/98"},{"id":10053726,"first_name":"Anna","middle_name":"William","last_name":"Jen","date_of_birth":"7/12/92"},{"id":10053725,"first_name":"Mona","middle_name":"M","last_name":"Bing","date_of_birth":"19/08/1969"},{"id":10053724,"first_name":"Shrey","middle_name":"Govind","last_name":"CBL","date_of_birth":"19/06/1968"},{"id":10053723,"first_name":"Shrey","middle_name":"Govind","last_name":"CBL","date_of_birth":"19/06/1968"},{"id":10053722,"first_name":"Aparna","middle_name":"Mahesh","last_name":"Shinde","date_of_birth":"6/14/98"},{"id":10053721,"first_name":"Anna","middle_name":"William","last_name":"Jen","date_of_birth":"7/12/92"},{"id":10053720,"first_name":"Mona","middle_name":"M","last_name":"Bing","date_of_birth":"19/08/1969"},{"id":10053719,"first_name":"Shre
[...]
766,"first_name":"Happy","middle_name":"Hour","last_name":"Started","date_of_birth":"08/2/2012"},{"id":10053765,"first_name":"Happy","middle_name":"Hour","last_name":"","date_of_birth":"08/2/2012"},{"id":10053764,"first_name":"Happy","middle_name":"Hour","last_name":"","date_of_birth":"08/2/2012"},{"id":10053763,"first_name":"Happy","middle_name":"Hour","last_name":"","date_of_birth":"08/2/2012"},{"id":10053762,"first_name":"Ramesh","middle_name":"Manishbhai","last_name":"Patel","date_of_birth":"07/08/1998"},{"id":10053761,"first_name":"Test01","middle_name":"abc","last_name":"Test10","date_of_birth":"08/2/2021"},{"id":10053760,"first_name":"Test01","middle_name":"abc","last_name":"Test10","date_of_birth":"08/2/2021"},{"id":10053759,"first_name":"Test01","middle_name":"abc","last_name":"Test10","date_of_birth":"08/2/2012"},{"id":10053758,"first_name":"Test01","middle_name":"abc","last_name":"Test10","date_of_birth":"08/2/2012"},{"id":10053757,"first_name":"Test01","middle_name":"abc","last_name":"Test10","date_of_birth":"08/2/2012"},{"id":10053755,"first_name":"Hello","middle_name":"World","last_name":"Samson","date_of_birth":"28/12/1999"},{"id":10053754,"first_name":"Aparna","middle_name":"Mahesh","last_name":"Shinde","date_of_birth":"6/14/98"},{"id":10053753,"first_name":"Anna","middle_name":"William","last_name":"Jen","date_of_birth":"7/12/92"},{"id":10053752,"first_name":"Mona","middle_name":"M","last_name":"Bing","date_of_birth":"19/08/1969"},{"id":10053751,"first_name":"Shrey","middle_name":"Govind","last_name":"CBL","date_of_birth":"19/06/1968"},{"id":10053750,"first_name":"Shrey","middle_name":"Govind","last_name":"CBL","date_of_birth":"19/06/1968"},{"id":10053749,"first_name":"Aparna","middle_name":"Mahesh","last_name":"Shinde","date_of_birth":"6/14/98"},{"id":10053748,"first_name":"Anna","middle_name":"William","last_name":"Jen","date_of_birth":"7/12/92"},{"id":10053747,"first_name":"Mona","middle_name":"M","last_name":"Bing","date_of_birth":"19/08/1969"},{"id":10053746,"first_name":"Shrey","middle_name":"Govind","last_name":"CBL","date_of_birth":"19/06/1968"},{"id":10053745,"first_name":"Shrey","middle_name":"Govind","last_name":"CBL","date_of_birth":"19/06/1968"},{"id":10053744,"first_name":"Tomasz","middle_name":"Andrzej","last_name":"Fromage","date_of_birth":"9-03-93"},{"id":10053743,"first_name":null,"middle_name":null,"last_name":null,"date_of_birth":null},{"id":10053742,"first_name":null,"middle_name":null,"last_name":null,"date_of_birth":null},{"id":10053741,"first_name":"Tomasz","middle_name":"Andrzej","last_name":"Fromage","date_of_birth":"9-03-93"},{"id":10053740,"first_name":"sample string 2","middle_name":"sample string 3","last_name":"sample string 4","date_of_birth":"sample string 5"},{"id":10053739,"first_name":null,"middle_name":null,"last_name":null,"date_of_birth":null},{"id":10053738,"first_name":"Muthu","middle_name":"V","last_name":"Sriv","date_of_birth":"11-09-2009"},{"id":10053737,"first_name":"Ram","middle_name":"Q","last_name":"Soundarya","date_of_birth":"10-08-2008"},{"id":10053736,"first_name":"Leema","middle_name":"W","last_name":"Sebas","date_of_birth":"09-07-2007"},{"id":10053735,"first_name":"Febisha","middle_name":"R","last_name":"Jacob","date_of_birth":"08-06-2006"},{"id":10053734,"first_name":"Shivani","middle_name":"T","last_name":"Cals","date_of_birth":"07-05-2005"},{"id":10053733,"first_name":"Keerthi","middle_name":"Y","last_name":"Varshani","date_of_birth":"06-04-2004"},{"id":10053732,"first_name":"Shravani","middle_name":"U","last_name":"Jack","date_of_birth":"05-03-2003"},{"id":10053731,"first_name":"Gokila","middle_name":"I","last_name":"Sriram","date_of_birth":"04-02-2002"},{"id":10053730,"first_name":"Iswarya","middle_name":"S","last_name":"Muthu","date_of_birth":"03-01-2001"},{"id":10053729,"first_name":"Kavitha","middle_name":"O","last_name":"Lavanya","date_of_birth":"02-11-2000"},{"id":10053727,"first_name":"Aparna","middle_name":"Mahesh","last_name":"Shinde","date_of_birth":"6/14/98"},{"id":10053726,"first_name":"Anna","middle_name":"William","last_name":"Jen","date_of_birth":"7/12/92"},{"id":10053725,"first_name":"Mona","middle_name":"M","last_name":"Bing","date_of_birth":"19/08/1969"},{"id":10053724,"first_name":"Shrey","middle_name":"Govind","last_name":"CBL","date_of_birth":"19/06/1968"},{"id":10053723,"first_name":"Shrey","middle_name":"Govind","last_name":"CBL","date_of_birth":"19/06/1968"},{"id":10053722,"first_name":"Aparna","middle_name":"Mahesh","last_name":"Shinde","date_of_birth":"6/14/98"},{"id":10053721,"first_name":"Anna","middle_name":"William","last_name":"Jen","date_of_birth":"7/12/92"},{"id":10053720,"first_name":"Mona","middle_name":"M","last_name":"Bing","date_of_birth":"19/08/1969"},{"id":10053719,"first_name":"Shrey","middle_name":"Govind","last_name":"CBL","date_of_birth":"19/06/1968"},{"id":10053718,"first_name":"Shrey","middle_name":"Govind","last_name":"CBL","date_of_birth":"19/06/1968"},{"id":10053717,"first_name":"Aparna","middle_name":"Mahesh","last_name":"Shinde","date_of_birth":"6/14/98"},{"id":10053716,"first_name":"Anna","middle_name":"William","last_name":"Jen","date_of_birth":"7/12/92"},{"id":10053715,"first_name":"Mona","middle_name":"M","last_name":"Bing","date_of_birth":"19/08/1969"},{"id":10053714,"first_name":"FName2","middle_name":"D","last_name":"Bing397,696","date_of_birth":"16/8/1984"},{"id":10053713,"first_name":"Shrey","middle_name":"Govind","last_name":"CBL","date_of_birth":"19/06/1968"},{"id":10053712,"first_name":"Shrey","middle_name":"Govind","last_name":"CBL","date_of_birth":"19/06/1968"},{"id":10053711,"first_name":"Aparna","middle_name":"Mahesh","last_name":"Shinde","date_of_birth":"6/14/98"},{"id":10053710,"first_name":"Anna","middle_name":"William","last_name":"Jen","date_of_birth":"7/12/92"},{"id":10053709,"first_name":"Chandler","middle_name":"Virendra","last_name":"Deshmukh","date_of_birth":"11/08/1992"},{"id":10053708,"first_name":"Komal","middle_name":"M","last_name":"Deshmukh","date_of_birth":"20/9/1973"},{"id":10053707,"first_name":"Chandler","middle_name":"Muriel","last_name":"Bing","date_of_birth":"19/08/1969"},{"id":10053706,"first_name":"Chandler","middle_name":"M","last_name":"Bing","date_of_birth":"19/08/1969"},{"id":10053705,"first_name":"Aparna","middle_name":"Mahesh","last_name":"Shinde","date_of_birth":"6/14/98"},{"id":10053704,"first_name":"Anna","middle_name":"William","last_name":"Jen","date_of_birth":"7/12/92"},{"id":10053703,"first_name":"FName5","middle_name":"L","last_name":"Bing452,612","date_of_birth":"5/2/1992"},{"id":10053702,"first_name":"Shrey","middle_name":"","last_name":"CBL","date_of_birth":"19/06/1968"},{"id":10053701,"first_name":"Ben","middle_name":"Ross","last_name":"Geller","date_of_birth":"17/08/1999"},{"id":10053700,"first_name":"Aparna","middle_name":"Mahesh","last_name":"Shinde","date_of_birth":"6/14/98"},{"id":10053699,"first_name":"Anna","middle_name":"William","last_name":"Jen","date_of_birth":"7/12/92"},{"id":10053698,"first_name":"Mona","middle_name":"M","last_name":"Bing","date_of_birth":"19/08/1969"},{"id":10053697,"first_name":"FName2","middle_name":"D","last_name":"Bing562,178","date_of_birth":"15/11/1998"},{"id":10053696,"first_name":"Shrey","middle_name":"Govind","last_name":"CBL","date_of_birth":"19/06/1968"}]' does not contain 'Ajay'</msg>
<status status="FAIL" starttime="20240110 18:28:00.561" endtime="20240110 18:28:00.564"/>
</kw>
<kw name="To Json" library="RequestsLibrary">
<var>${res1}</var>
<arg>${res.content}</arg>
<doc>*DEPRECATED* Please use ${resp.json()} instead. Have a look at the improved HTML output as pretty printing replacement.</doc>
<msg timestamp="20240110 18:28:00.565" level="WARN">Keyword 'RequestsLibrary.To Json' is deprecated. Please use ${resp.json()} instead. Have a look at the improved HTML output as pretty printing replacement.</msg>
<status status="NOT RUN" starttime="20240110 18:28:00.565" endtime="20240110 18:28:00.567"/>
</kw>
<kw name="Set Variable" library="BuiltIn">
<var>${id}</var>
<arg>${res1['id']}</arg>
<doc>Returns the given values which can then be assigned to a variables.</doc>
<status status="NOT RUN" starttime="20240110 18:28:00.568" endtime="20240110 18:28:00.568"/>
</kw>
<kw name="Set Global Variable" library="BuiltIn">
<arg>${Post_id123}</arg>
<arg>${id}</arg>
<doc>Makes a variable available globally in all tests and suites.</doc>
<status status="NOT RUN" starttime="20240110 18:28:00.568" endtime="20240110 18:28:00.568"/>
</kw>
<kw name="Convert To String" library="BuiltIn">
<var>${status}</var>
<arg>${res.status_code}</arg>
<doc>Converts the given item to a Unicode string.</doc>
<status status="NOT RUN" starttime="20240110 18:28:00.569" endtime="20240110 18:28:00.569"/>
</kw>
<kw name="Should Be Equal" library="BuiltIn">
<arg>${status}</arg>
<arg>201</arg>
<doc>Fails if the given objects are unequal.</doc>
<status status="NOT RUN" starttime="20240110 18:28:00.570" endtime="20240110 18:28:00.570"/>
</kw>
<status status="FAIL" starttime="20240110 18:27:59.919" endtime="20240110 18:28:00.571">'[{"id":10053823,"first_name":"Magda","middle_name":"Zofia","last_name":"Konopka","date_of_birth":"02/02/2022"},{"id":10053822,"first_name":"Rajesh","middle_name":"Manohar","last_name":"Patil","date_of_birth":"15/11/1998"},{"id":10053821,"first_name":"Magda","middle_name":"Zofia","last_name":"Konopka","date_of_birth":"02/02/2022"},{"id":10053820,"first_name":"Magda","middle_name":"Zofia","last_name":"Konopka","date_of_birth":"02/02/2022"},{"id":10053819,"first_name":"Ramesh","middle_name":"Manishbhai","last_name":"Patel","date_of_birth":"07/08/1998"},{"id":10053818,"first_name":"Ramesh","middle_name":"Manishbhai","last_name":"Patel","date_of_birth":"07/08/1998"},{"id":10053817,"first_name":"Ramesh","middle_name":"Manishbhai","last_name":"Patel","date_of_birth":"07/08/1998"},{"id":10053816,"first_name":"Tomasz","middle_name":"Jonasz","last_name":"Fromage","date_of_birth":"11-12-92"},{"id":10053815,"first_name":"Ramesh","middle_name":"Manishbhai","last_name":"Patel","date_of_birth":"07/08/1998"},{"id":10053814,"first_name":"Tomasz","middle_name":"Jonasz","last_name":"Fromage","date_of_birth":"11-12-92"},{"id":10053813,"first_name":"Tomasz","middle_name":"Jonasz","last_name":"Fromage","date_of_birth":"11-12-92"},{"id":10053812,"first_name":"Tomasz","middle_name":"Jonasz","last_name":"Fromage","date_of_birth":"11-12-92"},{"id":10053811,"first_name":"Aparna","middle_name":"Mahesh","last_name":"Shinde","date_of_birth":"6/14/98"},{"id":10053810,"first_name":"Anna","middle_name":"William","last_name":"Jen","date_of_birth":"7/12/92"},{"id":...
    [ Message content over the limit has been removed. ]
...Jen","date_of_birth":"7/12/92"},{"id":10053709,"first_name":"Chandler","middle_name":"Virendra","last_name":"Deshmukh","date_of_birth":"11/08/1992"},{"id":10053708,"first_name":"Komal","middle_name":"M","last_name":"Deshmukh","date_of_birth":"20/9/1973"},{"id":10053707,"first_name":"Chandler","middle_name":"Muriel","last_name":"Bing","date_of_birth":"19/08/1969"},{"id":10053706,"first_name":"Chandler","middle_name":"M","last_name":"Bing","date_of_birth":"19/08/1969"},{"id":10053705,"first_name":"Aparna","middle_name":"Mahesh","last_name":"Shinde","date_of_birth":"6/14/98"},{"id":10053704,"first_name":"Anna","middle_name":"William","last_name":"Jen","date_of_birth":"7/12/92"},{"id":10053703,"first_name":"FName5","middle_name":"L","last_name":"Bing452,612","date_of_birth":"5/2/1992"},{"id":10053702,"first_name":"Shrey","middle_name":"","last_name":"CBL","date_of_birth":"19/06/1968"},{"id":10053701,"first_name":"Ben","middle_name":"Ross","last_name":"Geller","date_of_birth":"17/08/1999"},{"id":10053700,"first_name":"Aparna","middle_name":"Mahesh","last_name":"Shinde","date_of_birth":"6/14/98"},{"id":10053699,"first_name":"Anna","middle_name":"William","last_name":"Jen","date_of_birth":"7/12/92"},{"id":10053698,"first_name":"Mona","middle_name":"M","last_name":"Bing","date_of_birth":"19/08/1969"},{"id":10053697,"first_name":"FName2","middle_name":"D","last_name":"Bing562,178","date_of_birth":"15/11/1998"},{"id":10053696,"first_name":"Shrey","middle_name":"Govind","last_name":"CBL","date_of_birth":"19/06/1968"}]' does not contain 'Ajay'</status>
</test>
<test id="s1-t4" name="TC_005 Put Request Student Data Update" line="63">
<kw name="Create Session" library="RequestsLibrary">
<arg>TC_003</arg>
<arg>${tc1_url}</arg>
<doc>Create Session: create a HTTP session to a server</doc>
<msg timestamp="20240110 18:28:00.571" level="INFO">Creating Session using : alias=TC_003, url=http://thetestingworldapi.com, headers={},                     cookies={}, auth=None, timeout=None, proxies=None, verify=False,                     debug=0 </msg>
<status status="PASS" starttime="20240110 18:28:00.571" endtime="20240110 18:28:00.571"/>
</kw>
<kw name="Create Dictionary" library="BuiltIn">
<var>${header}</var>
<arg>Content-Type=application/json</arg>
<doc>Creates and returns a dictionary based on the given ``items``.</doc>
<msg timestamp="20240110 18:28:00.571" level="INFO">${header} = {'Content-Type': 'application/json'}</msg>
<status status="PASS" starttime="20240110 18:28:00.571" endtime="20240110 18:28:00.571"/>
</kw>
<kw name="Create Dictionary" library="BuiltIn">
<var>${body}</var>
<arg>first_name=Vijay</arg>
<arg>middle_name=Savata</arg>
<arg>last_name=Raut</arg>
<arg>date_of_birth=23-05-98</arg>
<doc>Creates and returns a dictionary based on the given ``items``.</doc>
<msg timestamp="20240110 18:28:00.571" level="INFO">${body} = {'first_name': 'Vijay', 'middle_name': 'Savata', 'last_name': 'Raut', 'date_of_birth': '23-05-98'}</msg>
<status status="PASS" starttime="20240110 18:28:00.571" endtime="20240110 18:28:00.571"/>
</kw>
<kw name="POST On Session" library="RequestsLibrary">
<var>${res}</var>
<arg>TC_003</arg>
<arg>api/studentsDetails/${Post_id123}</arg>
<arg>data=${body}</arg>
<arg>headers=${header}</arg>
<doc>Sends a POST request on a previously created HTTP Session.</doc>
<msg timestamp="20240110 18:28:00.571" level="FAIL">Variable '${Post_id123}' not found.</msg>
<status status="FAIL" starttime="20240110 18:28:00.571" endtime="20240110 18:28:00.571"/>
</kw>
<kw name="Log To Console" library="BuiltIn">
<arg>${res}</arg>
<doc>Logs the given message to the console.</doc>
<status status="NOT RUN" starttime="20240110 18:28:00.571" endtime="20240110 18:28:00.571"/>
</kw>
<kw name="Log" library="BuiltIn">
<arg>${res}</arg>
<doc>Logs the given message with the given level.</doc>
<status status="NOT RUN" starttime="20240110 18:28:00.571" endtime="20240110 18:28:00.571"/>
</kw>
<kw name="Log" library="BuiltIn">
<arg>${res.status_code}</arg>
<doc>Logs the given message with the given level.</doc>
<status status="NOT RUN" starttime="20240110 18:28:00.571" endtime="20240110 18:28:00.571"/>
</kw>
<kw name="Log" library="BuiltIn">
<arg>${res.content}</arg>
<doc>Logs the given message with the given level.</doc>
<status status="NOT RUN" starttime="20240110 18:28:00.571" endtime="20240110 18:28:00.571"/>
</kw>
<kw name="Log" library="BuiltIn">
<arg>${res.headers}</arg>
<doc>Logs the given message with the given level.</doc>
<status status="NOT RUN" starttime="20240110 18:28:00.585" endtime="20240110 18:28:00.585"/>
</kw>
<kw name="Convert To String" library="BuiltIn">
<var>${res1}</var>
<arg>${res.content}</arg>
<doc>Converts the given item to a Unicode string.</doc>
<status status="NOT RUN" starttime="20240110 18:28:00.585" endtime="20240110 18:28:00.585"/>
</kw>
<kw name="Should Contain" library="BuiltIn">
<arg>${res1}</arg>
<arg>Vijay</arg>
<doc>Fails if ``container`` does not contain ``item`` one or more times.</doc>
<status status="NOT RUN" starttime="20240110 18:28:00.586" endtime="20240110 18:28:00.586"/>
</kw>
<kw name="Convert To String" library="BuiltIn">
<var>${status}</var>
<arg>${res.status_code}</arg>
<doc>Converts the given item to a Unicode string.</doc>
<status status="NOT RUN" starttime="20240110 18:28:00.586" endtime="20240110 18:28:00.586"/>
</kw>
<kw name="Should Be Equal" library="BuiltIn">
<arg>${status}</arg>
<arg>201</arg>
<doc>Fails if the given objects are unequal.</doc>
<status status="NOT RUN" starttime="20240110 18:28:00.586" endtime="20240110 18:28:00.586"/>
</kw>
<status status="FAIL" starttime="20240110 18:28:00.571" endtime="20240110 18:28:00.586">Variable '${Post_id123}' not found.</status>
</test>
<test id="s1-t5" name="TC_006 Delete Request by Student id" line="81">
<kw name="Create Session" library="RequestsLibrary">
<arg>TC_006</arg>
<arg>${tc1_url}</arg>
<doc>Create Session: create a HTTP session to a server</doc>
<msg timestamp="20240110 18:28:00.592" level="INFO">Creating Session using : alias=TC_006, url=http://thetestingworldapi.com, headers={},                     cookies={}, auth=None, timeout=None, proxies=None, verify=False,                     debug=0 </msg>
<status status="PASS" starttime="20240110 18:28:00.592" endtime="20240110 18:28:00.592"/>
</kw>
<kw name="DELETE On Session" library="RequestsLibrary">
<var>${res}</var>
<arg>TC_006</arg>
<arg>api/studentsDetails/${Post_id123}</arg>
<doc>Sends a DELETE request on a previously created HTTP Session.</doc>
<msg timestamp="20240110 18:28:00.593" level="FAIL">Variable '${Post_id123}' not found.</msg>
<status status="FAIL" starttime="20240110 18:28:00.592" endtime="20240110 18:28:00.593"/>
</kw>
<kw name="Log" library="BuiltIn">
<arg>${res.status_code}</arg>
<doc>Logs the given message with the given level.</doc>
<status status="NOT RUN" starttime="20240110 18:28:00.593" endtime="20240110 18:28:00.593"/>
</kw>
<kw name="Log" library="BuiltIn">
<arg>${res.content}</arg>
<doc>Logs the given message with the given level.</doc>
<status status="NOT RUN" starttime="20240110 18:28:00.594" endtime="20240110 18:28:00.594"/>
</kw>
<kw name="Convert To String" library="BuiltIn">
<var>${data}</var>
<arg>${res.content}</arg>
<doc>Converts the given item to a Unicode string.</doc>
<status status="NOT RUN" starttime="20240110 18:28:00.594" endtime="20240110 18:28:00.594"/>
</kw>
<kw name="Should Contain" library="BuiltIn">
<arg>${data}</arg>
<arg>Delete</arg>
<arg>data success</arg>
<doc>Fails if ``container`` does not contain ``item`` one or more times.</doc>
<status status="NOT RUN" starttime="20240110 18:28:00.594" endtime="20240110 18:28:00.594"/>
</kw>
<status status="FAIL" starttime="20240110 18:28:00.591" endtime="20240110 18:28:00.595">Variable '${Post_id123}' not found.</status>
</test>
<status status="FAIL" starttime="20240110 18:27:58.669" endtime="20240110 18:28:00.596"/>
</suite>
<statistics>
<total>
<stat pass="1" fail="4" skip="0">All Tests</stat>
</total>
<tag>
</tag>
<suite>
<stat pass="1" fail="4" skip="0" id="s1" name="API TC1">API TC1</stat>
</suite>
</statistics>
<errors>
<msg timestamp="20240110 18:27:58.930" level="ERROR">Error in file 'D:\Personal_Project_Space\Robot_Framework\API_Testing\Requests\BR_Folder\API_TC1.robot' on line 8: Importing library 'JSONLibrary' failed: ModuleNotFoundError: No module named 'JSONLibrary'
Traceback (most recent call last):
  None
PYTHONPATH:
  C:\Users\ajayr\AppData\Local\Programs\Python\Python312\Scripts\robot.exe
  C:\Users\ajayr\AppData\Local\Programs\Python\Python312\python312.zip
  C:\Users\ajayr\AppData\Local\Programs\Python\Python312\DLLs
  C:\Users\ajayr\AppData\Local\Programs\Python\Python312\Lib
  C:\Users\ajayr\AppData\Local\Programs\Python\Python312
  C:\Users\ajayr\AppData\Local\Programs\Python\Python312\Lib\site-packages</msg>
<msg timestamp="20240110 18:27:58.930" level="ERROR">Error in file 'D:\Personal_Project_Space\Robot_Framework\API_Testing\Requests\BR_Folder\API_TC1.robot' on line 9: Resource file '..\..\API_Keywords\TC_01_Keywords.robot' does not exist.</msg>
<msg timestamp="20240110 18:28:00.565" level="WARN">Keyword 'RequestsLibrary.To Json' is deprecated. Please use ${resp.json()} instead. Have a look at the improved HTML output as pretty printing replacement.</msg>
</errors>
</robot>
